[debug] [2025-04-24T12:40:03.049Z] ----------------------------------------------------------------------
[debug] [2025-04-24T12:40:03.052Z] Command:       C:\Program Files\nodejs\node.exe C:\Users\rafae\AppData\Roaming\npm\node_modules\firebase-tools\lib\bin\firebase.js deploy --only functions:onHotmartWebhook
[debug] [2025-04-24T12:40:03.052Z] CLI Version:   14.2.1
[debug] [2025-04-24T12:40:03.052Z] Platform:      win32
[debug] [2025-04-24T12:40:03.053Z] Node Version:  v20.19.1
[debug] [2025-04-24T12:40:03.053Z] Time:          Thu Apr 24 2025 09:40:03 GMT-0300 (Horário Padrão de Brasília)
[debug] [2025-04-24T12:40:03.053Z] ----------------------------------------------------------------------
[debug] 
[debug] [2025-04-24T12:40:03.283Z] > command requires scopes: ["email","openid","https://www.googleapis.com/auth/cloudplatformprojects.readonly","https://www.googleapis.com/auth/firebase","https://www.googleapis.com/auth/cloud-platform"]
[debug] [2025-04-24T12:40:03.283Z] > authorizing via signed-in user (bastosrafael33@gmail.com)
[debug] [2025-04-24T12:40:03.283Z] [iam] checking project petzia-f86b4 for permissions ["cloudfunctions.functions.create","cloudfunctions.functions.delete","cloudfunctions.functions.get","cloudfunctions.functions.list","cloudfunctions.functions.update","cloudfunctions.operations.get","firebase.projects.get"]
[debug] [2025-04-24T12:40:03.284Z] Checked if tokens are valid: false, expires at: 1745499058679
[debug] [2025-04-24T12:40:03.285Z] Checked if tokens are valid: false, expires at: 1745499058679
[debug] [2025-04-24T12:40:03.285Z] > refreshing access token with scopes: []
[debug] [2025-04-24T12:40:03.286Z] >>> [apiv2][query] POST https://www.googleapis.com/oauth2/v3/token [none]
[debug] [2025-04-24T12:40:03.287Z] >>> [apiv2][body] POST https://www.googleapis.com/oauth2/v3/token [omitted]
[debug] [2025-04-24T12:40:03.487Z] <<< [apiv2][status] POST https://www.googleapis.com/oauth2/v3/token 200
[debug] [2025-04-24T12:40:03.487Z] <<< [apiv2][body] POST https://www.googleapis.com/oauth2/v3/token [omitted]
[debug] [2025-04-24T12:40:03.492Z] >>> [apiv2][query] POST https://cloudresourcemanager.googleapis.com/v1/projects/petzia-f86b4:testIamPermissions [none]
[debug] [2025-04-24T12:40:03.492Z] >>> [apiv2][(partial)header] POST https://cloudresourcemanager.googleapis.com/v1/projects/petzia-f86b4:testIamPermissions x-goog-quota-user=projects/petzia-f86b4
[debug] [2025-04-24T12:40:03.492Z] >>> [apiv2][body] POST https://cloudresourcemanager.googleapis.com/v1/projects/petzia-f86b4:testIamPermissions {"permissions":["cloudfunctions.functions.create","cloudfunctions.functions.delete","cloudfunctions.functions.get","cloudfunctions.functions.list","cloudfunctions.functions.update","cloudfunctions.operations.get","firebase.projects.get"]}
[debug] [2025-04-24T12:40:04.423Z] <<< [apiv2][status] POST https://cloudresourcemanager.googleapis.com/v1/projects/petzia-f86b4:testIamPermissions 200
[debug] [2025-04-24T12:40:04.424Z] <<< [apiv2][body] POST https://cloudresourcemanager.googleapis.com/v1/projects/petzia-f86b4:testIamPermissions {"permissions":["cloudfunctions.functions.create","cloudfunctions.functions.delete","cloudfunctions.functions.get","cloudfunctions.functions.list","cloudfunctions.functions.update","cloudfunctions.operations.get","firebase.projects.get"]}
[debug] [2025-04-24T12:40:04.424Z] Checked if tokens are valid: true, expires at: 1745502002487
[debug] [2025-04-24T12:40:04.424Z] Checked if tokens are valid: true, expires at: 1745502002487
[debug] [2025-04-24T12:40:04.424Z] >>> [apiv2][query] POST https://iam.googleapis.com/v1/projects/petzia-f86b4/serviceAccounts/petzia-f86b4@appspot.gserviceaccount.com:testIamPermissions [none]
[debug] [2025-04-24T12:40:04.424Z] >>> [apiv2][body] POST https://iam.googleapis.com/v1/projects/petzia-f86b4/serviceAccounts/petzia-f86b4@appspot.gserviceaccount.com:testIamPermissions {"permissions":["iam.serviceAccounts.actAs"]}
[debug] [2025-04-24T12:40:05.364Z] <<< [apiv2][status] POST https://iam.googleapis.com/v1/projects/petzia-f86b4/serviceAccounts/petzia-f86b4@appspot.gserviceaccount.com:testIamPermissions 200
[debug] [2025-04-24T12:40:05.364Z] <<< [apiv2][body] POST https://iam.googleapis.com/v1/projects/petzia-f86b4/serviceAccounts/petzia-f86b4@appspot.gserviceaccount.com:testIamPermissions {"permissions":["iam.serviceAccounts.actAs"]}
[info] 
[info] === Deploying to 'petzia-f86b4'...
[info] 
[info] i  deploying functions 
[debug] [2025-04-24T12:40:05.367Z] Checked if tokens are valid: true, expires at: 1745502002487
[debug] [2025-04-24T12:40:05.367Z] Checked if tokens are valid: true, expires at: 1745502002487
[debug] [2025-04-24T12:40:05.367Z] >>> [apiv2][query] GET https://cloudresourcemanager.googleapis.com/v1/projects/petzia-f86b4 [none]
[debug] [2025-04-24T12:40:05.581Z] <<< [apiv2][status] GET https://cloudresourcemanager.googleapis.com/v1/projects/petzia-f86b4 200
[debug] [2025-04-24T12:40:05.582Z] <<< [apiv2][body] GET https://cloudresourcemanager.googleapis.com/v1/projects/petzia-f86b4 {"projectNumber":"375896389326","projectId":"petzia-f86b4","lifecycleState":"ACTIVE","name":"Petzia","labels":{"firebase":"enabled","firebase-core":"disabled"},"createTime":"2025-02-23T14:18:43.690648Z"}
[info] i  functions: preparing codebase default for deployment 
[info] i  functions: ensuring required API cloudfunctions.googleapis.com is enabled... 
[debug] [2025-04-24T12:40:05.590Z] Checked if tokens are valid: true, expires at: 1745502002487
[debug] [2025-04-24T12:40:05.590Z] Checked if tokens are valid: true, expires at: 1745502002487
[debug] [2025-04-24T12:40:05.591Z] Checked if tokens are valid: true, expires at: 1745502002487
[debug] [2025-04-24T12:40:05.591Z] Checked if tokens are valid: true, expires at: 1745502002487
[info] i  functions: ensuring required API cloudbuild.googleapis.com is enabled... 
[debug] [2025-04-24T12:40:05.593Z] Checked if tokens are valid: true, expires at: 1745502002487
[debug] [2025-04-24T12:40:05.593Z] Checked if tokens are valid: true, expires at: 1745502002487
[info] i  artifactregistry: ensuring required API artifactregistry.googleapis.com is enabled... 
[debug] [2025-04-24T12:40:05.594Z] Checked if tokens are valid: true, expires at: 1745502002487
[debug] [2025-04-24T12:40:05.594Z] Checked if tokens are valid: true, expires at: 1745502002487
[debug] [2025-04-24T12:40:05.595Z] >>> [apiv2][query] GET https://serviceusage.googleapis.com/v1/projects/petzia-f86b4/services/cloudfunctions.googleapis.com [none]
[debug] [2025-04-24T12:40:05.595Z] >>> [apiv2][(partial)header] GET https://serviceusage.googleapis.com/v1/projects/petzia-f86b4/services/cloudfunctions.googleapis.com x-goog-quota-user=projects/petzia-f86b4
[debug] [2025-04-24T12:40:05.598Z] >>> [apiv2][query] GET https://serviceusage.googleapis.com/v1/projects/petzia-f86b4/services/runtimeconfig.googleapis.com [none]
[debug] [2025-04-24T12:40:05.598Z] >>> [apiv2][(partial)header] GET https://serviceusage.googleapis.com/v1/projects/petzia-f86b4/services/runtimeconfig.googleapis.com x-goog-quota-user=projects/petzia-f86b4
[debug] [2025-04-24T12:40:05.600Z] >>> [apiv2][query] GET https://serviceusage.googleapis.com/v1/projects/petzia-f86b4/services/cloudbuild.googleapis.com [none]
[debug] [2025-04-24T12:40:05.601Z] >>> [apiv2][(partial)header] GET https://serviceusage.googleapis.com/v1/projects/petzia-f86b4/services/cloudbuild.googleapis.com x-goog-quota-user=projects/petzia-f86b4
[debug] [2025-04-24T12:40:05.602Z] >>> [apiv2][query] GET https://serviceusage.googleapis.com/v1/projects/petzia-f86b4/services/artifactregistry.googleapis.com [none]
[debug] [2025-04-24T12:40:05.602Z] >>> [apiv2][(partial)header] GET https://serviceusage.googleapis.com/v1/projects/petzia-f86b4/services/artifactregistry.googleapis.com x-goog-quota-user=projects/petzia-f86b4
[debug] [2025-04-24T12:40:06.716Z] <<< [apiv2][status] GET https://serviceusage.googleapis.com/v1/projects/petzia-f86b4/services/cloudbuild.googleapis.com 200
[debug] [2025-04-24T12:40:06.716Z] <<< [apiv2][body] GET https://serviceusage.googleapis.com/v1/projects/petzia-f86b4/services/cloudbuild.googleapis.com [omitted]
[info] +  functions: required API cloudbuild.googleapis.com is enabled 
[debug] [2025-04-24T12:40:06.718Z] <<< [apiv2][status] GET https://serviceusage.googleapis.com/v1/projects/petzia-f86b4/services/runtimeconfig.googleapis.com 200
[debug] [2025-04-24T12:40:06.719Z] <<< [apiv2][body] GET https://serviceusage.googleapis.com/v1/projects/petzia-f86b4/services/runtimeconfig.googleapis.com [omitted]
[debug] [2025-04-24T12:40:06.721Z] <<< [apiv2][status] GET https://serviceusage.googleapis.com/v1/projects/petzia-f86b4/services/artifactregistry.googleapis.com 200
[debug] [2025-04-24T12:40:06.721Z] <<< [apiv2][body] GET https://serviceusage.googleapis.com/v1/projects/petzia-f86b4/services/artifactregistry.googleapis.com [omitted]
[info] +  artifactregistry: required API artifactregistry.googleapis.com is enabled 
[debug] [2025-04-24T12:40:06.749Z] <<< [apiv2][status] GET https://serviceusage.googleapis.com/v1/projects/petzia-f86b4/services/cloudfunctions.googleapis.com 200
[debug] [2025-04-24T12:40:06.749Z] <<< [apiv2][body] GET https://serviceusage.googleapis.com/v1/projects/petzia-f86b4/services/cloudfunctions.googleapis.com [omitted]
[info] +  functions: required API cloudfunctions.googleapis.com is enabled 
[debug] [2025-04-24T12:40:06.750Z] Checked if tokens are valid: true, expires at: 1745502002487
[debug] [2025-04-24T12:40:06.750Z] Checked if tokens are valid: true, expires at: 1745502002487
[debug] [2025-04-24T12:40:06.750Z] >>> [apiv2][query] GET https://firebase.googleapis.com/v1beta1/projects/petzia-f86b4/adminSdkConfig [none]
[debug] [2025-04-24T12:40:07.216Z] <<< [apiv2][status] GET https://firebase.googleapis.com/v1beta1/projects/petzia-f86b4/adminSdkConfig 200
[debug] [2025-04-24T12:40:07.216Z] <<< [apiv2][body] GET https://firebase.googleapis.com/v1beta1/projects/petzia-f86b4/adminSdkConfig {"projectId":"petzia-f86b4","storageBucket":"petzia-f86b4.firebasestorage.app"}
[debug] [2025-04-24T12:40:07.217Z] Checked if tokens are valid: true, expires at: 1745502002487
[debug] [2025-04-24T12:40:07.217Z] Checked if tokens are valid: true, expires at: 1745502002487
[debug] [2025-04-24T12:40:07.217Z] >>> [apiv2][query] GET https://runtimeconfig.googleapis.com/v1beta1/projects/petzia-f86b4/configs [none]
[debug] [2025-04-24T12:40:07.671Z] <<< [apiv2][status] GET https://runtimeconfig.googleapis.com/v1beta1/projects/petzia-f86b4/configs 200
[debug] [2025-04-24T12:40:07.671Z] <<< [apiv2][body] GET https://runtimeconfig.googleapis.com/v1beta1/projects/petzia-f86b4/configs {"configs":[{"name":"projects/petzia-f86b4/configs/project"}]}
[debug] [2025-04-24T12:40:07.671Z] Checked if tokens are valid: true, expires at: 1745502002487
[debug] [2025-04-24T12:40:07.671Z] Checked if tokens are valid: true, expires at: 1745502002487
[debug] [2025-04-24T12:40:07.672Z] >>> [apiv2][query] GET https://runtimeconfig.googleapis.com/v1beta1/projects/petzia-f86b4/configs/project/variables [none]
[debug] [2025-04-24T12:40:08.634Z] <<< [apiv2][status] GET https://runtimeconfig.googleapis.com/v1beta1/projects/petzia-f86b4/configs/project/variables 200
[debug] [2025-04-24T12:40:08.634Z] <<< [apiv2][body] GET https://runtimeconfig.googleapis.com/v1beta1/projects/petzia-f86b4/configs/project/variables {"variables":[{"name":"projects/petzia-f86b4/configs/project/variables/api_key","updateTime":"2025-03-21T14:33:16.109036915Z"}]}
[debug] [2025-04-24T12:40:08.634Z] Checked if tokens are valid: true, expires at: 1745502002487
[debug] [2025-04-24T12:40:08.634Z] Checked if tokens are valid: true, expires at: 1745502002487
[debug] [2025-04-24T12:40:08.634Z] >>> [apiv2][query] GET https://runtimeconfig.googleapis.com/v1beta1/projects/petzia-f86b4/configs/project/variables/api_key [none]
[debug] [2025-04-24T12:40:09.564Z] <<< [apiv2][status] GET https://runtimeconfig.googleapis.com/v1beta1/projects/petzia-f86b4/configs/project/variables/api_key 200
[debug] [2025-04-24T12:40:09.564Z] <<< [apiv2][body] GET https://runtimeconfig.googleapis.com/v1beta1/projects/petzia-f86b4/configs/project/variables/api_key {"name":"projects/petzia-f86b4/configs/project/variables/api_key","updateTime":"2025-03-21T14:33:16.109036915Z","text":"AIzaSyBnLH-WPXrw6LbXTo6FhHogwjFApEOXIos"}
[debug] [2025-04-24T12:40:09.567Z] Validating nodejs source
[debug] [2025-04-24T12:40:10.694Z] > [functions] package.json contents: {
  "name": "functions",
  "description": "Cloud Functions for Firebase",
  "scripts": {
    "serve": "firebase emulators:start --only functions",
    "shell": "firebase functions:shell",
    "start": "npm run shell",
    "deploy": "firebase deploy --only functions",
    "logs": "firebase functions:log"
  },
  "engines": {
    "node": "20"
  },
  "main": "index.js",
  "dependencies": {
    "axios": "^1.5.0",
    "express": "^4.18.2",
    "firebase-admin": "^13.1.0",
    "firebase-functions": "^6.3.2",
    "nodemailer": "^6.9.7"
  },
  "devDependencies": {
    "firebase-functions-test": "^3.1.0"
  },
  "private": true
}
[debug] [2025-04-24T12:40:10.694Z] Building nodejs source
[info] i  functions: Loading and analyzing source code for codebase default to determine what to deploy 
[debug] [2025-04-24T12:40:10.696Z] Could not find functions.yaml. Must use http discovery
[debug] [2025-04-24T12:40:10.708Z] Found firebase-functions binary at 'C:\Users\rafae\OneDrive\Área de Trabalho\Petziapp\functions\node_modules\.bin\firebase-functions'
[info] Serving at port 8418

[debug] [2025-04-24T12:40:11.669Z] Got response from /__/functions.yaml {"endpoints":{"onHotmartWebhook":{"availableMemoryMb":1024,"timeoutSeconds":120,"minInstances":null,"maxInstances":null,"ingressSettings":null,"concurrency":null,"serviceAccountEmail":null,"vpc":null,"platform":"gcfv2","labels":{},"httpsTrigger":{},"entryPoint":"onHotmartWebhook"}},"specVersion":"v1alpha1","requiredAPIs":[],"extensions":{}}
[info] i  extensions: ensuring required API firebaseextensions.googleapis.com is enabled... 
[debug] [2025-04-24T12:40:15.712Z] Checked if tokens are valid: true, expires at: 1745502002487
[debug] [2025-04-24T12:40:15.712Z] Checked if tokens are valid: true, expires at: 1745502002487
[debug] [2025-04-24T12:40:15.713Z] >>> [apiv2][query] GET https://serviceusage.googleapis.com/v1/projects/petzia-f86b4/services/firebaseextensions.googleapis.com [none]
[debug] [2025-04-24T12:40:15.713Z] >>> [apiv2][(partial)header] GET https://serviceusage.googleapis.com/v1/projects/petzia-f86b4/services/firebaseextensions.googleapis.com x-goog-quota-user=projects/petzia-f86b4
[debug] [2025-04-24T12:40:16.751Z] <<< [apiv2][status] GET https://serviceusage.googleapis.com/v1/projects/petzia-f86b4/services/firebaseextensions.googleapis.com 200
[debug] [2025-04-24T12:40:16.752Z] <<< [apiv2][body] GET https://serviceusage.googleapis.com/v1/projects/petzia-f86b4/services/firebaseextensions.googleapis.com [omitted]
[info] +  extensions: required API firebaseextensions.googleapis.com is enabled 
[debug] [2025-04-24T12:40:16.752Z] > command requires scopes: ["email","openid","https://www.googleapis.com/auth/cloudplatformprojects.readonly","https://www.googleapis.com/auth/firebase","https://www.googleapis.com/auth/cloud-platform"]
[debug] [2025-04-24T12:40:16.752Z] > authorizing via signed-in user (bastosrafael33@gmail.com)
[debug] [2025-04-24T12:40:16.752Z] [iam] checking project petzia-f86b4 for permissions ["firebase.projects.get","firebaseextensions.instances.list"]
[debug] [2025-04-24T12:40:16.752Z] Checked if tokens are valid: true, expires at: 1745502002487
[debug] [2025-04-24T12:40:16.752Z] Checked if tokens are valid: true, expires at: 1745502002487
[debug] [2025-04-24T12:40:16.752Z] >>> [apiv2][query] POST https://cloudresourcemanager.googleapis.com/v1/projects/petzia-f86b4:testIamPermissions [none]
[debug] [2025-04-24T12:40:16.752Z] >>> [apiv2][(partial)header] POST https://cloudresourcemanager.googleapis.com/v1/projects/petzia-f86b4:testIamPermissions x-goog-quota-user=projects/petzia-f86b4
[debug] [2025-04-24T12:40:16.752Z] >>> [apiv2][body] POST https://cloudresourcemanager.googleapis.com/v1/projects/petzia-f86b4:testIamPermissions {"permissions":["firebase.projects.get","firebaseextensions.instances.list"]}
[debug] [2025-04-24T12:40:17.567Z] <<< [apiv2][status] POST https://cloudresourcemanager.googleapis.com/v1/projects/petzia-f86b4:testIamPermissions 200
[debug] [2025-04-24T12:40:17.567Z] <<< [apiv2][body] POST https://cloudresourcemanager.googleapis.com/v1/projects/petzia-f86b4:testIamPermissions {"permissions":["firebase.projects.get","firebaseextensions.instances.list"]}
[debug] [2025-04-24T12:40:17.568Z] Checked if tokens are valid: true, expires at: 1745502002487
[debug] [2025-04-24T12:40:17.568Z] Checked if tokens are valid: true, expires at: 1745502002487
[debug] [2025-04-24T12:40:17.568Z] >>> [apiv2][query] GET https://firebaseextensions.googleapis.com/v1beta/projects/petzia-f86b4/instances pageSize=100&pageToken=
[debug] [2025-04-24T12:40:18.727Z] <<< [apiv2][status] GET https://firebaseextensions.googleapis.com/v1beta/projects/petzia-f86b4/instances 200
[debug] [2025-04-24T12:40:18.727Z] <<< [apiv2][body] GET https://firebaseextensions.googleapis.com/v1beta/projects/petzia-f86b4/instances {}
[info] i  functions: preparing functions directory for uploading... 
[info] i  functions: packaged C:\Users\rafae\OneDrive\Área de Trabalho\Petziapp\functions (44.34 KB) for uploading 
[debug] [2025-04-24T12:40:18.790Z] Checked if tokens are valid: true, expires at: 1745502002487
[debug] [2025-04-24T12:40:18.790Z] Checked if tokens are valid: true, expires at: 1745502002487
[debug] [2025-04-24T12:40:18.790Z] >>> [apiv2][query] GET https://cloudfunctions.googleapis.com/v1/projects/petzia-f86b4/locations/-/functions [none]
[debug] [2025-04-24T12:40:19.833Z] <<< [apiv2][status] GET https://cloudfunctions.googleapis.com/v1/projects/petzia-f86b4/locations/-/functions 200
[debug] [2025-04-24T12:40:19.834Z] <<< [apiv2][body] GET https://cloudfunctions.googleapis.com/v1/projects/petzia-f86b4/locations/-/functions {}
[debug] [2025-04-24T12:40:19.834Z] Checked if tokens are valid: true, expires at: 1745502002487
[debug] [2025-04-24T12:40:19.834Z] Checked if tokens are valid: true, expires at: 1745502002487
[debug] [2025-04-24T12:40:19.834Z] >>> [apiv2][query] GET https://cloudfunctions.googleapis.com/v2/projects/petzia-f86b4/locations/-/functions filter=environment%3D%22GEN_2%22
[debug] [2025-04-24T12:40:21.032Z] <<< [apiv2][status] GET https://cloudfunctions.googleapis.com/v2/projects/petzia-f86b4/locations/-/functions 200
[debug] [2025-04-24T12:40:21.033Z] <<< [apiv2][body] GET https://cloudfunctions.googleapis.com/v2/projects/petzia-f86b4/locations/-/functions {"functions":[{"name":"projects/petzia-f86b4/locations/us-central1/functions/onHotmartWebhook","buildConfig":{"build":"projects/375896389326/locations/us-central1/builds/682c6ce3-d98e-4495-9cbe-af41217c5258","runtime":"nodejs20","entryPoint":"onHotmartWebhook","source":{"storageSource":{"bucket":"gcf-v2-sources-375896389326-us-central1","object":"onHotmartWebhook/function-source.zip","generation":"1740335422853567"}},"environmentVariables":{"GOOGLE_NODE_RUN_SCRIPTS":""},"dockerRepository":"projects/petzia-f86b4/locations/us-central1/repositories/gcf-artifacts","serviceAccount":"projects/petzia-f86b4/serviceAccounts/375896389326-compute@developer.gserviceaccount.com","automaticUpdatePolicy":{}},"serviceConfig":{"service":"projects/petzia-f86b4/locations/us-central1/services/onhotmartwebhook","timeoutSeconds":60,"environmentVariables":{"FIREBASE_CONFIG":"{\"projectId\":\"petzia-f86b4\",\"storageBucket\":\"petzia-f86b4.firebasestorage.app\"}","GCLOUD_PROJECT":"petzia-f86b4","EVENTARC_CLOUD_EVENT_SOURCE":"projects/petzia-f86b4/locations/us-central1/services/onHotmartWebhook","FUNCTION_TARGET":"onHotmartWebhook","LOG_EXECUTION_ID":"true","FUNCTION_SIGNATURE_TYPE":"http"},"maxInstanceCount":100,"ingressSettings":"ALLOW_ALL","uri":"https://onhotmartwebhook-dl6etbjehq-uc.a.run.app","serviceAccountEmail":"375896389326-compute@developer.gserviceaccount.com","availableMemory":"256Mi","allTrafficOnLatestRevision":true,"revision":"onhotmartwebhook-00002-kev","maxInstanceRequestConcurrency":80,"availableCpu":"1"},"state":"ACTIVE","updateTime":"2025-04-24T11:52:22.142027615Z","labels":{"firebase-functions-hash":"1a7b82569942d2ca193d9ee7bda40f904add1cdb","deployment-tool":"cli-firebase"},"environment":"GEN_2","url":"https://us-central1-petzia-f86b4.cloudfunctions.net/onHotmartWebhook","createTime":"2025-02-23T17:51:30.019791820Z","satisfiesPzi":true},{"name":"projects/petzia-f86b4/locations/us-central1/functions/changePassword","buildConfig":{"build":"projects/375896389326/locations/us-central1/builds/682c6ce3-d98e-4495-9cbe-af41217c5258","runtime":"nodejs20","entryPoint":"changePassword","source":{"storageSource":{"bucket":"gcf-v2-sources-375896389326-us-central1","object":"changePassword/function-source.zip","generation":"1740335343226170"}},"environmentVariables":{"GOOGLE_NODE_RUN_SCRIPTS":""},"dockerRepository":"projects/petzia-f86b4/locations/us-central1/repositories/gcf-artifacts","sourceProvenance":{"resolvedStorageSource":{"bucket":"gcf-v2-sources-375896389326-us-central1","object":"changePassword/function-source.zip","generation":"1740335343226170"}},"dockerRegistry":"ARTIFACT_REGISTRY","serviceAccount":"projects/petzia-f86b4/serviceAccounts/375896389326-compute@developer.gserviceaccount.com","automaticUpdatePolicy":{}},"state":"FAILED","updateTime":"2025-02-23T18:30:32.718874045Z","labels":{"deployment-tool":"cli-firebase","firebase-functions-hash":"c4fc0f5118d510ecfa2e70396acb9a9989bf2f54"},"stateMessages":[{"severity":"ERROR","type":"CloudRunServiceNotFound","message":"Cloud Run service projects/petzia-f86b4/locations/us-central1/services/changepassword for the function was not found. The function will not work correctly. Please redeploy."}],"environment":"GEN_2","url":"https://us-central1-petzia-f86b4.cloudfunctions.net/changePassword","createTime":"2025-02-23T18:29:03.422727057Z","satisfiesPzi":true}]}
[info] i  functions: ensuring required API run.googleapis.com is enabled... 
[debug] [2025-04-24T12:40:21.035Z] Checked if tokens are valid: true, expires at: 1745502002487
[debug] [2025-04-24T12:40:21.035Z] Checked if tokens are valid: true, expires at: 1745502002487
[info] i  functions: ensuring required API eventarc.googleapis.com is enabled... 
[debug] [2025-04-24T12:40:21.036Z] Checked if tokens are valid: true, expires at: 1745502002487
[debug] [2025-04-24T12:40:21.036Z] Checked if tokens are valid: true, expires at: 1745502002487
[info] i  functions: ensuring required API pubsub.googleapis.com is enabled... 
[debug] [2025-04-24T12:40:21.036Z] Checked if tokens are valid: true, expires at: 1745502002487
[debug] [2025-04-24T12:40:21.036Z] Checked if tokens are valid: true, expires at: 1745502002487
[info] i  functions: ensuring required API storage.googleapis.com is enabled... 
[debug] [2025-04-24T12:40:21.037Z] Checked if tokens are valid: true, expires at: 1745502002487
[debug] [2025-04-24T12:40:21.037Z] Checked if tokens are valid: true, expires at: 1745502002487
[debug] [2025-04-24T12:40:21.037Z] >>> [apiv2][query] GET https://serviceusage.googleapis.com/v1/projects/petzia-f86b4/services/run.googleapis.com [none]
[debug] [2025-04-24T12:40:21.037Z] >>> [apiv2][(partial)header] GET https://serviceusage.googleapis.com/v1/projects/petzia-f86b4/services/run.googleapis.com x-goog-quota-user=projects/petzia-f86b4
[debug] [2025-04-24T12:40:21.037Z] >>> [apiv2][query] GET https://serviceusage.googleapis.com/v1/projects/petzia-f86b4/services/eventarc.googleapis.com [none]
[debug] [2025-04-24T12:40:21.038Z] >>> [apiv2][(partial)header] GET https://serviceusage.googleapis.com/v1/projects/petzia-f86b4/services/eventarc.googleapis.com x-goog-quota-user=projects/petzia-f86b4
[debug] [2025-04-24T12:40:21.039Z] >>> [apiv2][query] GET https://serviceusage.googleapis.com/v1/projects/petzia-f86b4/services/pubsub.googleapis.com [none]
[debug] [2025-04-24T12:40:21.039Z] >>> [apiv2][(partial)header] GET https://serviceusage.googleapis.com/v1/projects/petzia-f86b4/services/pubsub.googleapis.com x-goog-quota-user=projects/petzia-f86b4
[debug] [2025-04-24T12:40:21.040Z] >>> [apiv2][query] GET https://serviceusage.googleapis.com/v1/projects/petzia-f86b4/services/storage.googleapis.com [none]
[debug] [2025-04-24T12:40:21.041Z] >>> [apiv2][(partial)header] GET https://serviceusage.googleapis.com/v1/projects/petzia-f86b4/services/storage.googleapis.com x-goog-quota-user=projects/petzia-f86b4
[debug] [2025-04-24T12:40:21.379Z] <<< [apiv2][status] GET https://serviceusage.googleapis.com/v1/projects/petzia-f86b4/services/run.googleapis.com 200
[debug] [2025-04-24T12:40:21.379Z] <<< [apiv2][body] GET https://serviceusage.googleapis.com/v1/projects/petzia-f86b4/services/run.googleapis.com [omitted]
[info] +  functions: required API run.googleapis.com is enabled 
[debug] [2025-04-24T12:40:22.047Z] <<< [apiv2][status] GET https://serviceusage.googleapis.com/v1/projects/petzia-f86b4/services/pubsub.googleapis.com 200
[debug] [2025-04-24T12:40:22.047Z] <<< [apiv2][body] GET https://serviceusage.googleapis.com/v1/projects/petzia-f86b4/services/pubsub.googleapis.com [omitted]
[info] +  functions: required API pubsub.googleapis.com is enabled 
[debug] [2025-04-24T12:40:22.052Z] <<< [apiv2][status] GET https://serviceusage.googleapis.com/v1/projects/petzia-f86b4/services/storage.googleapis.com 200
[debug] [2025-04-24T12:40:22.053Z] <<< [apiv2][body] GET https://serviceusage.googleapis.com/v1/projects/petzia-f86b4/services/storage.googleapis.com [omitted]
[info] +  functions: required API storage.googleapis.com is enabled 
[debug] [2025-04-24T12:40:22.077Z] <<< [apiv2][status] GET https://serviceusage.googleapis.com/v1/projects/petzia-f86b4/services/eventarc.googleapis.com 200
[debug] [2025-04-24T12:40:22.077Z] <<< [apiv2][body] GET https://serviceusage.googleapis.com/v1/projects/petzia-f86b4/services/eventarc.googleapis.com [omitted]
[info] +  functions: required API eventarc.googleapis.com is enabled 
[info] i  functions: generating the service identity for pubsub.googleapis.com... 
[debug] [2025-04-24T12:40:22.078Z] Checked if tokens are valid: true, expires at: 1745502002487
[debug] [2025-04-24T12:40:22.078Z] Checked if tokens are valid: true, expires at: 1745502002487
[info] i  functions: generating the service identity for eventarc.googleapis.com... 
[debug] [2025-04-24T12:40:22.078Z] Checked if tokens are valid: true, expires at: 1745502002487
[debug] [2025-04-24T12:40:22.079Z] Checked if tokens are valid: true, expires at: 1745502002487
[debug] [2025-04-24T12:40:22.079Z] >>> [apiv2][query] POST https://serviceusage.googleapis.com/v1beta1/projects/375896389326/services/pubsub.googleapis.com:generateServiceIdentity [none]
[debug] [2025-04-24T12:40:22.079Z] >>> [apiv2][query] POST https://serviceusage.googleapis.com/v1beta1/projects/375896389326/services/eventarc.googleapis.com:generateServiceIdentity [none]
[debug] [2025-04-24T12:40:23.025Z] <<< [apiv2][status] POST https://serviceusage.googleapis.com/v1beta1/projects/375896389326/services/eventarc.googleapis.com:generateServiceIdentity 200
[debug] [2025-04-24T12:40:23.025Z] <<< [apiv2][body] POST https://serviceusage.googleapis.com/v1beta1/projects/375896389326/services/eventarc.googleapis.com:generateServiceIdentity {"name":"operations/finished.DONE_OPERATION","done":true,"response":{"@type":"type.googleapis.com/google.api.serviceusage.v1beta1.ServiceIdentity","email":"service-375896389326@gcp-sa-eventarc.iam.gserviceaccount.com","uniqueId":"102462191006909518917"}}
[debug] [2025-04-24T12:40:23.096Z] <<< [apiv2][status] POST https://serviceusage.googleapis.com/v1beta1/projects/375896389326/services/pubsub.googleapis.com:generateServiceIdentity 200
[debug] [2025-04-24T12:40:23.096Z] <<< [apiv2][body] POST https://serviceusage.googleapis.com/v1beta1/projects/375896389326/services/pubsub.googleapis.com:generateServiceIdentity {"name":"operations/finished.DONE_OPERATION","done":true,"response":{"@type":"type.googleapis.com/google.api.serviceusage.v1beta1.ServiceIdentity","email":"service-375896389326@gcp-sa-pubsub.iam.gserviceaccount.com","uniqueId":"100164182579806790663"}}
[debug] [2025-04-24T12:40:23.098Z] Checked if tokens are valid: true, expires at: 1745502002487
[debug] [2025-04-24T12:40:23.098Z] Checked if tokens are valid: true, expires at: 1745502002487
[debug] [2025-04-24T12:40:23.098Z] >>> [apiv2][query] GET https://cloudresourcemanager.googleapis.com/v1/projects/petzia-f86b4 [none]
[debug] [2025-04-24T12:40:23.939Z] <<< [apiv2][status] GET https://cloudresourcemanager.googleapis.com/v1/projects/petzia-f86b4 200
[debug] [2025-04-24T12:40:23.939Z] <<< [apiv2][body] GET https://cloudresourcemanager.googleapis.com/v1/projects/petzia-f86b4 {"projectNumber":"375896389326","projectId":"petzia-f86b4","lifecycleState":"ACTIVE","name":"Petzia","labels":{"firebase":"enabled","firebase-core":"disabled"},"createTime":"2025-02-23T14:18:43.690648Z"}
[debug] [2025-04-24T12:40:23.940Z] Checked if tokens are valid: true, expires at: 1745502002487
[debug] [2025-04-24T12:40:23.940Z] Checked if tokens are valid: true, expires at: 1745502002487
[debug] [2025-04-24T12:40:23.940Z] >>> [apiv2][query] GET https://cloudbilling.googleapis.com/v1/projects/petzia-f86b4/billingInfo [none]
[debug] [2025-04-24T12:40:25.333Z] <<< [apiv2][status] GET https://cloudbilling.googleapis.com/v1/projects/petzia-f86b4/billingInfo 200
[debug] [2025-04-24T12:40:25.334Z] <<< [apiv2][body] GET https://cloudbilling.googleapis.com/v1/projects/petzia-f86b4/billingInfo {"name":"projects/petzia-f86b4/billingInfo","projectId":"petzia-f86b4","billingAccountName":"billingAccounts/01C6D4-E7938C-944EA2","billingEnabled":true}
[debug] [2025-04-24T12:40:25.339Z] Checked if tokens are valid: true, expires at: 1745502002487
[debug] [2025-04-24T12:40:25.339Z] Checked if tokens are valid: true, expires at: 1745502002487
[debug] [2025-04-24T12:40:25.339Z] >>> [apiv2][query] POST https://cloudfunctions.googleapis.com/v2/projects/petzia-f86b4/locations/us-central1/functions:generateUploadUrl [none]
[debug] [2025-04-24T12:40:26.451Z] <<< [apiv2][status] POST https://cloudfunctions.googleapis.com/v2/projects/petzia-f86b4/locations/us-central1/functions:generateUploadUrl 200
[debug] [2025-04-24T12:40:26.451Z] <<< [apiv2][body] POST https://cloudfunctions.googleapis.com/v2/projects/petzia-f86b4/locations/us-central1/functions:generateUploadUrl {"uploadUrl":"https://storage.googleapis.com/gcf-v2-uploads-375896389326.us-central1.cloudfunctions.appspot.com/5b752096-3a35-43cc-b174-d69b68052e5a.zip?GoogleAccessId=service-375896389326@gcf-admin-robot.iam.gserviceaccount.com&Expires=1745500226&Signature=2KRFlpUE0o9QKsK55ARgwZbcgWddGuNYUWCVVxYglqp5LlGjbtpY%2BsC21E4EjmNi10jkbDfcXd84YuXBSHvvuA0LIlOpTEjJiuzKEScyoGf0D6JWMzeZwoy5nWppHoruiJO48%2FBcuJglu0ZDjqOMWfz8DT%2B0XDAp6UvP%2FnROkm7Hxz%2BTwfGhxLALOaKR2h1y5pJbl%2BxradXz1Gl%2FWqNADW7klEACKyFKspguHqpeeV4Lw20EXiYb96HsrejB1ZmmeN%2BSMu%2BjViGK8oAHISpCIfo5%2FBxRuKYJ0HIk%2Bo%2B60CB3Kkhs%2FCXg6pSNxwDz1ZxepCBbWMmsdIP1TEnrYSxc0A%3D%3D","storageSource":{"bucket":"gcf-v2-uploads-375896389326.us-central1.cloudfunctions.appspot.com","object":"5b752096-3a35-43cc-b174-d69b68052e5a.zip"}}
[debug] [2025-04-24T12:40:26.452Z] >>> [apiv2][query] PUT https://storage.googleapis.com/gcf-v2-uploads-375896389326.us-central1.cloudfunctions.appspot.com/5b752096-3a35-43cc-b174-d69b68052e5a.zip GoogleAccessId=service-375896389326%40gcf-admin-robot.iam.gserviceaccount.com&Expires=1745500226&Signature=2KRFlpUE0o9QKsK55ARgwZbcgWddGuNYUWCVVxYglqp5LlGjbtpY%2BsC21E4EjmNi10jkbDfcXd84YuXBSHvvuA0LIlOpTEjJiuzKEScyoGf0D6JWMzeZwoy5nWppHoruiJO48%2FBcuJglu0ZDjqOMWfz8DT%2B0XDAp6UvP%2FnROkm7Hxz%2BTwfGhxLALOaKR2h1y5pJbl%2BxradXz1Gl%2FWqNADW7klEACKyFKspguHqpeeV4Lw20EXiYb96HsrejB1ZmmeN%2BSMu%2BjViGK8oAHISpCIfo5%2FBxRuKYJ0HIk%2Bo%2B60CB3Kkhs%2FCXg6pSNxwDz1ZxepCBbWMmsdIP1TEnrYSxc0A%3D%3D
[debug] [2025-04-24T12:40:26.452Z] >>> [apiv2][body] PUT https://storage.googleapis.com/gcf-v2-uploads-375896389326.us-central1.cloudfunctions.appspot.com/5b752096-3a35-43cc-b174-d69b68052e5a.zip [stream]
[debug] [2025-04-24T12:40:26.947Z] <<< [apiv2][status] PUT https://storage.googleapis.com/gcf-v2-uploads-375896389326.us-central1.cloudfunctions.appspot.com/5b752096-3a35-43cc-b174-d69b68052e5a.zip 200
[debug] [2025-04-24T12:40:26.947Z] <<< [apiv2][body] PUT https://storage.googleapis.com/gcf-v2-uploads-375896389326.us-central1.cloudfunctions.appspot.com/5b752096-3a35-43cc-b174-d69b68052e5a.zip [omitted]
[info] +  functions: functions folder uploaded successfully 
[info] i  functions: updating Node.js 20 (2nd Gen) function onHotmartWebhook(us-central1)... 
[debug] [2025-04-24T12:40:26.952Z] Checked if tokens are valid: true, expires at: 1745502002487
[debug] [2025-04-24T12:40:26.952Z] Checked if tokens are valid: true, expires at: 1745502002487
[debug] [2025-04-24T12:40:26.952Z] >>> [apiv2][query] PATCH https://cloudfunctions.googleapis.com/v2/projects/petzia-f86b4/locations/us-central1/functions/onHotmartWebhook updateMask=name%2CbuildConfig.runtime%2CbuildConfig.entryPoint%2CbuildConfig.source.storageSource.bucket%2CbuildConfig.source.storageSource.object%2CbuildConfig.environmentVariables%2CbuildConfig.sourceToken%2CserviceConfig.environmentVariables%2CserviceConfig.ingressSettings%2CserviceConfig.timeoutSeconds%2CserviceConfig.serviceAccountEmail%2CserviceConfig.availableMemory%2CserviceConfig.minInstanceCount%2CserviceConfig.maxInstanceCount%2CserviceConfig.maxInstanceRequestConcurrency%2CserviceConfig.availableCpu%2CserviceConfig.vpcConnector%2CserviceConfig.vpcConnectorEgressSettings%2Clabels%2CbuildConfig.buildEnvironmentVariables
[debug] [2025-04-24T12:40:26.952Z] >>> [apiv2][body] PATCH https://cloudfunctions.googleapis.com/v2/projects/petzia-f86b4/locations/us-central1/functions/onHotmartWebhook {"name":"projects/petzia-f86b4/locations/us-central1/functions/onHotmartWebhook","buildConfig":{"runtime":"nodejs20","entryPoint":"onHotmartWebhook","source":{"storageSource":{"bucket":"gcf-v2-uploads-375896389326.us-central1.cloudfunctions.appspot.com","object":"5b752096-3a35-43cc-b174-d69b68052e5a.zip"}},"environmentVariables":{"GOOGLE_NODE_RUN_SCRIPTS":""}},"serviceConfig":{"environmentVariables":{"FIREBASE_CONFIG":"{\"projectId\":\"petzia-f86b4\",\"storageBucket\":\"petzia-f86b4.firebasestorage.app\"}","GCLOUD_PROJECT":"petzia-f86b4","EVENTARC_CLOUD_EVENT_SOURCE":"projects/petzia-f86b4/locations/us-central1/services/onHotmartWebhook","FUNCTION_TARGET":"onHotmartWebhook","LOG_EXECUTION_ID":"true","FUNCTION_SIGNATURE_TYPE":"http"},"ingressSettings":null,"timeoutSeconds":120,"serviceAccountEmail":null,"availableMemory":"1024Mi","minInstanceCount":null,"maxInstanceCount":null,"maxInstanceRequestConcurrency":80,"availableCpu":"1","vpcConnector":null,"vpcConnectorEgressSettings":null},"labels":{"deployment-tool":"cli-firebase","firebase-functions-hash":"f0f3740fcb2ec0967c1e80314ce9a1d353025f03"}}
[debug] [2025-04-24T12:40:28.693Z] <<< [apiv2][status] PATCH https://cloudfunctions.googleapis.com/v2/projects/petzia-f86b4/locations/us-central1/functions/onHotmartWebhook 200
[debug] [2025-04-24T12:40:28.693Z] <<< [apiv2][body] PATCH https://cloudfunctions.googleapis.com/v2/projects/petzia-f86b4/locations/us-central1/functions/onHotmartWebhook {"name":"projects/petzia-f86b4/locations/us-central1/operations/operation-1745498428098-6338585c3474f-e151b79e-33540cb2","metadata":{"@type":"type.googleapis.com/google.cloud.functions.v2.OperationMetadata","createTime":"2025-04-24T12:40:28.809857600Z","target":"projects/petzia-f86b4/locations/us-central1/functions/onHotmartWebhook","verb":"update","cancelRequested":false,"apiVersion":"v2"},"done":false}
[debug] [2025-04-24T12:40:28.694Z] Checked if tokens are valid: true, expires at: 1745502002487
[debug] [2025-04-24T12:40:28.694Z] Checked if tokens are valid: true, expires at: 1745502002487
[debug] [2025-04-24T12:40:28.694Z] >>> [apiv2][query] GET https://cloudfunctions.googleapis.com/v2/projects/petzia-f86b4/locations/us-central1/operations/operation-1745498428098-6338585c3474f-e151b79e-33540cb2 [none]
[debug] [2025-04-24T12:40:29.706Z] <<< [apiv2][status] GET https://cloudfunctions.googleapis.com/v2/projects/petzia-f86b4/locations/us-central1/operations/operation-1745498428098-6338585c3474f-e151b79e-33540cb2 200
[debug] [2025-04-24T12:40:29.707Z] <<< [apiv2][body] GET https://cloudfunctions.googleapis.com/v2/projects/petzia-f86b4/locations/us-central1/operations/operation-1745498428098-6338585c3474f-e151b79e-33540cb2 {"name":"projects/petzia-f86b4/locations/us-central1/operations/operation-1745498428098-6338585c3474f-e151b79e-33540cb2","metadata":{"@type":"type.googleapis.com/google.cloud.functions.v2.OperationMetadata","createTime":"2025-04-24T12:40:28.809857600Z","target":"projects/petzia-f86b4/locations/us-central1/functions/onHotmartWebhook","verb":"update","cancelRequested":false,"apiVersion":"v2","requestResource":{"@type":"type.googleapis.com/google.cloud.functions.v2.Function","name":"projects/petzia-f86b4/locations/us-central1/functions/onHotmartWebhook","buildConfig":{"runtime":"nodejs20","entryPoint":"onHotmartWebhook","source":{"storageSource":{"bucket":"gcf-v2-sources-375896389326-us-central1","object":"onHotmartWebhook/function-source.zip","generation":"1745498428719598"}},"environmentVariables":{"GOOGLE_NODE_RUN_SCRIPTS":""},"dockerRepository":"projects/petzia-f86b4/locations/us-central1/repositories/gcf-artifacts","serviceAccount":"projects/petzia-f86b4/serviceAccounts/375896389326-compute@developer.gserviceaccount.com","automaticUpdatePolicy":{}},"serviceConfig":{"service":"projects/petzia-f86b4/locations/us-central1/services/onhotmartwebhook","timeoutSeconds":120,"environmentVariables":{"FIREBASE_CONFIG":"{\"projectId\":\"petzia-f86b4\",\"storageBucket\":\"petzia-f86b4.firebasestorage.app\"}","GCLOUD_PROJECT":"petzia-f86b4","EVENTARC_CLOUD_EVENT_SOURCE":"projects/petzia-f86b4/locations/us-central1/services/onHotmartWebhook","FUNCTION_TARGET":"onHotmartWebhook","LOG_EXECUTION_ID":"true","FUNCTION_SIGNATURE_TYPE":"http"},"ingressSettings":"ALLOW_ALL","uri":"https://onhotmartwebhook-dl6etbjehq-uc.a.run.app","serviceAccountEmail":"375896389326-compute@developer.gserviceaccount.com","availableMemory":"1024Mi","allTrafficOnLatestRevision":true,"revision":"onhotmartwebhook-00002-kev","maxInstanceRequestConcurrency":80,"availableCpu":"1"},"state":"ACTIVE","labels":{"deployment-tool":"cli-firebase","firebase-functions-hash":"f0f3740fcb2ec0967c1e80314ce9a1d353025f03"},"environment":"GEN_2","url":"https://us-central1-petzia-f86b4.cloudfunctions.net/onHotmartWebhook","satisfiesPzi":true},"stages":[{"name":"BUILD","message":"Build in progress","state":"IN_PROGRESS","resource":"projects/375896389326/locations/us-central1/builds/eb75f26a-f076-4c26-8917-dce587cd2db3","resourceUri":"https://console.cloud.google.com/cloud-build/builds;region=us-central1/eb75f26a-f076-4c26-8917-dce587cd2db3?project=375896389326"},{"name":"SERVICE","state":"NOT_STARTED"}],"operationType":"UPDATE_FUNCTION","buildName":"projects/375896389326/locations/us-central1/builds/eb75f26a-f076-4c26-8917-dce587cd2db3"},"done":false}
[debug] [2025-04-24T12:40:30.215Z] [update-default-us-central1-onHotmartWebhook] Retrying task index 0
[debug] [2025-04-24T12:40:30.216Z] Checked if tokens are valid: true, expires at: 1745502002487
[debug] [2025-04-24T12:40:30.216Z] Checked if tokens are valid: true, expires at: 1745502002487
[debug] [2025-04-24T12:40:30.216Z] >>> [apiv2][query] GET https://cloudfunctions.googleapis.com/v2/projects/petzia-f86b4/locations/us-central1/operations/operation-1745498428098-6338585c3474f-e151b79e-33540cb2 [none]
[debug] [2025-04-24T12:40:31.237Z] <<< [apiv2][status] GET https://cloudfunctions.googleapis.com/v2/projects/petzia-f86b4/locations/us-central1/operations/operation-1745498428098-6338585c3474f-e151b79e-33540cb2 200
[debug] [2025-04-24T12:40:31.237Z] <<< [apiv2][body] GET https://cloudfunctions.googleapis.com/v2/projects/petzia-f86b4/locations/us-central1/operations/operation-1745498428098-6338585c3474f-e151b79e-33540cb2 {"name":"projects/petzia-f86b4/locations/us-central1/operations/operation-1745498428098-6338585c3474f-e151b79e-33540cb2","metadata":{"@type":"type.googleapis.com/google.cloud.functions.v2.OperationMetadata","createTime":"2025-04-24T12:40:28.809857600Z","target":"projects/petzia-f86b4/locations/us-central1/functions/onHotmartWebhook","verb":"update","cancelRequested":false,"apiVersion":"v2","requestResource":{"@type":"type.googleapis.com/google.cloud.functions.v2.Function","name":"projects/petzia-f86b4/locations/us-central1/functions/onHotmartWebhook","buildConfig":{"runtime":"nodejs20","entryPoint":"onHotmartWebhook","source":{"storageSource":{"bucket":"gcf-v2-sources-375896389326-us-central1","object":"onHotmartWebhook/function-source.zip","generation":"1745498428719598"}},"environmentVariables":{"GOOGLE_NODE_RUN_SCRIPTS":""},"dockerRepository":"projects/petzia-f86b4/locations/us-central1/repositories/gcf-artifacts","serviceAccount":"projects/petzia-f86b4/serviceAccounts/375896389326-compute@developer.gserviceaccount.com","automaticUpdatePolicy":{}},"serviceConfig":{"service":"projects/petzia-f86b4/locations/us-central1/services/onhotmartwebhook","timeoutSeconds":120,"environmentVariables":{"FIREBASE_CONFIG":"{\"projectId\":\"petzia-f86b4\",\"storageBucket\":\"petzia-f86b4.firebasestorage.app\"}","GCLOUD_PROJECT":"petzia-f86b4","EVENTARC_CLOUD_EVENT_SOURCE":"projects/petzia-f86b4/locations/us-central1/services/onHotmartWebhook","FUNCTION_TARGET":"onHotmartWebhook","LOG_EXECUTION_ID":"true","FUNCTION_SIGNATURE_TYPE":"http"},"ingressSettings":"ALLOW_ALL","uri":"https://onhotmartwebhook-dl6etbjehq-uc.a.run.app","serviceAccountEmail":"375896389326-compute@developer.gserviceaccount.com","availableMemory":"1024Mi","allTrafficOnLatestRevision":true,"revision":"onhotmartwebhook-00002-kev","maxInstanceRequestConcurrency":80,"availableCpu":"1"},"state":"ACTIVE","labels":{"deployment-tool":"cli-firebase","firebase-functions-hash":"f0f3740fcb2ec0967c1e80314ce9a1d353025f03"},"environment":"GEN_2","url":"https://us-central1-petzia-f86b4.cloudfunctions.net/onHotmartWebhook","satisfiesPzi":true},"stages":[{"name":"BUILD","message":"Build in progress","state":"IN_PROGRESS","resource":"projects/375896389326/locations/us-central1/builds/eb75f26a-f076-4c26-8917-dce587cd2db3","resourceUri":"https://console.cloud.google.com/cloud-build/builds;region=us-central1/eb75f26a-f076-4c26-8917-dce587cd2db3?project=375896389326"},{"name":"SERVICE","state":"NOT_STARTED"}],"operationType":"UPDATE_FUNCTION","buildName":"projects/375896389326/locations/us-central1/builds/eb75f26a-f076-4c26-8917-dce587cd2db3"},"done":false}
[debug] [2025-04-24T12:40:32.248Z] [update-default-us-central1-onHotmartWebhook] Retrying task index 0
[debug] [2025-04-24T12:40:32.248Z] Checked if tokens are valid: true, expires at: 1745502002487
[debug] [2025-04-24T12:40:32.248Z] Checked if tokens are valid: true, expires at: 1745502002487
[debug] [2025-04-24T12:40:32.248Z] >>> [apiv2][query] GET https://cloudfunctions.googleapis.com/v2/projects/petzia-f86b4/locations/us-central1/operations/operation-1745498428098-6338585c3474f-e151b79e-33540cb2 [none]
[debug] [2025-04-24T12:40:33.273Z] <<< [apiv2][status] GET https://cloudfunctions.googleapis.com/v2/projects/petzia-f86b4/locations/us-central1/operations/operation-1745498428098-6338585c3474f-e151b79e-33540cb2 200
[debug] [2025-04-24T12:40:33.274Z] <<< [apiv2][body] GET https://cloudfunctions.googleapis.com/v2/projects/petzia-f86b4/locations/us-central1/operations/operation-1745498428098-6338585c3474f-e151b79e-33540cb2 {"name":"projects/petzia-f86b4/locations/us-central1/operations/operation-1745498428098-6338585c3474f-e151b79e-33540cb2","metadata":{"@type":"type.googleapis.com/google.cloud.functions.v2.OperationMetadata","createTime":"2025-04-24T12:40:28.809857600Z","target":"projects/petzia-f86b4/locations/us-central1/functions/onHotmartWebhook","verb":"update","cancelRequested":false,"apiVersion":"v2","requestResource":{"@type":"type.googleapis.com/google.cloud.functions.v2.Function","name":"projects/petzia-f86b4/locations/us-central1/functions/onHotmartWebhook","buildConfig":{"runtime":"nodejs20","entryPoint":"onHotmartWebhook","source":{"storageSource":{"bucket":"gcf-v2-sources-375896389326-us-central1","object":"onHotmartWebhook/function-source.zip","generation":"1745498428719598"}},"environmentVariables":{"GOOGLE_NODE_RUN_SCRIPTS":""},"dockerRepository":"projects/petzia-f86b4/locations/us-central1/repositories/gcf-artifacts","serviceAccount":"projects/petzia-f86b4/serviceAccounts/375896389326-compute@developer.gserviceaccount.com","automaticUpdatePolicy":{}},"serviceConfig":{"service":"projects/petzia-f86b4/locations/us-central1/services/onhotmartwebhook","timeoutSeconds":120,"environmentVariables":{"FIREBASE_CONFIG":"{\"projectId\":\"petzia-f86b4\",\"storageBucket\":\"petzia-f86b4.firebasestorage.app\"}","GCLOUD_PROJECT":"petzia-f86b4","EVENTARC_CLOUD_EVENT_SOURCE":"projects/petzia-f86b4/locations/us-central1/services/onHotmartWebhook","FUNCTION_TARGET":"onHotmartWebhook","LOG_EXECUTION_ID":"true","FUNCTION_SIGNATURE_TYPE":"http"},"ingressSettings":"ALLOW_ALL","uri":"https://onhotmartwebhook-dl6etbjehq-uc.a.run.app","serviceAccountEmail":"375896389326-compute@developer.gserviceaccount.com","availableMemory":"1024Mi","allTrafficOnLatestRevision":true,"revision":"onhotmartwebhook-00002-kev","maxInstanceRequestConcurrency":80,"availableCpu":"1"},"state":"ACTIVE","labels":{"deployment-tool":"cli-firebase","firebase-functions-hash":"f0f3740fcb2ec0967c1e80314ce9a1d353025f03"},"environment":"GEN_2","url":"https://us-central1-petzia-f86b4.cloudfunctions.net/onHotmartWebhook","satisfiesPzi":true},"stages":[{"name":"BUILD","message":"Build in progress","state":"IN_PROGRESS","resource":"projects/375896389326/locations/us-central1/builds/eb75f26a-f076-4c26-8917-dce587cd2db3","resourceUri":"https://console.cloud.google.com/cloud-build/builds;region=us-central1/eb75f26a-f076-4c26-8917-dce587cd2db3?project=375896389326"},{"name":"SERVICE","state":"NOT_STARTED"}],"operationType":"UPDATE_FUNCTION","buildName":"projects/375896389326/locations/us-central1/builds/eb75f26a-f076-4c26-8917-dce587cd2db3"},"done":false}
[debug] [2025-04-24T12:40:35.280Z] [update-default-us-central1-onHotmartWebhook] Retrying task index 0
[debug] [2025-04-24T12:40:35.280Z] Checked if tokens are valid: true, expires at: 1745502002487
[debug] [2025-04-24T12:40:35.280Z] Checked if tokens are valid: true, expires at: 1745502002487
[debug] [2025-04-24T12:40:35.280Z] >>> [apiv2][query] GET https://cloudfunctions.googleapis.com/v2/projects/petzia-f86b4/locations/us-central1/operations/operation-1745498428098-6338585c3474f-e151b79e-33540cb2 [none]
[debug] [2025-04-24T12:40:36.296Z] <<< [apiv2][status] GET https://cloudfunctions.googleapis.com/v2/projects/petzia-f86b4/locations/us-central1/operations/operation-1745498428098-6338585c3474f-e151b79e-33540cb2 200
[debug] [2025-04-24T12:40:36.297Z] <<< [apiv2][body] GET https://cloudfunctions.googleapis.com/v2/projects/petzia-f86b4/locations/us-central1/operations/operation-1745498428098-6338585c3474f-e151b79e-33540cb2 {"name":"projects/petzia-f86b4/locations/us-central1/operations/operation-1745498428098-6338585c3474f-e151b79e-33540cb2","metadata":{"@type":"type.googleapis.com/google.cloud.functions.v2.OperationMetadata","createTime":"2025-04-24T12:40:28.809857600Z","target":"projects/petzia-f86b4/locations/us-central1/functions/onHotmartWebhook","verb":"update","cancelRequested":false,"apiVersion":"v2","requestResource":{"@type":"type.googleapis.com/google.cloud.functions.v2.Function","name":"projects/petzia-f86b4/locations/us-central1/functions/onHotmartWebhook","buildConfig":{"runtime":"nodejs20","entryPoint":"onHotmartWebhook","source":{"storageSource":{"bucket":"gcf-v2-sources-375896389326-us-central1","object":"onHotmartWebhook/function-source.zip","generation":"1745498428719598"}},"environmentVariables":{"GOOGLE_NODE_RUN_SCRIPTS":""},"dockerRepository":"projects/petzia-f86b4/locations/us-central1/repositories/gcf-artifacts","serviceAccount":"projects/petzia-f86b4/serviceAccounts/375896389326-compute@developer.gserviceaccount.com","automaticUpdatePolicy":{}},"serviceConfig":{"service":"projects/petzia-f86b4/locations/us-central1/services/onhotmartwebhook","timeoutSeconds":120,"environmentVariables":{"FIREBASE_CONFIG":"{\"projectId\":\"petzia-f86b4\",\"storageBucket\":\"petzia-f86b4.firebasestorage.app\"}","GCLOUD_PROJECT":"petzia-f86b4","EVENTARC_CLOUD_EVENT_SOURCE":"projects/petzia-f86b4/locations/us-central1/services/onHotmartWebhook","FUNCTION_TARGET":"onHotmartWebhook","LOG_EXECUTION_ID":"true","FUNCTION_SIGNATURE_TYPE":"http"},"ingressSettings":"ALLOW_ALL","uri":"https://onhotmartwebhook-dl6etbjehq-uc.a.run.app","serviceAccountEmail":"375896389326-compute@developer.gserviceaccount.com","availableMemory":"1024Mi","allTrafficOnLatestRevision":true,"revision":"onhotmartwebhook-00002-kev","maxInstanceRequestConcurrency":80,"availableCpu":"1"},"state":"ACTIVE","labels":{"deployment-tool":"cli-firebase","firebase-functions-hash":"f0f3740fcb2ec0967c1e80314ce9a1d353025f03"},"environment":"GEN_2","url":"https://us-central1-petzia-f86b4.cloudfunctions.net/onHotmartWebhook","satisfiesPzi":true},"stages":[{"name":"BUILD","message":"Build in progress","state":"IN_PROGRESS","resource":"projects/375896389326/locations/us-central1/builds/eb75f26a-f076-4c26-8917-dce587cd2db3","resourceUri":"https://console.cloud.google.com/cloud-build/builds;region=us-central1/eb75f26a-f076-4c26-8917-dce587cd2db3?project=375896389326"},{"name":"SERVICE","state":"NOT_STARTED"}],"operationType":"UPDATE_FUNCTION","buildName":"projects/375896389326/locations/us-central1/builds/eb75f26a-f076-4c26-8917-dce587cd2db3"},"done":false}
[debug] [2025-04-24T12:40:40.299Z] [update-default-us-central1-onHotmartWebhook] Retrying task index 0
[debug] [2025-04-24T12:40:40.300Z] Checked if tokens are valid: true, expires at: 1745502002487
[debug] [2025-04-24T12:40:40.300Z] Checked if tokens are valid: true, expires at: 1745502002487
[debug] [2025-04-24T12:40:40.300Z] >>> [apiv2][query] GET https://cloudfunctions.googleapis.com/v2/projects/petzia-f86b4/locations/us-central1/operations/operation-1745498428098-6338585c3474f-e151b79e-33540cb2 [none]
[debug] [2025-04-24T12:40:41.319Z] <<< [apiv2][status] GET https://cloudfunctions.googleapis.com/v2/projects/petzia-f86b4/locations/us-central1/operations/operation-1745498428098-6338585c3474f-e151b79e-33540cb2 200
[debug] [2025-04-24T12:40:41.319Z] <<< [apiv2][body] GET https://cloudfunctions.googleapis.com/v2/projects/petzia-f86b4/locations/us-central1/operations/operation-1745498428098-6338585c3474f-e151b79e-33540cb2 {"name":"projects/petzia-f86b4/locations/us-central1/operations/operation-1745498428098-6338585c3474f-e151b79e-33540cb2","metadata":{"@type":"type.googleapis.com/google.cloud.functions.v2.OperationMetadata","createTime":"2025-04-24T12:40:28.809857600Z","target":"projects/petzia-f86b4/locations/us-central1/functions/onHotmartWebhook","verb":"update","cancelRequested":false,"apiVersion":"v2","requestResource":{"@type":"type.googleapis.com/google.cloud.functions.v2.Function","name":"projects/petzia-f86b4/locations/us-central1/functions/onHotmartWebhook","buildConfig":{"runtime":"nodejs20","entryPoint":"onHotmartWebhook","source":{"storageSource":{"bucket":"gcf-v2-sources-375896389326-us-central1","object":"onHotmartWebhook/function-source.zip","generation":"1745498428719598"}},"environmentVariables":{"GOOGLE_NODE_RUN_SCRIPTS":""},"dockerRepository":"projects/petzia-f86b4/locations/us-central1/repositories/gcf-artifacts","serviceAccount":"projects/petzia-f86b4/serviceAccounts/375896389326-compute@developer.gserviceaccount.com","automaticUpdatePolicy":{}},"serviceConfig":{"service":"projects/petzia-f86b4/locations/us-central1/services/onhotmartwebhook","timeoutSeconds":120,"environmentVariables":{"FIREBASE_CONFIG":"{\"projectId\":\"petzia-f86b4\",\"storageBucket\":\"petzia-f86b4.firebasestorage.app\"}","GCLOUD_PROJECT":"petzia-f86b4","EVENTARC_CLOUD_EVENT_SOURCE":"projects/petzia-f86b4/locations/us-central1/services/onHotmartWebhook","FUNCTION_TARGET":"onHotmartWebhook","LOG_EXECUTION_ID":"true","FUNCTION_SIGNATURE_TYPE":"http"},"ingressSettings":"ALLOW_ALL","uri":"https://onhotmartwebhook-dl6etbjehq-uc.a.run.app","serviceAccountEmail":"375896389326-compute@developer.gserviceaccount.com","availableMemory":"1024Mi","allTrafficOnLatestRevision":true,"revision":"onhotmartwebhook-00002-kev","maxInstanceRequestConcurrency":80,"availableCpu":"1"},"state":"ACTIVE","labels":{"deployment-tool":"cli-firebase","firebase-functions-hash":"f0f3740fcb2ec0967c1e80314ce9a1d353025f03"},"environment":"GEN_2","url":"https://us-central1-petzia-f86b4.cloudfunctions.net/onHotmartWebhook","satisfiesPzi":true},"stages":[{"name":"BUILD","message":"Build in progress","state":"IN_PROGRESS","resource":"projects/375896389326/locations/us-central1/builds/eb75f26a-f076-4c26-8917-dce587cd2db3","resourceUri":"https://console.cloud.google.com/cloud-build/builds;region=us-central1/eb75f26a-f076-4c26-8917-dce587cd2db3?project=375896389326"},{"name":"SERVICE","state":"NOT_STARTED"}],"operationType":"UPDATE_FUNCTION","buildName":"projects/375896389326/locations/us-central1/builds/eb75f26a-f076-4c26-8917-dce587cd2db3"},"done":false}
[debug] [2025-04-24T12:40:49.330Z] [update-default-us-central1-onHotmartWebhook] Retrying task index 0
[debug] [2025-04-24T12:40:49.331Z] Checked if tokens are valid: true, expires at: 1745502002487
[debug] [2025-04-24T12:40:49.332Z] Checked if tokens are valid: true, expires at: 1745502002487
[debug] [2025-04-24T12:40:49.332Z] >>> [apiv2][query] GET https://cloudfunctions.googleapis.com/v2/projects/petzia-f86b4/locations/us-central1/operations/operation-1745498428098-6338585c3474f-e151b79e-33540cb2 [none]
[debug] [2025-04-24T12:40:50.420Z] <<< [apiv2][status] GET https://cloudfunctions.googleapis.com/v2/projects/petzia-f86b4/locations/us-central1/operations/operation-1745498428098-6338585c3474f-e151b79e-33540cb2 200
[debug] [2025-04-24T12:40:50.420Z] <<< [apiv2][body] GET https://cloudfunctions.googleapis.com/v2/projects/petzia-f86b4/locations/us-central1/operations/operation-1745498428098-6338585c3474f-e151b79e-33540cb2 {"name":"projects/petzia-f86b4/locations/us-central1/operations/operation-1745498428098-6338585c3474f-e151b79e-33540cb2","metadata":{"@type":"type.googleapis.com/google.cloud.functions.v2.OperationMetadata","createTime":"2025-04-24T12:40:28.809857600Z","target":"projects/petzia-f86b4/locations/us-central1/functions/onHotmartWebhook","verb":"update","cancelRequested":false,"apiVersion":"v2","requestResource":{"@type":"type.googleapis.com/google.cloud.functions.v2.Function","name":"projects/petzia-f86b4/locations/us-central1/functions/onHotmartWebhook","buildConfig":{"runtime":"nodejs20","entryPoint":"onHotmartWebhook","source":{"storageSource":{"bucket":"gcf-v2-sources-375896389326-us-central1","object":"onHotmartWebhook/function-source.zip","generation":"1745498428719598"}},"environmentVariables":{"GOOGLE_NODE_RUN_SCRIPTS":""},"dockerRepository":"projects/petzia-f86b4/locations/us-central1/repositories/gcf-artifacts","serviceAccount":"projects/petzia-f86b4/serviceAccounts/375896389326-compute@developer.gserviceaccount.com","automaticUpdatePolicy":{}},"serviceConfig":{"service":"projects/petzia-f86b4/locations/us-central1/services/onhotmartwebhook","timeoutSeconds":120,"environmentVariables":{"FIREBASE_CONFIG":"{\"projectId\":\"petzia-f86b4\",\"storageBucket\":\"petzia-f86b4.firebasestorage.app\"}","GCLOUD_PROJECT":"petzia-f86b4","EVENTARC_CLOUD_EVENT_SOURCE":"projects/petzia-f86b4/locations/us-central1/services/onHotmartWebhook","FUNCTION_TARGET":"onHotmartWebhook","LOG_EXECUTION_ID":"true","FUNCTION_SIGNATURE_TYPE":"http"},"ingressSettings":"ALLOW_ALL","uri":"https://onhotmartwebhook-dl6etbjehq-uc.a.run.app","serviceAccountEmail":"375896389326-compute@developer.gserviceaccount.com","availableMemory":"1024Mi","allTrafficOnLatestRevision":true,"revision":"onhotmartwebhook-00002-kev","maxInstanceRequestConcurrency":80,"availableCpu":"1"},"state":"ACTIVE","labels":{"deployment-tool":"cli-firebase","firebase-functions-hash":"f0f3740fcb2ec0967c1e80314ce9a1d353025f03"},"environment":"GEN_2","url":"https://us-central1-petzia-f86b4.cloudfunctions.net/onHotmartWebhook","satisfiesPzi":true},"stages":[{"name":"BUILD","message":"Build in progress","state":"IN_PROGRESS","resource":"projects/375896389326/locations/us-central1/builds/eb75f26a-f076-4c26-8917-dce587cd2db3","resourceUri":"https://console.cloud.google.com/cloud-build/builds;region=us-central1/eb75f26a-f076-4c26-8917-dce587cd2db3?project=375896389326"},{"name":"SERVICE","state":"NOT_STARTED"}],"operationType":"UPDATE_FUNCTION","buildName":"projects/375896389326/locations/us-central1/builds/eb75f26a-f076-4c26-8917-dce587cd2db3"},"done":false}
[debug] [2025-04-24T12:41:00.437Z] [update-default-us-central1-onHotmartWebhook] Retrying task index 0
[debug] [2025-04-24T12:41:00.438Z] Checked if tokens are valid: true, expires at: 1745502002487
[debug] [2025-04-24T12:41:00.438Z] Checked if tokens are valid: true, expires at: 1745502002487
[debug] [2025-04-24T12:41:00.439Z] >>> [apiv2][query] GET https://cloudfunctions.googleapis.com/v2/projects/petzia-f86b4/locations/us-central1/operations/operation-1745498428098-6338585c3474f-e151b79e-33540cb2 [none]
[debug] [2025-04-24T12:41:01.532Z] <<< [apiv2][status] GET https://cloudfunctions.googleapis.com/v2/projects/petzia-f86b4/locations/us-central1/operations/operation-1745498428098-6338585c3474f-e151b79e-33540cb2 200
[debug] [2025-04-24T12:41:01.533Z] <<< [apiv2][body] GET https://cloudfunctions.googleapis.com/v2/projects/petzia-f86b4/locations/us-central1/operations/operation-1745498428098-6338585c3474f-e151b79e-33540cb2 {"name":"projects/petzia-f86b4/locations/us-central1/operations/operation-1745498428098-6338585c3474f-e151b79e-33540cb2","metadata":{"@type":"type.googleapis.com/google.cloud.functions.v2.OperationMetadata","createTime":"2025-04-24T12:40:28.809857600Z","target":"projects/petzia-f86b4/locations/us-central1/functions/onHotmartWebhook","verb":"update","cancelRequested":false,"apiVersion":"v2","requestResource":{"@type":"type.googleapis.com/google.cloud.functions.v2.Function","name":"projects/petzia-f86b4/locations/us-central1/functions/onHotmartWebhook","buildConfig":{"runtime":"nodejs20","entryPoint":"onHotmartWebhook","source":{"storageSource":{"bucket":"gcf-v2-sources-375896389326-us-central1","object":"onHotmartWebhook/function-source.zip","generation":"1745498428719598"}},"environmentVariables":{"GOOGLE_NODE_RUN_SCRIPTS":""},"dockerRepository":"projects/petzia-f86b4/locations/us-central1/repositories/gcf-artifacts","serviceAccount":"projects/petzia-f86b4/serviceAccounts/375896389326-compute@developer.gserviceaccount.com","automaticUpdatePolicy":{}},"serviceConfig":{"service":"projects/petzia-f86b4/locations/us-central1/services/onhotmartwebhook","timeoutSeconds":120,"environmentVariables":{"FIREBASE_CONFIG":"{\"projectId\":\"petzia-f86b4\",\"storageBucket\":\"petzia-f86b4.firebasestorage.app\"}","GCLOUD_PROJECT":"petzia-f86b4","EVENTARC_CLOUD_EVENT_SOURCE":"projects/petzia-f86b4/locations/us-central1/services/onHotmartWebhook","FUNCTION_TARGET":"onHotmartWebhook","LOG_EXECUTION_ID":"true","FUNCTION_SIGNATURE_TYPE":"http"},"ingressSettings":"ALLOW_ALL","uri":"https://onhotmartwebhook-dl6etbjehq-uc.a.run.app","serviceAccountEmail":"375896389326-compute@developer.gserviceaccount.com","availableMemory":"1024Mi","allTrafficOnLatestRevision":true,"revision":"onhotmartwebhook-00002-kev","maxInstanceRequestConcurrency":80,"availableCpu":"1"},"state":"ACTIVE","labels":{"deployment-tool":"cli-firebase","firebase-functions-hash":"f0f3740fcb2ec0967c1e80314ce9a1d353025f03"},"environment":"GEN_2","url":"https://us-central1-petzia-f86b4.cloudfunctions.net/onHotmartWebhook","satisfiesPzi":true},"stages":[{"name":"BUILD","message":"Build in progress","state":"IN_PROGRESS","resource":"projects/375896389326/locations/us-central1/builds/eb75f26a-f076-4c26-8917-dce587cd2db3","resourceUri":"https://console.cloud.google.com/cloud-build/builds;region=us-central1/eb75f26a-f076-4c26-8917-dce587cd2db3?project=375896389326"},{"name":"SERVICE","state":"NOT_STARTED"}],"operationType":"UPDATE_FUNCTION","buildName":"projects/375896389326/locations/us-central1/builds/eb75f26a-f076-4c26-8917-dce587cd2db3"},"done":false}
[debug] [2025-04-24T12:41:11.540Z] [update-default-us-central1-onHotmartWebhook] Retrying task index 0
[debug] [2025-04-24T12:41:11.541Z] Checked if tokens are valid: true, expires at: 1745502002487
[debug] [2025-04-24T12:41:11.541Z] Checked if tokens are valid: true, expires at: 1745502002487
[debug] [2025-04-24T12:41:11.541Z] >>> [apiv2][query] GET https://cloudfunctions.googleapis.com/v2/projects/petzia-f86b4/locations/us-central1/operations/operation-1745498428098-6338585c3474f-e151b79e-33540cb2 [none]
[debug] [2025-04-24T12:41:12.594Z] <<< [apiv2][status] GET https://cloudfunctions.googleapis.com/v2/projects/petzia-f86b4/locations/us-central1/operations/operation-1745498428098-6338585c3474f-e151b79e-33540cb2 200
[debug] [2025-04-24T12:41:12.594Z] <<< [apiv2][body] GET https://cloudfunctions.googleapis.com/v2/projects/petzia-f86b4/locations/us-central1/operations/operation-1745498428098-6338585c3474f-e151b79e-33540cb2 {"name":"projects/petzia-f86b4/locations/us-central1/operations/operation-1745498428098-6338585c3474f-e151b79e-33540cb2","metadata":{"@type":"type.googleapis.com/google.cloud.functions.v2.OperationMetadata","createTime":"2025-04-24T12:40:28.809857600Z","target":"projects/petzia-f86b4/locations/us-central1/functions/onHotmartWebhook","verb":"update","cancelRequested":false,"apiVersion":"v2","requestResource":{"@type":"type.googleapis.com/google.cloud.functions.v2.Function","name":"projects/petzia-f86b4/locations/us-central1/functions/onHotmartWebhook","buildConfig":{"runtime":"nodejs20","entryPoint":"onHotmartWebhook","source":{"storageSource":{"bucket":"gcf-v2-sources-375896389326-us-central1","object":"onHotmartWebhook/function-source.zip","generation":"1745498428719598"}},"environmentVariables":{"GOOGLE_NODE_RUN_SCRIPTS":""},"dockerRepository":"projects/petzia-f86b4/locations/us-central1/repositories/gcf-artifacts","serviceAccount":"projects/petzia-f86b4/serviceAccounts/375896389326-compute@developer.gserviceaccount.com","automaticUpdatePolicy":{}},"serviceConfig":{"service":"projects/petzia-f86b4/locations/us-central1/services/onhotmartwebhook","timeoutSeconds":120,"environmentVariables":{"FIREBASE_CONFIG":"{\"projectId\":\"petzia-f86b4\",\"storageBucket\":\"petzia-f86b4.firebasestorage.app\"}","GCLOUD_PROJECT":"petzia-f86b4","EVENTARC_CLOUD_EVENT_SOURCE":"projects/petzia-f86b4/locations/us-central1/services/onHotmartWebhook","FUNCTION_TARGET":"onHotmartWebhook","LOG_EXECUTION_ID":"true","FUNCTION_SIGNATURE_TYPE":"http"},"ingressSettings":"ALLOW_ALL","uri":"https://onhotmartwebhook-dl6etbjehq-uc.a.run.app","serviceAccountEmail":"375896389326-compute@developer.gserviceaccount.com","availableMemory":"1024Mi","allTrafficOnLatestRevision":true,"revision":"onhotmartwebhook-00002-kev","maxInstanceRequestConcurrency":80,"availableCpu":"1"},"state":"ACTIVE","labels":{"deployment-tool":"cli-firebase","firebase-functions-hash":"f0f3740fcb2ec0967c1e80314ce9a1d353025f03"},"environment":"GEN_2","url":"https://us-central1-petzia-f86b4.cloudfunctions.net/onHotmartWebhook","satisfiesPzi":true},"stages":[{"name":"BUILD","message":"Build in progress","state":"IN_PROGRESS","resource":"projects/375896389326/locations/us-central1/builds/eb75f26a-f076-4c26-8917-dce587cd2db3","resourceUri":"https://console.cloud.google.com/cloud-build/builds;region=us-central1/eb75f26a-f076-4c26-8917-dce587cd2db3?project=375896389326"},{"name":"SERVICE","state":"NOT_STARTED"}],"operationType":"UPDATE_FUNCTION","buildName":"projects/375896389326/locations/us-central1/builds/eb75f26a-f076-4c26-8917-dce587cd2db3"},"done":false}
[debug] [2025-04-24T12:41:22.604Z] [update-default-us-central1-onHotmartWebhook] Retrying task index 0
[debug] [2025-04-24T12:41:22.604Z] Checked if tokens are valid: true, expires at: 1745502002487
[debug] [2025-04-24T12:41:22.604Z] Checked if tokens are valid: true, expires at: 1745502002487
[debug] [2025-04-24T12:41:22.605Z] >>> [apiv2][query] GET https://cloudfunctions.googleapis.com/v2/projects/petzia-f86b4/locations/us-central1/operations/operation-1745498428098-6338585c3474f-e151b79e-33540cb2 [none]
[debug] [2025-04-24T12:41:23.695Z] <<< [apiv2][status] GET https://cloudfunctions.googleapis.com/v2/projects/petzia-f86b4/locations/us-central1/operations/operation-1745498428098-6338585c3474f-e151b79e-33540cb2 200
[debug] [2025-04-24T12:41:23.696Z] <<< [apiv2][body] GET https://cloudfunctions.googleapis.com/v2/projects/petzia-f86b4/locations/us-central1/operations/operation-1745498428098-6338585c3474f-e151b79e-33540cb2 {"name":"projects/petzia-f86b4/locations/us-central1/operations/operation-1745498428098-6338585c3474f-e151b79e-33540cb2","metadata":{"@type":"type.googleapis.com/google.cloud.functions.v2.OperationMetadata","createTime":"2025-04-24T12:40:28.809857600Z","endTime":"2025-04-24T12:41:22.058907838Z","target":"projects/petzia-f86b4/locations/us-central1/functions/onHotmartWebhook","verb":"update","cancelRequested":false,"apiVersion":"v2","requestResource":{"@type":"type.googleapis.com/google.cloud.functions.v2.Function","name":"projects/petzia-f86b4/locations/us-central1/functions/onHotmartWebhook","buildConfig":{"runtime":"nodejs20","entryPoint":"onHotmartWebhook","source":{"storageSource":{"bucket":"gcf-v2-sources-375896389326-us-central1","object":"onHotmartWebhook/function-source.zip","generation":"1745498428719598"}},"environmentVariables":{"GOOGLE_NODE_RUN_SCRIPTS":""},"dockerRepository":"projects/petzia-f86b4/locations/us-central1/repositories/gcf-artifacts","serviceAccount":"projects/petzia-f86b4/serviceAccounts/375896389326-compute@developer.gserviceaccount.com","automaticUpdatePolicy":{}},"serviceConfig":{"service":"projects/petzia-f86b4/locations/us-central1/services/onhotmartwebhook","timeoutSeconds":120,"environmentVariables":{"FIREBASE_CONFIG":"{\"projectId\":\"petzia-f86b4\",\"storageBucket\":\"petzia-f86b4.firebasestorage.app\"}","GCLOUD_PROJECT":"petzia-f86b4","EVENTARC_CLOUD_EVENT_SOURCE":"projects/petzia-f86b4/locations/us-central1/services/onHotmartWebhook","FUNCTION_TARGET":"onHotmartWebhook","LOG_EXECUTION_ID":"true","FUNCTION_SIGNATURE_TYPE":"http"},"ingressSettings":"ALLOW_ALL","uri":"https://onhotmartwebhook-dl6etbjehq-uc.a.run.app","serviceAccountEmail":"375896389326-compute@developer.gserviceaccount.com","availableMemory":"1024Mi","allTrafficOnLatestRevision":true,"revision":"onhotmartwebhook-00002-kev","maxInstanceRequestConcurrency":80,"availableCpu":"1"},"state":"ACTIVE","labels":{"deployment-tool":"cli-firebase","firebase-functions-hash":"f0f3740fcb2ec0967c1e80314ce9a1d353025f03"},"environment":"GEN_2","url":"https://us-central1-petzia-f86b4.cloudfunctions.net/onHotmartWebhook","satisfiesPzi":true},"stages":[{"name":"SERVICE","state":"NOT_STARTED"}],"operationType":"UPDATE_FUNCTION"},"done":true,"error":{"code":3,"message":"Build failed with status: FAILURE and message: npm error code EUSAGE\nnpm error\nnpm error `npm ci` can only install packages when your package.json and package-lock.json or npm-shrinkwrap.json are in sync. Please update your lock file with `npm install` before continuing.\nnpm error\nnpm error Missing: jest@29.7.0 from lock file\nnpm error Missing: @jest/core@29.7.0 from lock file\nnpm error Missing: @jest/types@29.6.3 from lock file\nnpm error Missing: import-local@3.2.0 from lock file\nnpm error Missing: jest-cli@29.7.0 from lock file\nnpm error Missing: @jest/console@29.7.0 from lock file\nnpm error Missing: @jest/reporters@29.7.0 from lock file\nnpm error Missing: @jest/test-result@29.7.0 from lock file\nnpm error Missing: @jest/transform@29.7.0 from lock file\nnpm error Missing: ansi-escapes@4.3.2 from lock file\nnpm error Missing: chalk@4.1.2 from lock file\nnpm error Missing: ci-info@3.9.0 from lock file\nnpm error Missing: exit@0.1.2 from lock file\nnpm error Missing: graceful-fs@4.2.11 from lock file\nnpm error Missing: jest-changed-files@29.7.0 from lock file\nnpm error Missing: jest-config@29.7.0 from lock file\nnpm error Missing: jest-haste-map@29.7.0 from lock file\nnpm error Missing: jest-message-util@29.7.0 from lock file\nnpm error Missing: jest-regex-util@29.6.3 from lock file\nnpm error Missing: jest-resolve@29.7.0 from lock file\nnpm error Missing: jest-resolve-dependencies@29.7.0 from lock file\nnpm error Missing: jest-runner@29.7.0 from lock file\nnpm error Missing: jest-runtime@29.7.0 from lock file\nnpm error Missing: jest-snapshot@29.7.0 from lock file\nnpm error Missing: jest-util@29.7.0 from lock file\nnpm error Missing: jest-validate@29.7.0 from lock file\nnpm error Missing: jest-watcher@29.7.0 from lock file\nnpm error Missing: micromatch@4.0.8 from lock file\nnpm error Missing: pretty-format@29.7.0 from lock file\nnpm error Missing: slash@3.0.0 from lock file\nnpm error Missing: @bcoe/v8-coverage@0.2.3 from lock file\nnpm error Missing: @jridgewell/trace-mapping@0.3.25 from lock file\nnpm error Missing: collect-v8-coverage@1.0.2 from lock file\nnpm error Missing: glob@7.2.3 from lock file\nnpm error Missing: istanbul-lib-coverage@3.2.2 from lock file\nnpm error Missing: istanbul-lib-instrument@6.0.3 from lock file\nnpm error Missing: istanbul-lib-report@3.0.1 from lock file\nnpm error Missing: istanbul-lib-source-maps@4.0.1 from lock file\nnpm error Missing: istanbul-reports@3.1.7 from lock file\nnpm error Missing: jest-worker@29.7.0 from lock file\nnpm error Missing: string-length@4.0.2 from lock file\nnpm error Missing: v8-to-istanbul@9.3.0 from lock file\nnpm error Missing: @types/istanbul-lib-coverage@2.0.6 from lock file\nnpm error Missing: @babel/core@7.26.10 from lock file\nnpm error Missing: babel-plugin-istanbul@6.1.1 from lock file\nnpm error Missing: convert-source-map@2.0.0 from lock file\nnpm error Missing: fast-json-stable-stringify@2.1.0 from lock file\nnpm error Missing: pirates@4.0.7 from lock file\nnpm error Missing: write-file-atomic@4.0.2 from lock file\nnpm error Missing: @ampproject/remapping@2.3.0 from lock file\nnpm error Missing: @babel/code-frame@7.26.2 from lock file\nnpm error Missing: @babel/generator@7.27.0 from lock file\nnpm error Missing: @babel/helper-compilation-targets@7.27.0 from lock file\nnpm error Missing: @babel/helper-module-transforms@7.26.0 from lock file\nnpm error Missing: @babel/helpers@7.27.0 from lock file\nnpm error Missing: @babel/parser@7.27.0 from lock file\nnpm error Missing: @babel/template@7.27.0 from lock file\nnpm error Missing: @babel/traverse@7.27.0 from lock file\nnpm error Missing: @babel/types@7.27.0 from lock file\nnpm error Missing: debug@4.4.0 from lock file\nnpm error Missing: gensync@1.0.0-beta.2 from lock file\nnpm error Missing: json5@2.2.3 from lock file\nnpm error Missing: semver@6.3.1 from lock file\nnpm error Missing: @jridgewell/gen-mapping@0.3.8 from lock file\nnpm error Missing: @babel/helper-validator-identifier@7.25.9 from lock file\nnpm error Missing: js-tokens@4.0.0 from lock file\nnpm error Missing: picocolors@1.1.1 from lock file\nnpm error Missing: jsesc@3.1.0 from lock file\nnpm error Missing: @babel/compat-data@7.26.8 from lock file\nnpm error Missing: @babel/helper-validator-option@7.25.9 from lock file\nnpm error Missing: browserslist@4.24.4 from lock file\nnpm error Missing: lru-cache@5.1.1 from lock file\nnpm error Missing: semver@6.3.1 from lock file\nnpm error Missing: @babel/helper-module-imports@7.25.9 from lock file\nnpm error Missing: debug@4.4.0 from lock file\nnpm error Missing: globals@11.12.0 from lock file\nnpm error Missing: @babel/helper-string-parser@7.25.9 from lock file\nnpm error Missing: @jest/schemas@29.6.3 from lock file\nnpm error Missing: @types/istanbul-reports@3.0.4 from lock file\nnpm error Missing: @types/yargs@17.0.33 from lock file\nnpm error Missing: @sinclair/typebox@0.27.8 from lock file\nnpm error Missing: @jridgewell/set-array@1.2.1 from lock file\nnpm error Missing: @jridgewell/sourcemap-codec@1.5.0 from lock file\nnpm error Missing: @jridgewell/resolve-uri@3.1.2 from lock file\nnpm error Missing: @types/istanbul-lib-report@3.0.3 from lock file\nnpm error Missing: @types/yargs-parser@21.0.3 from lock file\nnpm error Missing: type-fest@0.21.3 from lock file\nnpm error Missing: @babel/helper-plugin-utils@7.26.5 from lock file\nnpm error Missing: @istanbuljs/load-nyc-config@1.1.0 from lock file\nnpm error Missing: @istanbuljs/schema@0.1.3 from lock file\nnpm error Missing: istanbul-lib-instrument@5.2.1 from lock file\nnpm error Missing: test-exclude@6.0.0 from lock file\nnpm error Missing: camelcase@5.3.1 from lock file\nnpm error Missing: find-up@4.1.0 from lock file\nnpm error Missing: get-package-type@0.1.0 from lock file\nnpm error Missing: js-yaml@3.14.1 from lock file\nnpm error Missing: resolve-from@5.0.0 from lock file\nnpm error Missing: caniuse-lite@1.0.30001715 from lock file\nnpm error Missing: electron-to-chromium@1.5.141 from lock file\nnpm error Missing: node-releases@2.0.19 from lock file\nnpm error Missing: update-browserslist-db@1.1.3 from lock file\nnpm error Missing: supports-color@7.2.0 from lock file\nnpm error Missing: locate-path@5.0.0 from lock file\nnpm error Missing: path-exists@4.0.0 from lock file\nnpm error Missing: fs.realpath@1.0.0 from lock file\nnpm error Missing: inflight@1.0.6 from lock file\nnpm error Missing: minimatch@3.1.2 from lock file\nnpm error Missing: path-is-absolute@1.0.1 from lock file\nnpm error Missing: pkg-dir@4.2.0 from lock file\nnpm error Missing: resolve-cwd@3.0.0 from lock file\nnpm error Missing: make-dir@4.0.0 from lock file\nnpm error Missing: debug@4.4.0 from lock file\nnpm error Missing: source-map@0.6.1 from lock file\nnpm error Missing: html-escaper@2.0.2 from lock file\nnpm error Missing: execa@5.1.1 from lock file\nnpm error Missing: cross-spawn@7.0.6 from lock file\nnpm error Missing: get-stream@6.0.1 from lock file\nnpm error Missing: human-signals@2.1.0 from lock file\nnpm error Missing: merge-stream@2.0.0 from lock file\nnpm error Missing: npm-run-path@4.0.1 from lock file\nnpm error Missing: onetime@5.1.2 from lock file\nnpm error Missing: signal-exit@3.0.7 from lock file\nnpm error Missing: strip-final-newline@2.0.0 from lock file\nnpm error Missing: path-key@3.1.1 from lock file\nnpm error Missing: shebang-command@2.0.0 from lock file\nnpm error Missing: which@2.0.2 from lock file\nnpm error Missing: create-jest@29.7.0 from lock file\nnpm error Missing: prompts@2.4.2 from lock file\nnpm error Missing: @jest/test-sequencer@29.7.0 from lock file\nnpm error Missing: babel-jest@29.7.0 from lock file\nnpm error Missing: deepmerge@4.3.1 from lock file\nnpm error Missing: jest-circus@29.7.0 from lock file\nnpm error Missing: jest-environment-node@29.7.0 from lock file\nnpm error Missing: jest-get-type@29.6.3 from lock file\nnpm error Missing: parse-json@5.2.0 from lock file\nnpm error Missing: strip-json-comments@3.1.1 from lock file\nnpm error Missing: @types/babel__core@7.20.5 from lock file\nnpm error Missing: babel-preset-jest@29.6.3 from lock file\nnpm error Missing: @types/babel__generator@7.27.0 from lock file\nnpm error Missing: @types/babel__template@7.4.4 from lock file\nnpm error Missing: @types/babel__traverse@7.20.7 from lock file\nnpm error Missing: babel-plugin-jest-hoist@29.6.3 from lock file\nnpm error Missing: babel-preset-current-node-syntax@1.1.0 from lock file\nnpm error Missing: @babel/plugin-syntax-async-generators@7.8.4 from lock file\nnpm error Missing: @babel/plugin-syntax-bigint@7.8.3 from lock file\nnpm error Missing: @babel/plugin-syntax-class-properties@7.12.13 from lock file\nnpm error Missing: @babel/plugin-syntax-class-static-block@7.14.5 from lock file\nnpm error Missing: @babel/plugin-syntax-import-attributes@7.26.0 from lock file\nnpm error Missing: @babel/plugin-syntax-import-meta@7.10.4 from lock file\nnpm error Missing: @babel/plugin-syntax-json-strings@7.8.3 from lock file\nnpm error Missing: @babel/plugin-syntax-logical-assignment-operators@7.10.4 from lock file\nnpm error Missing: @babel/plugin-syntax-nullish-coalescing-operator@7.8.3 from lock file\nnpm error Missing: @babel/plugin-syntax-numeric-separator@7.10.4 from lock file\nnpm error Missing: @babel/plugin-syntax-object-rest-spread@7.8.3 from lock file\nnpm error Missing: @babel/plugin-syntax-optional-catch-binding@7.8.3 from lock file\nnpm error Missing: @babel/plugin-syntax-optional-chaining@7.8.3 from lock file\nnpm error Missing: @babel/plugin-syntax-private-property-in-object@7.14.5 from lock file\nnpm error Missing: @babel/plugin-syntax-top-level-await@7.14.5 from lock file\nnpm error Missing: @jest/environment@29.7.0 from lock file\nnpm error Missing: @jest/expect@29.7.0 from lock file\nnpm error Missing: co@4.6.0 from lock file\nnpm error Missing: dedent@1.5.3 from lock file\nnpm error Missing: is-generator-fn@2.1.0 from lock file\nnpm error Missing: jest-each@29.7.0 from lock file\nnpm error Missing: jest-matcher-utils@29.7.0 from lock file\nnpm error Missing: pure-rand@6.1.0 from lock file\nnpm error Missing: stack-utils@2.0.6 from lock file\nnpm error Missing: @jest/fake-timers@29.7.0 from lock file\nnpm error Missing: jest-mock@29.7.0 from lock file\nnpm error Missing: expect@29.7.0 from lock file\nnpm error Missing: @sinonjs/fake-timers@10.3.0 from lock file\nnpm error Missing: @sinonjs/commons@3.0.1 from lock file\nnpm error Missing: type-detect@4.0.8 from lock file\nnpm error Missing: @jest/expect-utils@29.7.0 from lock file\nnpm error Missing: @types/graceful-fs@4.1.9 from lock file\nnpm error Missing: anymatch@3.1.3 from lock file\nnpm error Missing: fb-watchman@2.0.2 from lock file\nnpm error Missing: fsevents@2.3.3 from lock file\nnpm error Missing: walker@1.0.8 from lock file\nnpm error Missing: normalize-path@3.0.0 from lock file\nnpm error Missing: picomatch@2.3.1 from lock file\nnpm error Missing: bser@2.1.1 from lock file\nnpm error Missing: node-int64@0.4.0 from lock file\nnpm error Missing: jest-diff@29.7.0 from lock file\nnpm error Missing: diff-sequences@29.6.3 from lock file\nnpm error Missing: @types/stack-utils@2.0.3 from lock file\nnpm error Missing: jest-pnp-resolver@1.2.3 from lock file\nnpm error Missing: resolve@1.22.10 from lock file\nnpm error Missing: resolve.exports@2.0.3 from lock file\nnpm error Missing: emittery@0.13.1 from lock file\nnpm error Missing: jest-docblock@29.7.0 from lock file\nnpm error Missing: jest-leak-detector@29.7.0 from lock file\nnpm error Missing: source-map-support@0.5.13 from lock file\nnpm error Missing: detect-newline@3.1.0 from lock file\nnpm error Missing: @jest/globals@29.7.0 from lock file\nnpm error Missing: @jest/source-map@29.6.3 from lock file\nnpm error Missing: cjs-module-lexer@1.4.3 from lock file\nnpm error Missing: strip-bom@4.0.0 from lock file\nnpm error Missing: callsites@3.1.0 from lock file\nnpm error Missing: @babel/plugin-syntax-jsx@7.25.9 from lock file\nnpm error Missing: @babel/plugin-syntax-typescript@7.25.9 from lock file\nnpm error Missing: natural-compare@1.4.0 from lock file\nnpm error Missing: camelcase@6.3.0 from lock file\nnpm error Missing: leven@3.1.0 from lock file\nnpm error Missing: supports-color@8.1.1 from lock file\nnpm error Missing: argparse@1.0.10 from lock file\nnpm error Missing: esprima@4.0.1 from lock file\nnpm error Missing: sprintf-js@1.0.3 from lock file\nnpm error Missing: p-locate@4.1.0 from lock file\nnpm error Missing: braces@3.0.3 from lock file\nnpm error Missing: fill-range@7.1.1 from lock file\nnpm error Missing: to-regex-range@5.0.1 from lock file\nnpm error Missing: brace-expansion@1.1.11 from lock file\nnpm error Missing: balanced-match@1.0.2 from lock file\nnpm error Missing: concat-map@0.0.1 from lock file\nnpm error Missing: mimic-fn@2.1.0 from lock file\nnpm error Missing: p-limit@2.3.0 from lock file\nnpm error Missing: error-ex@1.3.2 from lock file\nnpm error Missing: json-parse-even-better-errors@2.3.1 from lock file\nnpm error Missing: lines-and-columns@1.2.4 from lock file\nnpm error Missing: is-arrayish@0.2.1 from lock file\nnpm error Missing: ansi-styles@5.2.0 from lock file\nnpm error Missing: react-is@18.3.1 from lock file\nnpm error Missing: kleur@3.0.3 from lock file\nnpm error Missing: sisteransi@1.0.5 from lock file\nnpm error Missing: is-core-module@2.16.1 from lock file\nnpm error Missing: path-parse@1.0.7 from lock file\nnpm error Missing: supports-preserve-symlinks-flag@1.0.0 from lock file\nnpm error Missing: shebang-regex@3.0.0 from lock file\nnpm error Missing: buffer-from@1.1.2 from lock file\nnpm error Missing: escape-string-regexp@2.0.0 from lock file\nnpm error Missing: char-regex@1.0.2 from lock file\nnpm error Missing: has-flag@4.0.0 from lock file\nnpm error Missing: is-number@7.0.0 from lock file\nnpm error Missing: makeerror@1.0.12 from lock file\nnpm error Missing: tmpl@1.0.5 from lock file\nnpm error Missing: isexe@2.0.0 from lock file\nnpm error Missing: imurmurhash@0.1.4 from lock file\nnpm error Missing: ms@2.1.3 from lock file\nnpm error Missing: yallist@3.1.1 from lock file\nnpm error Missing: ms@2.1.3 from lock file\nnpm error Missing: semver@6.3.1 from lock file\nnpm error Missing: ms@2.1.3 from lock file\nnpm error Missing: p-try@2.2.0 from lock file\nnpm error\nnpm error Clean install a project\nnpm error\nnpm error Usage:\nnpm error npm ci\nnpm error\nnpm error Options:\nnpm error [--install-strategy <hoisted|nested|shallow|linked>] [--legacy-bundling]\nnpm error [--global-style] [--omit <dev|optional|peer> [--omit <dev|optional|peer> ...]]\nnpm error [--include <prod|dev|optional|peer> [--include <prod|dev|optional|peer> ...]]\nnpm error [--strict-peer-deps] [--foreground-scripts] [--ignore-scripts] [--no-audit]\nnpm error [--no-bin-links] [--no-fund] [--dry-run]\nnpm error [-w|--workspace <workspace-name> [-w|--workspace <workspace-name> ...]]\nnpm error [-ws|--workspaces] [--include-workspace-root] [--install-links]\nnpm error\nnpm error aliases: clean-install, ic, install-clean, isntall-clean\nnpm error\nnpm error Run \"npm help ci\" for more info\nnpm error A complete log of this run can be found in: /www-data-home/.npm/_logs/2025-04-24T12_40_49_173Z-debug-0.log. For more details see the logs at https://console.cloud.google.com/cloud-build/builds;region=us-central1/eb75f26a-f076-4c26-8917-dce587cd2db3?project=375896389326."}}
[debug] [2025-04-24T12:41:23.696Z] Got source token undefined for region us-central1
[error] Build failed with status: FAILURE and message: npm error code EUSAGE
npm error
npm error `npm ci` can only install packages when your package.json and package-lock.json or npm-shrinkwrap.json are in sync. Please update your lock file with `npm install` before continuing.
npm error
npm error Missing: jest@29.7.0 from lock file
npm error Missing: @jest/core@29.7.0 from lock file
npm error Missing: @jest/types@29.6.3 from lock file
npm error Missing: import-local@3.2.0 from lock file
npm error Missing: jest-cli@29.7.0 from lock file
npm error Missing: @jest/console@29.7.0 from lock file
npm error Missing: @jest/reporters@29.7.0 from lock file
npm error Missing: @jest/test-result@29.7.0 from lock file
npm error Missing: @jest/transform@29.7.0 from lock file
npm error Missing: ansi-escapes@4.3.2 from lock file
npm error Missing: chalk@4.1.2 from lock file
npm error Missing: ci-info@3.9.0 from lock file
npm error Missing: exit@0.1.2 from lock file
npm error Missing: graceful-fs@4.2.11 from lock file
npm error Missing: jest-changed-files@29.7.0 from lock file
npm error Missing: jest-config@29.7.0 from lock file
npm error Missing: jest-haste-map@29.7.0 from lock file
npm error Missing: jest-message-util@29.7.0 from lock file
npm error Missing: jest-regex-util@29.6.3 from lock file
npm error Missing: jest-resolve@29.7.0 from lock file
npm error Missing: jest-resolve-dependencies@29.7.0 from lock file
npm error Missing: jest-runner@29.7.0 from lock file
npm error Missing: jest-runtime@29.7.0 from lock file
npm error Missing: jest-snapshot@29.7.0 from lock file
npm error Missing: jest-util@29.7.0 from lock file
npm error Missing: jest-validate@29.7.0 from lock file
npm error Missing: jest-watcher@29.7.0 from lock file
npm error Missing: micromatch@4.0.8 from lock file
npm error Missing: pretty-format@29.7.0 from lock file
npm error Missing: slash@3.0.0 from lock file
npm error Missing: @bcoe/v8-coverage@0.2.3 from lock file
npm error Missing: @jridgewell/trace-mapping@0.3.25 from lock file
npm error Missing: collect-v8-coverage@1.0.2 from lock file
npm error Missing: glob@7.2.3 from lock file
npm error Missing: istanbul-lib-coverage@3.2.2 from lock file
npm error Missing: istanbul-lib-instrument@6.0.3 from lock file
npm error Missing: istanbul-lib-report@3.0.1 from lock file
npm error Missing: istanbul-lib-source-maps@4.0.1 from lock file
npm error Missing: istanbul-reports@3.1.7 from lock file
npm error Missing: jest-worker@29.7.0 from lock file
npm error Missing: string-length@4.0.2 from lock file
npm error Missing: v8-to-istanbul@9.3.0 from lock file
npm error Missing: @types/istanbul-lib-coverage@2.0.6 from lock file
npm error Missing: @babel/core@7.26.10 from lock file
npm error Missing: babel-plugin-istanbul@6.1.1 from lock file
npm error Missing: convert-source-map@2.0.0 from lock file
npm error Missing: fast-json-stable-stringify@2.1.0 from lock file
npm error Missing: pirates@4.0.7 from lock file
npm error Missing: write-file-atomic@4.0.2 from lock file
npm error Missing: @ampproject/remapping@2.3.0 from lock file
npm error Missing: @babel/code-frame@7.26.2 from lock file
npm error Missing: @babel/generator@7.27.0 from lock file
npm error Missing: @babel/helper-compilation-targets@7.27.0 from lock file
npm error Missing: @babel/helper-module-transforms@7.26.0 from lock file
npm error Missing: @babel/helpers@7.27.0 from lock file
npm error Missing: @babel/parser@7.27.0 from lock file
npm error Missing: @babel/template@7.27.0 from lock file
npm error Missing: @babel/traverse@7.27.0 from lock file
npm error Missing: @babel/types@7.27.0 from lock file
npm error Missing: debug@4.4.0 from lock file
npm error Missing: gensync@1.0.0-beta.2 from lock file
npm error Missing: json5@2.2.3 from lock file
npm error Missing: semver@6.3.1 from lock file
npm error Missing: @jridgewell/gen-mapping@0.3.8 from lock file
npm error Missing: @babel/helper-validator-identifier@7.25.9 from lock file
npm error Missing: js-tokens@4.0.0 from lock file
npm error Missing: picocolors@1.1.1 from lock file
npm error Missing: jsesc@3.1.0 from lock file
npm error Missing: @babel/compat-data@7.26.8 from lock file
npm error Missing: @babel/helper-validator-option@7.25.9 from lock file
npm error Missing: browserslist@4.24.4 from lock file
npm error Missing: lru-cache@5.1.1 from lock file
npm error Missing: semver@6.3.1 from lock file
npm error Missing: @babel/helper-module-imports@7.25.9 from lock file
npm error Missing: debug@4.4.0 from lock file
npm error Missing: globals@11.12.0 from lock file
npm error Missing: @babel/helper-string-parser@7.25.9 from lock file
npm error Missing: @jest/schemas@29.6.3 from lock file
npm error Missing: @types/istanbul-reports@3.0.4 from lock file
npm error Missing: @types/yargs@17.0.33 from lock file
npm error Missing: @sinclair/typebox@0.27.8 from lock file
npm error Missing: @jridgewell/set-array@1.2.1 from lock file
npm error Missing: @jridgewell/sourcemap-codec@1.5.0 from lock file
npm error Missing: @jridgewell/resolve-uri@3.1.2 from lock file
npm error Missing: @types/istanbul-lib-report@3.0.3 from lock file
npm error Missing: @types/yargs-parser@21.0.3 from lock file
npm error Missing: type-fest@0.21.3 from lock file
npm error Missing: @babel/helper-plugin-utils@7.26.5 from lock file
npm error Missing: @istanbuljs/load-nyc-config@1.1.0 from lock file
npm error Missing: @istanbuljs/schema@0.1.3 from lock file
npm error Missing: istanbul-lib-instrument@5.2.1 from lock file
npm error Missing: test-exclude@6.0.0 from lock file
npm error Missing: camelcase@5.3.1 from lock file
npm error Missing: find-up@4.1.0 from lock file
npm error Missing: get-package-type@0.1.0 from lock file
npm error Missing: js-yaml@3.14.1 from lock file
npm error Missing: resolve-from@5.0.0 from lock file
npm error Missing: caniuse-lite@1.0.30001715 from lock file
npm error Missing: electron-to-chromium@1.5.141 from lock file
npm error Missing: node-releases@2.0.19 from lock file
npm error Missing: update-browserslist-db@1.1.3 from lock file
npm error Missing: supports-color@7.2.0 from lock file
npm error Missing: locate-path@5.0.0 from lock file
npm error Missing: path-exists@4.0.0 from lock file
npm error Missing: fs.realpath@1.0.0 from lock file
npm error Missing: inflight@1.0.6 from lock file
npm error Missing: minimatch@3.1.2 from lock file
npm error Missing: path-is-absolute@1.0.1 from lock file
npm error Missing: pkg-dir@4.2.0 from lock file
npm error Missing: resolve-cwd@3.0.0 from lock file
npm error Missing: make-dir@4.0.0 from lock file
npm error Missing: debug@4.4.0 from lock file
npm error Missing: source-map@0.6.1 from lock file
npm error Missing: html-escaper@2.0.2 from lock file
npm error Missing: execa@5.1.1 from lock file
npm error Missing: cross-spawn@7.0.6 from lock file
npm error Missing: get-stream@6.0.1 from lock file
npm error Missing: human-signals@2.1.0 from lock file
npm error Missing: merge-stream@2.0.0 from lock file
npm error Missing: npm-run-path@4.0.1 from lock file
npm error Missing: onetime@5.1.2 from lock file
npm error Missing: signal-exit@3.0.7 from lock file
npm error Missing: strip-final-newline@2.0.0 from lock file
npm error Missing: path-key@3.1.1 from lock file
npm error Missing: shebang-command@2.0.0 from lock file
npm error Missing: which@2.0.2 from lock file
npm error Missing: create-jest@29.7.0 from lock file
npm error Missing: prompts@2.4.2 from lock file
npm error Missing: @jest/test-sequencer@29.7.0 from lock file
npm error Missing: babel-jest@29.7.0 from lock file
npm error Missing: deepmerge@4.3.1 from lock file
npm error Missing: jest-circus@29.7.0 from lock file
npm error Missing: jest-environment-node@29.7.0 from lock file
npm error Missing: jest-get-type@29.6.3 from lock file
npm error Missing: parse-json@5.2.0 from lock file
npm error Missing: strip-json-comments@3.1.1 from lock file
npm error Missing: @types/babel__core@7.20.5 from lock file
npm error Missing: babel-preset-jest@29.6.3 from lock file
npm error Missing: @types/babel__generator@7.27.0 from lock file
npm error Missing: @types/babel__template@7.4.4 from lock file
npm error Missing: @types/babel__traverse@7.20.7 from lock file
npm error Missing: babel-plugin-jest-hoist@29.6.3 from lock file
npm error Missing: babel-preset-current-node-syntax@1.1.0 from lock file
npm error Missing: @babel/plugin-syntax-async-generators@7.8.4 from lock file
npm error Missing: @babel/plugin-syntax-bigint@7.8.3 from lock file
npm error Missing: @babel/plugin-syntax-class-properties@7.12.13 from lock file
npm error Missing: @babel/plugin-syntax-class-static-block@7.14.5 from lock file
npm error Missing: @babel/plugin-syntax-import-attributes@7.26.0 from lock file
npm error Missing: @babel/plugin-syntax-import-meta@7.10.4 from lock file
npm error Missing: @babel/plugin-syntax-json-strings@7.8.3 from lock file
npm error Missing: @babel/plugin-syntax-logical-assignment-operators@7.10.4 from lock file
npm error Missing: @babel/plugin-syntax-nullish-coalescing-operator@7.8.3 from lock file
npm error Missing: @babel/plugin-syntax-numeric-separator@7.10.4 from lock file
npm error Missing: @babel/plugin-syntax-object-rest-spread@7.8.3 from lock file
npm error Missing: @babel/plugin-syntax-optional-catch-binding@7.8.3 from lock file
npm error Missing: @babel/plugin-syntax-optional-chaining@7.8.3 from lock file
npm error Missing: @babel/plugin-syntax-private-property-in-object@7.14.5 from lock file
npm error Missing: @babel/plugin-syntax-top-level-await@7.14.5 from lock file
npm error Missing: @jest/environment@29.7.0 from lock file
npm error Missing: @jest/expect@29.7.0 from lock file
npm error Missing: co@4.6.0 from lock file
npm error Missing: dedent@1.5.3 from lock file
npm error Missing: is-generator-fn@2.1.0 from lock file
npm error Missing: jest-each@29.7.0 from lock file
npm error Missing: jest-matcher-utils@29.7.0 from lock file
npm error Missing: pure-rand@6.1.0 from lock file
npm error Missing: stack-utils@2.0.6 from lock file
npm error Missing: @jest/fake-timers@29.7.0 from lock file
npm error Missing: jest-mock@29.7.0 from lock file
npm error Missing: expect@29.7.0 from lock file
npm error Missing: @sinonjs/fake-timers@10.3.0 from lock file
npm error Missing: @sinonjs/commons@3.0.1 from lock file
npm error Missing: type-detect@4.0.8 from lock file
npm error Missing: @jest/expect-utils@29.7.0 from lock file
npm error Missing: @types/graceful-fs@4.1.9 from lock file
npm error Missing: anymatch@3.1.3 from lock file
npm error Missing: fb-watchman@2.0.2 from lock file
npm error Missing: fsevents@2.3.3 from lock file
npm error Missing: walker@1.0.8 from lock file
npm error Missing: normalize-path@3.0.0 from lock file
npm error Missing: picomatch@2.3.1 from lock file
npm error Missing: bser@2.1.1 from lock file
npm error Missing: node-int64@0.4.0 from lock file
npm error Missing: jest-diff@29.7.0 from lock file
npm error Missing: diff-sequences@29.6.3 from lock file
npm error Missing: @types/stack-utils@2.0.3 from lock file
npm error Missing: jest-pnp-resolver@1.2.3 from lock file
npm error Missing: resolve@1.22.10 from lock file
npm error Missing: resolve.exports@2.0.3 from lock file
npm error Missing: emittery@0.13.1 from lock file
npm error Missing: jest-docblock@29.7.0 from lock file
npm error Missing: jest-leak-detector@29.7.0 from lock file
npm error Missing: source-map-support@0.5.13 from lock file
npm error Missing: detect-newline@3.1.0 from lock file
npm error Missing: @jest/globals@29.7.0 from lock file
npm error Missing: @jest/source-map@29.6.3 from lock file
npm error Missing: cjs-module-lexer@1.4.3 from lock file
npm error Missing: strip-bom@4.0.0 from lock file
npm error Missing: callsites@3.1.0 from lock file
npm error Missing: @babel/plugin-syntax-jsx@7.25.9 from lock file
npm error Missing: @babel/plugin-syntax-typescript@7.25.9 from lock file
npm error Missing: natural-compare@1.4.0 from lock file
npm error Missing: camelcase@6.3.0 from lock file
npm error Missing: leven@3.1.0 from lock file
npm error Missing: supports-color@8.1.1 from lock file
npm error Missing: argparse@1.0.10 from lock file
npm error Missing: esprima@4.0.1 from lock file
npm error Missing: sprintf-js@1.0.3 from lock file
npm error Missing: p-locate@4.1.0 from lock file
npm error Missing: braces@3.0.3 from lock file
npm error Missing: fill-range@7.1.1 from lock file
npm error Missing: to-regex-range@5.0.1 from lock file
npm error Missing: brace-expansion@1.1.11 from lock file
npm error Missing: balanced-match@1.0.2 from lock file
npm error Missing: concat-map@0.0.1 from lock file
npm error Missing: mimic-fn@2.1.0 from lock file
npm error Missing: p-limit@2.3.0 from lock file
npm error Missing: error-ex@1.3.2 from lock file
npm error Missing: json-parse-even-better-errors@2.3.1 from lock file
npm error Missing: lines-and-columns@1.2.4 from lock file
npm error Missing: is-arrayish@0.2.1 from lock file
npm error Missing: ansi-styles@5.2.0 from lock file
npm error Missing: react-is@18.3.1 from lock file
npm error Missing: kleur@3.0.3 from lock file
npm error Missing: sisteransi@1.0.5 from lock file
npm error Missing: is-core-module@2.16.1 from lock file
npm error Missing: path-parse@1.0.7 from lock file
npm error Missing: supports-preserve-symlinks-flag@1.0.0 from lock file
npm error Missing: shebang-regex@3.0.0 from lock file
npm error Missing: buffer-from@1.1.2 from lock file
npm error Missing: escape-string-regexp@2.0.0 from lock file
npm error Missing: char-regex@1.0.2 from lock file
npm error Missing: has-flag@4.0.0 from lock file
npm error Missing: is-number@7.0.0 from lock file
npm error Missing: makeerror@1.0.12 from lock file
npm error Missing: tmpl@1.0.5 from lock file
npm error Missing: isexe@2.0.0 from lock file
npm error Missing: imurmurhash@0.1.4 from lock file
npm error Missing: ms@2.1.3 from lock file
npm error Missing: yallist@3.1.1 from lock file
npm error Missing: ms@2.1.3 from lock file
npm error Missing: semver@6.3.1 from lock file
npm error Missing: ms@2.1.3 from lock file
npm error Missing: p-try@2.2.0 from lock file
npm error
npm error Clean install a project
npm error
npm error Usage:
npm error npm ci
npm error
npm error Options:
npm error [--install-strategy <hoisted|nested|shallow|linked>] [--legacy-bundling]
npm error [--global-style] [--omit <dev|optional|peer> [--omit <dev|optional|peer> ...]]
npm error [--include <prod|dev|optional|peer> [--include <prod|dev|optional|peer> ...]]
npm error [--strict-peer-deps] [--foreground-scripts] [--ignore-scripts] [--no-audit]
npm error [--no-bin-links] [--no-fund] [--dry-run]
npm error [-w|--workspace <workspace-name> [-w|--workspace <workspace-name> ...]]
npm error [-ws|--workspaces] [--include-workspace-root] [--install-links]
npm error
npm error aliases: clean-install, ic, install-clean, isntall-clean
npm error
npm error Run "npm help ci" for more info
npm error A complete log of this run can be found in: /www-data-home/.npm/_logs/2025-04-24T12_40_49_173Z-debug-0.log. For more details see the logs at https://console.cloud.google.com/cloud-build/builds;region=us-central1/eb75f26a-f076-4c26-8917-dce587cd2db3?project=375896389326.
[debug] [2025-04-24T12:41:23.703Z] Total Function Deployment time: 56742
[debug] [2025-04-24T12:41:23.703Z] 1 Functions Deployed
[debug] [2025-04-24T12:41:23.703Z] 1 Functions Errored
[debug] [2025-04-24T12:41:23.703Z] 0 Function Deployments Aborted
[debug] [2025-04-24T12:41:23.703Z] Average Function Deployment time: 56741
[info] 
[info] Functions deploy had errors with the following functions:
	onHotmartWebhook(us-central1)
[debug] [2025-04-24T12:41:23.849Z] Not printing URL for HTTPS function. Typically this means it didn't match a filter or we failed deployment
[debug] [2025-04-24T12:41:23.849Z] Checked if tokens are valid: true, expires at: 1745502002487
[debug] [2025-04-24T12:41:23.849Z] Checked if tokens are valid: true, expires at: 1745502002487
[debug] [2025-04-24T12:41:23.849Z] >>> [apiv2][query] GET https://artifactregistry.googleapis.com/v1/projects/petzia-f86b4/locations/us-central1/repositories/gcf-artifacts [none]
[debug] [2025-04-24T12:41:25.049Z] <<< [apiv2][status] GET https://artifactregistry.googleapis.com/v1/projects/petzia-f86b4/locations/us-central1/repositories/gcf-artifacts 200
[debug] [2025-04-24T12:41:25.049Z] <<< [apiv2][body] GET https://artifactregistry.googleapis.com/v1/projects/petzia-f86b4/locations/us-central1/repositories/gcf-artifacts {"name":"projects/petzia-f86b4/locations/us-central1/repositories/gcf-artifacts","format":"DOCKER","description":"This repository is created and used by Cloud Functions for storing function docker images.","labels":{"goog-managed-by":"cloudfunctions"},"createTime":"2025-02-23T17:51:38.728544Z","updateTime":"2025-04-24T08:07:45.901842Z","mode":"STANDARD_REPOSITORY","cleanupPolicies":{"firebase-functions-cleanup":{"id":"firebase-functions-cleanup","action":"DELETE","condition":{"tagState":"ANY","olderThan":"86400s"}}},"sizeBytes":"86143454","vulnerabilityScanningConfig":{"lastEnableTime":"2025-02-23T17:51:30.197316187Z","enablementState":"SCANNING_DISABLED","enablementStateReason":"API containerscanning.googleapis.com is not enabled."},"satisfiesPzi":true,"registryUri":"us-central1-docker.pkg.dev/petzia-f86b4/gcf-artifacts"}
[debug] [2025-04-24T12:41:25.049Z] Functions deploy failed.
[debug] [2025-04-24T12:41:25.050Z] {
  "endpoint": {
    "id": "onHotmartWebhook",
    "project": "petzia-f86b4",
    "region": "us-central1",
    "entryPoint": "onHotmartWebhook",
    "platform": "gcfv2",
    "runtime": "nodejs20",
    "httpsTrigger": {},
    "labels": {
      "deployment-tool": "cli-firebase"
    },
    "serviceAccount": null,
    "ingressSettings": null,
    "availableMemoryMb": 1024,
    "timeoutSeconds": 120,
    "maxInstances": null,
    "minInstances": null,
    "concurrency": 80,
    "vpc": null,
    "environmentVariables": {
      "FIREBASE_CONFIG": "{\"projectId\":\"petzia-f86b4\",\"storageBucket\":\"petzia-f86b4.firebasestorage.app\"}",
      "GCLOUD_PROJECT": "petzia-f86b4",
      "EVENTARC_CLOUD_EVENT_SOURCE": "projects/petzia-f86b4/locations/us-central1/services/onHotmartWebhook",
      "FUNCTION_TARGET": "onHotmartWebhook",
      "LOG_EXECUTION_ID": "true",
      "FUNCTION_SIGNATURE_TYPE": "http"
    },
    "codebase": "default",
    "runServiceId": "onhotmartwebhook",
    "cpu": 1,
    "securityLevel": "SECURE_ALWAYS",
    "targetedByOnly": true,
    "hash": "f0f3740fcb2ec0967c1e80314ce9a1d353025f03"
  },
  "op": "update",
  "original": {
    "name": "FirebaseError",
    "children": [],
    "exit": 1,
    "message": "Build failed with status: FAILURE and message: npm error code EUSAGE\nnpm error\nnpm error `npm ci` can only install packages when your package.json and package-lock.json or npm-shrinkwrap.json are in sync. Please update your lock file with `npm install` before continuing.\nnpm error\nnpm error Missing: jest@29.7.0 from lock file\nnpm error Missing: @jest/core@29.7.0 from lock file\nnpm error Missing: @jest/types@29.6.3 from lock file\nnpm error Missing: import-local@3.2.0 from lock file\nnpm error Missing: jest-cli@29.7.0 from lock file\nnpm error Missing: @jest/console@29.7.0 from lock file\nnpm error Missing: @jest/reporters@29.7.0 from lock file\nnpm error Missing: @jest/test-result@29.7.0 from lock file\nnpm error Missing: @jest/transform@29.7.0 from lock file\nnpm error Missing: ansi-escapes@4.3.2 from lock file\nnpm error Missing: chalk@4.1.2 from lock file\nnpm error Missing: ci-info@3.9.0 from lock file\nnpm error Missing: exit@0.1.2 from lock file\nnpm error Missing: graceful-fs@4.2.11 from lock file\nnpm error Missing: jest-changed-files@29.7.0 from lock file\nnpm error Missing: jest-config@29.7.0 from lock file\nnpm error Missing: jest-haste-map@29.7.0 from lock file\nnpm error Missing: jest-message-util@29.7.0 from lock file\nnpm error Missing: jest-regex-util@29.6.3 from lock file\nnpm error Missing: jest-resolve@29.7.0 from lock file\nnpm error Missing: jest-resolve-dependencies@29.7.0 from lock file\nnpm error Missing: jest-runner@29.7.0 from lock file\nnpm error Missing: jest-runtime@29.7.0 from lock file\nnpm error Missing: jest-snapshot@29.7.0 from lock file\nnpm error Missing: jest-util@29.7.0 from lock file\nnpm error Missing: jest-validate@29.7.0 from lock file\nnpm error Missing: jest-watcher@29.7.0 from lock file\nnpm error Missing: micromatch@4.0.8 from lock file\nnpm error Missing: pretty-format@29.7.0 from lock file\nnpm error Missing: slash@3.0.0 from lock file\nnpm error Missing: @bcoe/v8-coverage@0.2.3 from lock file\nnpm error Missing: @jridgewell/trace-mapping@0.3.25 from lock file\nnpm error Missing: collect-v8-coverage@1.0.2 from lock file\nnpm error Missing: glob@7.2.3 from lock file\nnpm error Missing: istanbul-lib-coverage@3.2.2 from lock file\nnpm error Missing: istanbul-lib-instrument@6.0.3 from lock file\nnpm error Missing: istanbul-lib-report@3.0.1 from lock file\nnpm error Missing: istanbul-lib-source-maps@4.0.1 from lock file\nnpm error Missing: istanbul-reports@3.1.7 from lock file\nnpm error Missing: jest-worker@29.7.0 from lock file\nnpm error Missing: string-length@4.0.2 from lock file\nnpm error Missing: v8-to-istanbul@9.3.0 from lock file\nnpm error Missing: @types/istanbul-lib-coverage@2.0.6 from lock file\nnpm error Missing: @babel/core@7.26.10 from lock file\nnpm error Missing: babel-plugin-istanbul@6.1.1 from lock file\nnpm error Missing: convert-source-map@2.0.0 from lock file\nnpm error Missing: fast-json-stable-stringify@2.1.0 from lock file\nnpm error Missing: pirates@4.0.7 from lock file\nnpm error Missing: write-file-atomic@4.0.2 from lock file\nnpm error Missing: @ampproject/remapping@2.3.0 from lock file\nnpm error Missing: @babel/code-frame@7.26.2 from lock file\nnpm error Missing: @babel/generator@7.27.0 from lock file\nnpm error Missing: @babel/helper-compilation-targets@7.27.0 from lock file\nnpm error Missing: @babel/helper-module-transforms@7.26.0 from lock file\nnpm error Missing: @babel/helpers@7.27.0 from lock file\nnpm error Missing: @babel/parser@7.27.0 from lock file\nnpm error Missing: @babel/template@7.27.0 from lock file\nnpm error Missing: @babel/traverse@7.27.0 from lock file\nnpm error Missing: @babel/types@7.27.0 from lock file\nnpm error Missing: debug@4.4.0 from lock file\nnpm error Missing: gensync@1.0.0-beta.2 from lock file\nnpm error Missing: json5@2.2.3 from lock file\nnpm error Missing: semver@6.3.1 from lock file\nnpm error Missing: @jridgewell/gen-mapping@0.3.8 from lock file\nnpm error Missing: @babel/helper-validator-identifier@7.25.9 from lock file\nnpm error Missing: js-tokens@4.0.0 from lock file\nnpm error Missing: picocolors@1.1.1 from lock file\nnpm error Missing: jsesc@3.1.0 from lock file\nnpm error Missing: @babel/compat-data@7.26.8 from lock file\nnpm error Missing: @babel/helper-validator-option@7.25.9 from lock file\nnpm error Missing: browserslist@4.24.4 from lock file\nnpm error Missing: lru-cache@5.1.1 from lock file\nnpm error Missing: semver@6.3.1 from lock file\nnpm error Missing: @babel/helper-module-imports@7.25.9 from lock file\nnpm error Missing: debug@4.4.0 from lock file\nnpm error Missing: globals@11.12.0 from lock file\nnpm error Missing: @babel/helper-string-parser@7.25.9 from lock file\nnpm error Missing: @jest/schemas@29.6.3 from lock file\nnpm error Missing: @types/istanbul-reports@3.0.4 from lock file\nnpm error Missing: @types/yargs@17.0.33 from lock file\nnpm error Missing: @sinclair/typebox@0.27.8 from lock file\nnpm error Missing: @jridgewell/set-array@1.2.1 from lock file\nnpm error Missing: @jridgewell/sourcemap-codec@1.5.0 from lock file\nnpm error Missing: @jridgewell/resolve-uri@3.1.2 from lock file\nnpm error Missing: @types/istanbul-lib-report@3.0.3 from lock file\nnpm error Missing: @types/yargs-parser@21.0.3 from lock file\nnpm error Missing: type-fest@0.21.3 from lock file\nnpm error Missing: @babel/helper-plugin-utils@7.26.5 from lock file\nnpm error Missing: @istanbuljs/load-nyc-config@1.1.0 from lock file\nnpm error Missing: @istanbuljs/schema@0.1.3 from lock file\nnpm error Missing: istanbul-lib-instrument@5.2.1 from lock file\nnpm error Missing: test-exclude@6.0.0 from lock file\nnpm error Missing: camelcase@5.3.1 from lock file\nnpm error Missing: find-up@4.1.0 from lock file\nnpm error Missing: get-package-type@0.1.0 from lock file\nnpm error Missing: js-yaml@3.14.1 from lock file\nnpm error Missing: resolve-from@5.0.0 from lock file\nnpm error Missing: caniuse-lite@1.0.30001715 from lock file\nnpm error Missing: electron-to-chromium@1.5.141 from lock file\nnpm error Missing: node-releases@2.0.19 from lock file\nnpm error Missing: update-browserslist-db@1.1.3 from lock file\nnpm error Missing: supports-color@7.2.0 from lock file\nnpm error Missing: locate-path@5.0.0 from lock file\nnpm error Missing: path-exists@4.0.0 from lock file\nnpm error Missing: fs.realpath@1.0.0 from lock file\nnpm error Missing: inflight@1.0.6 from lock file\nnpm error Missing: minimatch@3.1.2 from lock file\nnpm error Missing: path-is-absolute@1.0.1 from lock file\nnpm error Missing: pkg-dir@4.2.0 from lock file\nnpm error Missing: resolve-cwd@3.0.0 from lock file\nnpm error Missing: make-dir@4.0.0 from lock file\nnpm error Missing: debug@4.4.0 from lock file\nnpm error Missing: source-map@0.6.1 from lock file\nnpm error Missing: html-escaper@2.0.2 from lock file\nnpm error Missing: execa@5.1.1 from lock file\nnpm error Missing: cross-spawn@7.0.6 from lock file\nnpm error Missing: get-stream@6.0.1 from lock file\nnpm error Missing: human-signals@2.1.0 from lock file\nnpm error Missing: merge-stream@2.0.0 from lock file\nnpm error Missing: npm-run-path@4.0.1 from lock file\nnpm error Missing: onetime@5.1.2 from lock file\nnpm error Missing: signal-exit@3.0.7 from lock file\nnpm error Missing: strip-final-newline@2.0.0 from lock file\nnpm error Missing: path-key@3.1.1 from lock file\nnpm error Missing: shebang-command@2.0.0 from lock file\nnpm error Missing: which@2.0.2 from lock file\nnpm error Missing: create-jest@29.7.0 from lock file\nnpm error Missing: prompts@2.4.2 from lock file\nnpm error Missing: @jest/test-sequencer@29.7.0 from lock file\nnpm error Missing: babel-jest@29.7.0 from lock file\nnpm error Missing: deepmerge@4.3.1 from lock file\nnpm error Missing: jest-circus@29.7.0 from lock file\nnpm error Missing: jest-environment-node@29.7.0 from lock file\nnpm error Missing: jest-get-type@29.6.3 from lock file\nnpm error Missing: parse-json@5.2.0 from lock file\nnpm error Missing: strip-json-comments@3.1.1 from lock file\nnpm error Missing: @types/babel__core@7.20.5 from lock file\nnpm error Missing: babel-preset-jest@29.6.3 from lock file\nnpm error Missing: @types/babel__generator@7.27.0 from lock file\nnpm error Missing: @types/babel__template@7.4.4 from lock file\nnpm error Missing: @types/babel__traverse@7.20.7 from lock file\nnpm error Missing: babel-plugin-jest-hoist@29.6.3 from lock file\nnpm error Missing: babel-preset-current-node-syntax@1.1.0 from lock file\nnpm error Missing: @babel/plugin-syntax-async-generators@7.8.4 from lock file\nnpm error Missing: @babel/plugin-syntax-bigint@7.8.3 from lock file\nnpm error Missing: @babel/plugin-syntax-class-properties@7.12.13 from lock file\nnpm error Missing: @babel/plugin-syntax-class-static-block@7.14.5 from lock file\nnpm error Missing: @babel/plugin-syntax-import-attributes@7.26.0 from lock file\nnpm error Missing: @babel/plugin-syntax-import-meta@7.10.4 from lock file\nnpm error Missing: @babel/plugin-syntax-json-strings@7.8.3 from lock file\nnpm error Missing: @babel/plugin-syntax-logical-assignment-operators@7.10.4 from lock file\nnpm error Missing: @babel/plugin-syntax-nullish-coalescing-operator@7.8.3 from lock file\nnpm error Missing: @babel/plugin-syntax-numeric-separator@7.10.4 from lock file\nnpm error Missing: @babel/plugin-syntax-object-rest-spread@7.8.3 from lock file\nnpm error Missing: @babel/plugin-syntax-optional-catch-binding@7.8.3 from lock file\nnpm error Missing: @babel/plugin-syntax-optional-chaining@7.8.3 from lock file\nnpm error Missing: @babel/plugin-syntax-private-property-in-object@7.14.5 from lock file\nnpm error Missing: @babel/plugin-syntax-top-level-await@7.14.5 from lock file\nnpm error Missing: @jest/environment@29.7.0 from lock file\nnpm error Missing: @jest/expect@29.7.0 from lock file\nnpm error Missing: co@4.6.0 from lock file\nnpm error Missing: dedent@1.5.3 from lock file\nnpm error Missing: is-generator-fn@2.1.0 from lock file\nnpm error Missing: jest-each@29.7.0 from lock file\nnpm error Missing: jest-matcher-utils@29.7.0 from lock file\nnpm error Missing: pure-rand@6.1.0 from lock file\nnpm error Missing: stack-utils@2.0.6 from lock file\nnpm error Missing: @jest/fake-timers@29.7.0 from lock file\nnpm error Missing: jest-mock@29.7.0 from lock file\nnpm error Missing: expect@29.7.0 from lock file\nnpm error Missing: @sinonjs/fake-timers@10.3.0 from lock file\nnpm error Missing: @sinonjs/commons@3.0.1 from lock file\nnpm error Missing: type-detect@4.0.8 from lock file\nnpm error Missing: @jest/expect-utils@29.7.0 from lock file\nnpm error Missing: @types/graceful-fs@4.1.9 from lock file\nnpm error Missing: anymatch@3.1.3 from lock file\nnpm error Missing: fb-watchman@2.0.2 from lock file\nnpm error Missing: fsevents@2.3.3 from lock file\nnpm error Missing: walker@1.0.8 from lock file\nnpm error Missing: normalize-path@3.0.0 from lock file\nnpm error Missing: picomatch@2.3.1 from lock file\nnpm error Missing: bser@2.1.1 from lock file\nnpm error Missing: node-int64@0.4.0 from lock file\nnpm error Missing: jest-diff@29.7.0 from lock file\nnpm error Missing: diff-sequences@29.6.3 from lock file\nnpm error Missing: @types/stack-utils@2.0.3 from lock file\nnpm error Missing: jest-pnp-resolver@1.2.3 from lock file\nnpm error Missing: resolve@1.22.10 from lock file\nnpm error Missing: resolve.exports@2.0.3 from lock file\nnpm error Missing: emittery@0.13.1 from lock file\nnpm error Missing: jest-docblock@29.7.0 from lock file\nnpm error Missing: jest-leak-detector@29.7.0 from lock file\nnpm error Missing: source-map-support@0.5.13 from lock file\nnpm error Missing: detect-newline@3.1.0 from lock file\nnpm error Missing: @jest/globals@29.7.0 from lock file\nnpm error Missing: @jest/source-map@29.6.3 from lock file\nnpm error Missing: cjs-module-lexer@1.4.3 from lock file\nnpm error Missing: strip-bom@4.0.0 from lock file\nnpm error Missing: callsites@3.1.0 from lock file\nnpm error Missing: @babel/plugin-syntax-jsx@7.25.9 from lock file\nnpm error Missing: @babel/plugin-syntax-typescript@7.25.9 from lock file\nnpm error Missing: natural-compare@1.4.0 from lock file\nnpm error Missing: camelcase@6.3.0 from lock file\nnpm error Missing: leven@3.1.0 from lock file\nnpm error Missing: supports-color@8.1.1 from lock file\nnpm error Missing: argparse@1.0.10 from lock file\nnpm error Missing: esprima@4.0.1 from lock file\nnpm error Missing: sprintf-js@1.0.3 from lock file\nnpm error Missing: p-locate@4.1.0 from lock file\nnpm error Missing: braces@3.0.3 from lock file\nnpm error Missing: fill-range@7.1.1 from lock file\nnpm error Missing: to-regex-range@5.0.1 from lock file\nnpm error Missing: brace-expansion@1.1.11 from lock file\nnpm error Missing: balanced-match@1.0.2 from lock file\nnpm error Missing: concat-map@0.0.1 from lock file\nnpm error Missing: mimic-fn@2.1.0 from lock file\nnpm error Missing: p-limit@2.3.0 from lock file\nnpm error Missing: error-ex@1.3.2 from lock file\nnpm error Missing: json-parse-even-better-errors@2.3.1 from lock file\nnpm error Missing: lines-and-columns@1.2.4 from lock file\nnpm error Missing: is-arrayish@0.2.1 from lock file\nnpm error Missing: ansi-styles@5.2.0 from lock file\nnpm error Missing: react-is@18.3.1 from lock file\nnpm error Missing: kleur@3.0.3 from lock file\nnpm error Missing: sisteransi@1.0.5 from lock file\nnpm error Missing: is-core-module@2.16.1 from lock file\nnpm error Missing: path-parse@1.0.7 from lock file\nnpm error Missing: supports-preserve-symlinks-flag@1.0.0 from lock file\nnpm error Missing: shebang-regex@3.0.0 from lock file\nnpm error Missing: buffer-from@1.1.2 from lock file\nnpm error Missing: escape-string-regexp@2.0.0 from lock file\nnpm error Missing: char-regex@1.0.2 from lock file\nnpm error Missing: has-flag@4.0.0 from lock file\nnpm error Missing: is-number@7.0.0 from lock file\nnpm error Missing: makeerror@1.0.12 from lock file\nnpm error Missing: tmpl@1.0.5 from lock file\nnpm error Missing: isexe@2.0.0 from lock file\nnpm error Missing: imurmurhash@0.1.4 from lock file\nnpm error Missing: ms@2.1.3 from lock file\nnpm error Missing: yallist@3.1.1 from lock file\nnpm error Missing: ms@2.1.3 from lock file\nnpm error Missing: semver@6.3.1 from lock file\nnpm error Missing: ms@2.1.3 from lock file\nnpm error Missing: p-try@2.2.0 from lock file\nnpm error\nnpm error Clean install a project\nnpm error\nnpm error Usage:\nnpm error npm ci\nnpm error\nnpm error Options:\nnpm error [--install-strategy <hoisted|nested|shallow|linked>] [--legacy-bundling]\nnpm error [--global-style] [--omit <dev|optional|peer> [--omit <dev|optional|peer> ...]]\nnpm error [--include <prod|dev|optional|peer> [--include <prod|dev|optional|peer> ...]]\nnpm error [--strict-peer-deps] [--foreground-scripts] [--ignore-scripts] [--no-audit]\nnpm error [--no-bin-links] [--no-fund] [--dry-run]\nnpm error [-w|--workspace <workspace-name> [-w|--workspace <workspace-name> ...]]\nnpm error [-ws|--workspaces] [--include-workspace-root] [--install-links]\nnpm error\nnpm error aliases: clean-install, ic, install-clean, isntall-clean\nnpm error\nnpm error Run \"npm help ci\" for more info\nnpm error A complete log of this run can be found in: /www-data-home/.npm/_logs/2025-04-24T12_40_49_173Z-debug-0.log. For more details see the logs at https://console.cloud.google.com/cloud-build/builds;region=us-central1/eb75f26a-f076-4c26-8917-dce587cd2db3?project=375896389326.",
    "original": {
      "code": 3,
      "message": "Build failed with status: FAILURE and message: npm error code EUSAGE\nnpm error\nnpm error `npm ci` can only install packages when your package.json and package-lock.json or npm-shrinkwrap.json are in sync. Please update your lock file with `npm install` before continuing.\nnpm error\nnpm error Missing: jest@29.7.0 from lock file\nnpm error Missing: @jest/core@29.7.0 from lock file\nnpm error Missing: @jest/types@29.6.3 from lock file\nnpm error Missing: import-local@3.2.0 from lock file\nnpm error Missing: jest-cli@29.7.0 from lock file\nnpm error Missing: @jest/console@29.7.0 from lock file\nnpm error Missing: @jest/reporters@29.7.0 from lock file\nnpm error Missing: @jest/test-result@29.7.0 from lock file\nnpm error Missing: @jest/transform@29.7.0 from lock file\nnpm error Missing: ansi-escapes@4.3.2 from lock file\nnpm error Missing: chalk@4.1.2 from lock file\nnpm error Missing: ci-info@3.9.0 from lock file\nnpm error Missing: exit@0.1.2 from lock file\nnpm error Missing: graceful-fs@4.2.11 from lock file\nnpm error Missing: jest-changed-files@29.7.0 from lock file\nnpm error Missing: jest-config@29.7.0 from lock file\nnpm error Missing: jest-haste-map@29.7.0 from lock file\nnpm error Missing: jest-message-util@29.7.0 from lock file\nnpm error Missing: jest-regex-util@29.6.3 from lock file\nnpm error Missing: jest-resolve@29.7.0 from lock file\nnpm error Missing: jest-resolve-dependencies@29.7.0 from lock file\nnpm error Missing: jest-runner@29.7.0 from lock file\nnpm error Missing: jest-runtime@29.7.0 from lock file\nnpm error Missing: jest-snapshot@29.7.0 from lock file\nnpm error Missing: jest-util@29.7.0 from lock file\nnpm error Missing: jest-validate@29.7.0 from lock file\nnpm error Missing: jest-watcher@29.7.0 from lock file\nnpm error Missing: micromatch@4.0.8 from lock file\nnpm error Missing: pretty-format@29.7.0 from lock file\nnpm error Missing: slash@3.0.0 from lock file\nnpm error Missing: @bcoe/v8-coverage@0.2.3 from lock file\nnpm error Missing: @jridgewell/trace-mapping@0.3.25 from lock file\nnpm error Missing: collect-v8-coverage@1.0.2 from lock file\nnpm error Missing: glob@7.2.3 from lock file\nnpm error Missing: istanbul-lib-coverage@3.2.2 from lock file\nnpm error Missing: istanbul-lib-instrument@6.0.3 from lock file\nnpm error Missing: istanbul-lib-report@3.0.1 from lock file\nnpm error Missing: istanbul-lib-source-maps@4.0.1 from lock file\nnpm error Missing: istanbul-reports@3.1.7 from lock file\nnpm error Missing: jest-worker@29.7.0 from lock file\nnpm error Missing: string-length@4.0.2 from lock file\nnpm error Missing: v8-to-istanbul@9.3.0 from lock file\nnpm error Missing: @types/istanbul-lib-coverage@2.0.6 from lock file\nnpm error Missing: @babel/core@7.26.10 from lock file\nnpm error Missing: babel-plugin-istanbul@6.1.1 from lock file\nnpm error Missing: convert-source-map@2.0.0 from lock file\nnpm error Missing: fast-json-stable-stringify@2.1.0 from lock file\nnpm error Missing: pirates@4.0.7 from lock file\nnpm error Missing: write-file-atomic@4.0.2 from lock file\nnpm error Missing: @ampproject/remapping@2.3.0 from lock file\nnpm error Missing: @babel/code-frame@7.26.2 from lock file\nnpm error Missing: @babel/generator@7.27.0 from lock file\nnpm error Missing: @babel/helper-compilation-targets@7.27.0 from lock file\nnpm error Missing: @babel/helper-module-transforms@7.26.0 from lock file\nnpm error Missing: @babel/helpers@7.27.0 from lock file\nnpm error Missing: @babel/parser@7.27.0 from lock file\nnpm error Missing: @babel/template@7.27.0 from lock file\nnpm error Missing: @babel/traverse@7.27.0 from lock file\nnpm error Missing: @babel/types@7.27.0 from lock file\nnpm error Missing: debug@4.4.0 from lock file\nnpm error Missing: gensync@1.0.0-beta.2 from lock file\nnpm error Missing: json5@2.2.3 from lock file\nnpm error Missing: semver@6.3.1 from lock file\nnpm error Missing: @jridgewell/gen-mapping@0.3.8 from lock file\nnpm error Missing: @babel/helper-validator-identifier@7.25.9 from lock file\nnpm error Missing: js-tokens@4.0.0 from lock file\nnpm error Missing: picocolors@1.1.1 from lock file\nnpm error Missing: jsesc@3.1.0 from lock file\nnpm error Missing: @babel/compat-data@7.26.8 from lock file\nnpm error Missing: @babel/helper-validator-option@7.25.9 from lock file\nnpm error Missing: browserslist@4.24.4 from lock file\nnpm error Missing: lru-cache@5.1.1 from lock file\nnpm error Missing: semver@6.3.1 from lock file\nnpm error Missing: @babel/helper-module-imports@7.25.9 from lock file\nnpm error Missing: debug@4.4.0 from lock file\nnpm error Missing: globals@11.12.0 from lock file\nnpm error Missing: @babel/helper-string-parser@7.25.9 from lock file\nnpm error Missing: @jest/schemas@29.6.3 from lock file\nnpm error Missing: @types/istanbul-reports@3.0.4 from lock file\nnpm error Missing: @types/yargs@17.0.33 from lock file\nnpm error Missing: @sinclair/typebox@0.27.8 from lock file\nnpm error Missing: @jridgewell/set-array@1.2.1 from lock file\nnpm error Missing: @jridgewell/sourcemap-codec@1.5.0 from lock file\nnpm error Missing: @jridgewell/resolve-uri@3.1.2 from lock file\nnpm error Missing: @types/istanbul-lib-report@3.0.3 from lock file\nnpm error Missing: @types/yargs-parser@21.0.3 from lock file\nnpm error Missing: type-fest@0.21.3 from lock file\nnpm error Missing: @babel/helper-plugin-utils@7.26.5 from lock file\nnpm error Missing: @istanbuljs/load-nyc-config@1.1.0 from lock file\nnpm error Missing: @istanbuljs/schema@0.1.3 from lock file\nnpm error Missing: istanbul-lib-instrument@5.2.1 from lock file\nnpm error Missing: test-exclude@6.0.0 from lock file\nnpm error Missing: camelcase@5.3.1 from lock file\nnpm error Missing: find-up@4.1.0 from lock file\nnpm error Missing: get-package-type@0.1.0 from lock file\nnpm error Missing: js-yaml@3.14.1 from lock file\nnpm error Missing: resolve-from@5.0.0 from lock file\nnpm error Missing: caniuse-lite@1.0.30001715 from lock file\nnpm error Missing: electron-to-chromium@1.5.141 from lock file\nnpm error Missing: node-releases@2.0.19 from lock file\nnpm error Missing: update-browserslist-db@1.1.3 from lock file\nnpm error Missing: supports-color@7.2.0 from lock file\nnpm error Missing: locate-path@5.0.0 from lock file\nnpm error Missing: path-exists@4.0.0 from lock file\nnpm error Missing: fs.realpath@1.0.0 from lock file\nnpm error Missing: inflight@1.0.6 from lock file\nnpm error Missing: minimatch@3.1.2 from lock file\nnpm error Missing: path-is-absolute@1.0.1 from lock file\nnpm error Missing: pkg-dir@4.2.0 from lock file\nnpm error Missing: resolve-cwd@3.0.0 from lock file\nnpm error Missing: make-dir@4.0.0 from lock file\nnpm error Missing: debug@4.4.0 from lock file\nnpm error Missing: source-map@0.6.1 from lock file\nnpm error Missing: html-escaper@2.0.2 from lock file\nnpm error Missing: execa@5.1.1 from lock file\nnpm error Missing: cross-spawn@7.0.6 from lock file\nnpm error Missing: get-stream@6.0.1 from lock file\nnpm error Missing: human-signals@2.1.0 from lock file\nnpm error Missing: merge-stream@2.0.0 from lock file\nnpm error Missing: npm-run-path@4.0.1 from lock file\nnpm error Missing: onetime@5.1.2 from lock file\nnpm error Missing: signal-exit@3.0.7 from lock file\nnpm error Missing: strip-final-newline@2.0.0 from lock file\nnpm error Missing: path-key@3.1.1 from lock file\nnpm error Missing: shebang-command@2.0.0 from lock file\nnpm error Missing: which@2.0.2 from lock file\nnpm error Missing: create-jest@29.7.0 from lock file\nnpm error Missing: prompts@2.4.2 from lock file\nnpm error Missing: @jest/test-sequencer@29.7.0 from lock file\nnpm error Missing: babel-jest@29.7.0 from lock file\nnpm error Missing: deepmerge@4.3.1 from lock file\nnpm error Missing: jest-circus@29.7.0 from lock file\nnpm error Missing: jest-environment-node@29.7.0 from lock file\nnpm error Missing: jest-get-type@29.6.3 from lock file\nnpm error Missing: parse-json@5.2.0 from lock file\nnpm error Missing: strip-json-comments@3.1.1 from lock file\nnpm error Missing: @types/babel__core@7.20.5 from lock file\nnpm error Missing: babel-preset-jest@29.6.3 from lock file\nnpm error Missing: @types/babel__generator@7.27.0 from lock file\nnpm error Missing: @types/babel__template@7.4.4 from lock file\nnpm error Missing: @types/babel__traverse@7.20.7 from lock file\nnpm error Missing: babel-plugin-jest-hoist@29.6.3 from lock file\nnpm error Missing: babel-preset-current-node-syntax@1.1.0 from lock file\nnpm error Missing: @babel/plugin-syntax-async-generators@7.8.4 from lock file\nnpm error Missing: @babel/plugin-syntax-bigint@7.8.3 from lock file\nnpm error Missing: @babel/plugin-syntax-class-properties@7.12.13 from lock file\nnpm error Missing: @babel/plugin-syntax-class-static-block@7.14.5 from lock file\nnpm error Missing: @babel/plugin-syntax-import-attributes@7.26.0 from lock file\nnpm error Missing: @babel/plugin-syntax-import-meta@7.10.4 from lock file\nnpm error Missing: @babel/plugin-syntax-json-strings@7.8.3 from lock file\nnpm error Missing: @babel/plugin-syntax-logical-assignment-operators@7.10.4 from lock file\nnpm error Missing: @babel/plugin-syntax-nullish-coalescing-operator@7.8.3 from lock file\nnpm error Missing: @babel/plugin-syntax-numeric-separator@7.10.4 from lock file\nnpm error Missing: @babel/plugin-syntax-object-rest-spread@7.8.3 from lock file\nnpm error Missing: @babel/plugin-syntax-optional-catch-binding@7.8.3 from lock file\nnpm error Missing: @babel/plugin-syntax-optional-chaining@7.8.3 from lock file\nnpm error Missing: @babel/plugin-syntax-private-property-in-object@7.14.5 from lock file\nnpm error Missing: @babel/plugin-syntax-top-level-await@7.14.5 from lock file\nnpm error Missing: @jest/environment@29.7.0 from lock file\nnpm error Missing: @jest/expect@29.7.0 from lock file\nnpm error Missing: co@4.6.0 from lock file\nnpm error Missing: dedent@1.5.3 from lock file\nnpm error Missing: is-generator-fn@2.1.0 from lock file\nnpm error Missing: jest-each@29.7.0 from lock file\nnpm error Missing: jest-matcher-utils@29.7.0 from lock file\nnpm error Missing: pure-rand@6.1.0 from lock file\nnpm error Missing: stack-utils@2.0.6 from lock file\nnpm error Missing: @jest/fake-timers@29.7.0 from lock file\nnpm error Missing: jest-mock@29.7.0 from lock file\nnpm error Missing: expect@29.7.0 from lock file\nnpm error Missing: @sinonjs/fake-timers@10.3.0 from lock file\nnpm error Missing: @sinonjs/commons@3.0.1 from lock file\nnpm error Missing: type-detect@4.0.8 from lock file\nnpm error Missing: @jest/expect-utils@29.7.0 from lock file\nnpm error Missing: @types/graceful-fs@4.1.9 from lock file\nnpm error Missing: anymatch@3.1.3 from lock file\nnpm error Missing: fb-watchman@2.0.2 from lock file\nnpm error Missing: fsevents@2.3.3 from lock file\nnpm error Missing: walker@1.0.8 from lock file\nnpm error Missing: normalize-path@3.0.0 from lock file\nnpm error Missing: picomatch@2.3.1 from lock file\nnpm error Missing: bser@2.1.1 from lock file\nnpm error Missing: node-int64@0.4.0 from lock file\nnpm error Missing: jest-diff@29.7.0 from lock file\nnpm error Missing: diff-sequences@29.6.3 from lock file\nnpm error Missing: @types/stack-utils@2.0.3 from lock file\nnpm error Missing: jest-pnp-resolver@1.2.3 from lock file\nnpm error Missing: resolve@1.22.10 from lock file\nnpm error Missing: resolve.exports@2.0.3 from lock file\nnpm error Missing: emittery@0.13.1 from lock file\nnpm error Missing: jest-docblock@29.7.0 from lock file\nnpm error Missing: jest-leak-detector@29.7.0 from lock file\nnpm error Missing: source-map-support@0.5.13 from lock file\nnpm error Missing: detect-newline@3.1.0 from lock file\nnpm error Missing: @jest/globals@29.7.0 from lock file\nnpm error Missing: @jest/source-map@29.6.3 from lock file\nnpm error Missing: cjs-module-lexer@1.4.3 from lock file\nnpm error Missing: strip-bom@4.0.0 from lock file\nnpm error Missing: callsites@3.1.0 from lock file\nnpm error Missing: @babel/plugin-syntax-jsx@7.25.9 from lock file\nnpm error Missing: @babel/plugin-syntax-typescript@7.25.9 from lock file\nnpm error Missing: natural-compare@1.4.0 from lock file\nnpm error Missing: camelcase@6.3.0 from lock file\nnpm error Missing: leven@3.1.0 from lock file\nnpm error Missing: supports-color@8.1.1 from lock file\nnpm error Missing: argparse@1.0.10 from lock file\nnpm error Missing: esprima@4.0.1 from lock file\nnpm error Missing: sprintf-js@1.0.3 from lock file\nnpm error Missing: p-locate@4.1.0 from lock file\nnpm error Missing: braces@3.0.3 from lock file\nnpm error Missing: fill-range@7.1.1 from lock file\nnpm error Missing: to-regex-range@5.0.1 from lock file\nnpm error Missing: brace-expansion@1.1.11 from lock file\nnpm error Missing: balanced-match@1.0.2 from lock file\nnpm error Missing: concat-map@0.0.1 from lock file\nnpm error Missing: mimic-fn@2.1.0 from lock file\nnpm error Missing: p-limit@2.3.0 from lock file\nnpm error Missing: error-ex@1.3.2 from lock file\nnpm error Missing: json-parse-even-better-errors@2.3.1 from lock file\nnpm error Missing: lines-and-columns@1.2.4 from lock file\nnpm error Missing: is-arrayish@0.2.1 from lock file\nnpm error Missing: ansi-styles@5.2.0 from lock file\nnpm error Missing: react-is@18.3.1 from lock file\nnpm error Missing: kleur@3.0.3 from lock file\nnpm error Missing: sisteransi@1.0.5 from lock file\nnpm error Missing: is-core-module@2.16.1 from lock file\nnpm error Missing: path-parse@1.0.7 from lock file\nnpm error Missing: supports-preserve-symlinks-flag@1.0.0 from lock file\nnpm error Missing: shebang-regex@3.0.0 from lock file\nnpm error Missing: buffer-from@1.1.2 from lock file\nnpm error Missing: escape-string-regexp@2.0.0 from lock file\nnpm error Missing: char-regex@1.0.2 from lock file\nnpm error Missing: has-flag@4.0.0 from lock file\nnpm error Missing: is-number@7.0.0 from lock file\nnpm error Missing: makeerror@1.0.12 from lock file\nnpm error Missing: tmpl@1.0.5 from lock file\nnpm error Missing: isexe@2.0.0 from lock file\nnpm error Missing: imurmurhash@0.1.4 from lock file\nnpm error Missing: ms@2.1.3 from lock file\nnpm error Missing: yallist@3.1.1 from lock file\nnpm error Missing: ms@2.1.3 from lock file\nnpm error Missing: semver@6.3.1 from lock file\nnpm error Missing: ms@2.1.3 from lock file\nnpm error Missing: p-try@2.2.0 from lock file\nnpm error\nnpm error Clean install a project\nnpm error\nnpm error Usage:\nnpm error npm ci\nnpm error\nnpm error Options:\nnpm error [--install-strategy <hoisted|nested|shallow|linked>] [--legacy-bundling]\nnpm error [--global-style] [--omit <dev|optional|peer> [--omit <dev|optional|peer> ...]]\nnpm error [--include <prod|dev|optional|peer> [--include <prod|dev|optional|peer> ...]]\nnpm error [--strict-peer-deps] [--foreground-scripts] [--ignore-scripts] [--no-audit]\nnpm error [--no-bin-links] [--no-fund] [--dry-run]\nnpm error [-w|--workspace <workspace-name> [-w|--workspace <workspace-name> ...]]\nnpm error [-ws|--workspaces] [--include-workspace-root] [--install-links]\nnpm error\nnpm error aliases: clean-install, ic, install-clean, isntall-clean\nnpm error\nnpm error Run \"npm help ci\" for more info\nnpm error A complete log of this run can be found in: /www-data-home/.npm/_logs/2025-04-24T12_40_49_173Z-debug-0.log. For more details see the logs at https://console.cloud.google.com/cloud-build/builds;region=us-central1/eb75f26a-f076-4c26-8917-dce587cd2db3?project=375896389326."
    },
    "status": 3,
    "code": 3
  }
}
[debug] [2025-04-24T12:41:25.108Z] Error: Failed to update function onHotmartWebhook in region us-central1
    at C:\Users\rafae\AppData\Roaming\npm\node_modules\firebase-tools\lib\deploy\functions\release\fabricator.js:399:19
    at process.processTicksAndRejections (node:internal/process/task_queues:95:5)
    at async Fabricator.updateV2Function (C:\Users\rafae\AppData\Roaming\npm\node_modules\firebase-tools\lib\deploy\functions\release\fabricator.js:388:32)
    at async Fabricator.updateEndpoint (C:\Users\rafae\AppData\Roaming\npm\node_modules\firebase-tools\lib\deploy\functions\release\fabricator.js:155:13)
    at async handle (C:\Users\rafae\AppData\Roaming\npm\node_modules\firebase-tools\lib\deploy\functions\release\fabricator.js:89:17)
[error] 
[error] Error: There was an error deploying functions
