[debug] [2025-05-22T20:58:58.954Z] ----------------------------------------------------------------------
[debug] [2025-05-22T20:58:58.956Z] Command:       C:\nvm4w\nodejs\node.exe C:\Users\rafae\AppData\Roaming\npm\node_modules\firebase-tools\lib\bin\firebase.js deploy --only functions:onHotmartWebhook
[debug] [2025-05-22T20:58:58.957Z] CLI Version:   14.2.1
[debug] [2025-05-22T20:58:58.957Z] Platform:      win32
[debug] [2025-05-22T20:58:58.957Z] Node Version:  v22.14.0
[debug] [2025-05-22T20:58:58.957Z] Time:          Thu May 22 2025 17:58:58 GMT-0300 (Horário Padrão de Brasília)
[debug] [2025-05-22T20:58:58.958Z] ----------------------------------------------------------------------
[debug] 
[debug] [2025-05-22T20:58:59.175Z] > command requires scopes: ["email","openid","https://www.googleapis.com/auth/cloudplatformprojects.readonly","https://www.googleapis.com/auth/firebase","https://www.googleapis.com/auth/cloud-platform"]
[debug] [2025-05-22T20:58:59.176Z] > authorizing via signed-in user (bastosrafael33@gmail.com)
[debug] [2025-05-22T20:58:59.176Z] [iam] checking project petzia-f86b4 for permissions ["cloudfunctions.functions.create","cloudfunctions.functions.delete","cloudfunctions.functions.get","cloudfunctions.functions.list","cloudfunctions.functions.update","cloudfunctions.operations.get","firebase.projects.get"]
[debug] [2025-05-22T20:58:59.177Z] Checked if tokens are valid: true, expires at: 1747949166648
[debug] [2025-05-22T20:58:59.177Z] Checked if tokens are valid: true, expires at: 1747949166648
[debug] [2025-05-22T20:58:59.178Z] >>> [apiv2][query] POST https://cloudresourcemanager.googleapis.com/v1/projects/petzia-f86b4:testIamPermissions [none]
[debug] [2025-05-22T20:58:59.178Z] >>> [apiv2][(partial)header] POST https://cloudresourcemanager.googleapis.com/v1/projects/petzia-f86b4:testIamPermissions x-goog-quota-user=projects/petzia-f86b4
[debug] [2025-05-22T20:58:59.178Z] >>> [apiv2][body] POST https://cloudresourcemanager.googleapis.com/v1/projects/petzia-f86b4:testIamPermissions {"permissions":["cloudfunctions.functions.create","cloudfunctions.functions.delete","cloudfunctions.functions.get","cloudfunctions.functions.list","cloudfunctions.functions.update","cloudfunctions.operations.get","firebase.projects.get"]}
[debug] [2025-05-22T20:59:00.069Z] <<< [apiv2][status] POST https://cloudresourcemanager.googleapis.com/v1/projects/petzia-f86b4:testIamPermissions 200
[debug] [2025-05-22T20:59:00.069Z] <<< [apiv2][body] POST https://cloudresourcemanager.googleapis.com/v1/projects/petzia-f86b4:testIamPermissions {"permissions":["cloudfunctions.functions.create","cloudfunctions.functions.delete","cloudfunctions.functions.get","cloudfunctions.functions.list","cloudfunctions.functions.update","cloudfunctions.operations.get","firebase.projects.get"]}
[debug] [2025-05-22T20:59:00.069Z] Checked if tokens are valid: true, expires at: 1747949166648
[debug] [2025-05-22T20:59:00.069Z] Checked if tokens are valid: true, expires at: 1747949166648
[debug] [2025-05-22T20:59:00.069Z] >>> [apiv2][query] POST https://iam.googleapis.com/v1/projects/petzia-f86b4/serviceAccounts/petzia-f86b4@appspot.gserviceaccount.com:testIamPermissions [none]
[debug] [2025-05-22T20:59:00.069Z] >>> [apiv2][body] POST https://iam.googleapis.com/v1/projects/petzia-f86b4/serviceAccounts/petzia-f86b4@appspot.gserviceaccount.com:testIamPermissions {"permissions":["iam.serviceAccounts.actAs"]}
[debug] [2025-05-22T20:59:00.885Z] <<< [apiv2][status] POST https://iam.googleapis.com/v1/projects/petzia-f86b4/serviceAccounts/petzia-f86b4@appspot.gserviceaccount.com:testIamPermissions 200
[debug] [2025-05-22T20:59:00.885Z] <<< [apiv2][body] POST https://iam.googleapis.com/v1/projects/petzia-f86b4/serviceAccounts/petzia-f86b4@appspot.gserviceaccount.com:testIamPermissions {"permissions":["iam.serviceAccounts.actAs"]}
[info] 
[info] === Deploying to 'petzia-f86b4'...
[info] 
[info] i  deploying functions 
[debug] [2025-05-22T20:59:00.893Z] Checked if tokens are valid: true, expires at: 1747949166648
[debug] [2025-05-22T20:59:00.893Z] Checked if tokens are valid: true, expires at: 1747949166648
[debug] [2025-05-22T20:59:00.893Z] >>> [apiv2][query] GET https://cloudresourcemanager.googleapis.com/v1/projects/petzia-f86b4 [none]
[debug] [2025-05-22T20:59:01.085Z] <<< [apiv2][status] GET https://cloudresourcemanager.googleapis.com/v1/projects/petzia-f86b4 200
[debug] [2025-05-22T20:59:01.085Z] <<< [apiv2][body] GET https://cloudresourcemanager.googleapis.com/v1/projects/petzia-f86b4 {"projectNumber":"375896389326","projectId":"petzia-f86b4","lifecycleState":"ACTIVE","name":"Petzia","labels":{"firebase":"enabled","firebase-core":"disabled"},"createTime":"2025-02-23T14:18:43.690648Z"}
[info] i  functions: preparing codebase default for deployment 
[info] i  functions: ensuring required API cloudfunctions.googleapis.com is enabled... 
[debug] [2025-05-22T20:59:01.092Z] Checked if tokens are valid: true, expires at: 1747949166648
[debug] [2025-05-22T20:59:01.092Z] Checked if tokens are valid: true, expires at: 1747949166648
[debug] [2025-05-22T20:59:01.093Z] Checked if tokens are valid: true, expires at: 1747949166648
[debug] [2025-05-22T20:59:01.093Z] Checked if tokens are valid: true, expires at: 1747949166648
[info] i  functions: ensuring required API cloudbuild.googleapis.com is enabled... 
[debug] [2025-05-22T20:59:01.095Z] Checked if tokens are valid: true, expires at: 1747949166648
[debug] [2025-05-22T20:59:01.095Z] Checked if tokens are valid: true, expires at: 1747949166648
[info] i  artifactregistry: ensuring required API artifactregistry.googleapis.com is enabled... 
[debug] [2025-05-22T20:59:01.096Z] Checked if tokens are valid: true, expires at: 1747949166648
[debug] [2025-05-22T20:59:01.096Z] Checked if tokens are valid: true, expires at: 1747949166648
[debug] [2025-05-22T20:59:01.097Z] >>> [apiv2][query] GET https://serviceusage.googleapis.com/v1/projects/petzia-f86b4/services/cloudfunctions.googleapis.com [none]
[debug] [2025-05-22T20:59:01.097Z] >>> [apiv2][(partial)header] GET https://serviceusage.googleapis.com/v1/projects/petzia-f86b4/services/cloudfunctions.googleapis.com x-goog-quota-user=projects/petzia-f86b4
[debug] [2025-05-22T20:59:01.101Z] >>> [apiv2][query] GET https://serviceusage.googleapis.com/v1/projects/petzia-f86b4/services/runtimeconfig.googleapis.com [none]
[debug] [2025-05-22T20:59:01.101Z] >>> [apiv2][(partial)header] GET https://serviceusage.googleapis.com/v1/projects/petzia-f86b4/services/runtimeconfig.googleapis.com x-goog-quota-user=projects/petzia-f86b4
[debug] [2025-05-22T20:59:01.106Z] >>> [apiv2][query] GET https://serviceusage.googleapis.com/v1/projects/petzia-f86b4/services/cloudbuild.googleapis.com [none]
[debug] [2025-05-22T20:59:01.106Z] >>> [apiv2][(partial)header] GET https://serviceusage.googleapis.com/v1/projects/petzia-f86b4/services/cloudbuild.googleapis.com x-goog-quota-user=projects/petzia-f86b4
[debug] [2025-05-22T20:59:01.108Z] >>> [apiv2][query] GET https://serviceusage.googleapis.com/v1/projects/petzia-f86b4/services/artifactregistry.googleapis.com [none]
[debug] [2025-05-22T20:59:01.108Z] >>> [apiv2][(partial)header] GET https://serviceusage.googleapis.com/v1/projects/petzia-f86b4/services/artifactregistry.googleapis.com x-goog-quota-user=projects/petzia-f86b4
[debug] [2025-05-22T20:59:02.102Z] <<< [apiv2][status] GET https://serviceusage.googleapis.com/v1/projects/petzia-f86b4/services/cloudbuild.googleapis.com 200
[debug] [2025-05-22T20:59:02.102Z] <<< [apiv2][body] GET https://serviceusage.googleapis.com/v1/projects/petzia-f86b4/services/cloudbuild.googleapis.com [omitted]
[info] +  functions: required API cloudbuild.googleapis.com is enabled 
[debug] [2025-05-22T20:59:02.103Z] <<< [apiv2][status] GET https://serviceusage.googleapis.com/v1/projects/petzia-f86b4/services/runtimeconfig.googleapis.com 200
[debug] [2025-05-22T20:59:02.103Z] <<< [apiv2][body] GET https://serviceusage.googleapis.com/v1/projects/petzia-f86b4/services/runtimeconfig.googleapis.com [omitted]
[debug] [2025-05-22T20:59:02.118Z] <<< [apiv2][status] GET https://serviceusage.googleapis.com/v1/projects/petzia-f86b4/services/cloudfunctions.googleapis.com 200
[debug] [2025-05-22T20:59:02.118Z] <<< [apiv2][body] GET https://serviceusage.googleapis.com/v1/projects/petzia-f86b4/services/cloudfunctions.googleapis.com [omitted]
[info] +  functions: required API cloudfunctions.googleapis.com is enabled 
[debug] [2025-05-22T20:59:02.134Z] <<< [apiv2][status] GET https://serviceusage.googleapis.com/v1/projects/petzia-f86b4/services/artifactregistry.googleapis.com 200
[debug] [2025-05-22T20:59:02.134Z] <<< [apiv2][body] GET https://serviceusage.googleapis.com/v1/projects/petzia-f86b4/services/artifactregistry.googleapis.com [omitted]
[info] +  artifactregistry: required API artifactregistry.googleapis.com is enabled 
[debug] [2025-05-22T20:59:02.135Z] Checked if tokens are valid: true, expires at: 1747949166648
[debug] [2025-05-22T20:59:02.135Z] Checked if tokens are valid: true, expires at: 1747949166648
[debug] [2025-05-22T20:59:02.135Z] >>> [apiv2][query] GET https://firebase.googleapis.com/v1beta1/projects/petzia-f86b4/adminSdkConfig [none]
[debug] [2025-05-22T20:59:02.592Z] <<< [apiv2][status] GET https://firebase.googleapis.com/v1beta1/projects/petzia-f86b4/adminSdkConfig 200
[debug] [2025-05-22T20:59:02.592Z] <<< [apiv2][body] GET https://firebase.googleapis.com/v1beta1/projects/petzia-f86b4/adminSdkConfig {"projectId":"petzia-f86b4","storageBucket":"petzia-f86b4.firebasestorage.app"}
[debug] [2025-05-22T20:59:02.592Z] Checked if tokens are valid: true, expires at: 1747949166648
[debug] [2025-05-22T20:59:02.592Z] Checked if tokens are valid: true, expires at: 1747949166648
[debug] [2025-05-22T20:59:02.592Z] >>> [apiv2][query] GET https://runtimeconfig.googleapis.com/v1beta1/projects/petzia-f86b4/configs [none]
[debug] [2025-05-22T20:59:02.913Z] <<< [apiv2][status] GET https://runtimeconfig.googleapis.com/v1beta1/projects/petzia-f86b4/configs 200
[debug] [2025-05-22T20:59:02.913Z] <<< [apiv2][body] GET https://runtimeconfig.googleapis.com/v1beta1/projects/petzia-f86b4/configs {"configs":[{"name":"projects/petzia-f86b4/configs/project"}]}
[debug] [2025-05-22T20:59:02.914Z] Checked if tokens are valid: true, expires at: 1747949166648
[debug] [2025-05-22T20:59:02.914Z] Checked if tokens are valid: true, expires at: 1747949166648
[debug] [2025-05-22T20:59:02.914Z] >>> [apiv2][query] GET https://runtimeconfig.googleapis.com/v1beta1/projects/petzia-f86b4/configs/project/variables [none]
[debug] [2025-05-22T20:59:03.869Z] <<< [apiv2][status] GET https://runtimeconfig.googleapis.com/v1beta1/projects/petzia-f86b4/configs/project/variables 200
[debug] [2025-05-22T20:59:03.869Z] <<< [apiv2][body] GET https://runtimeconfig.googleapis.com/v1beta1/projects/petzia-f86b4/configs/project/variables {"variables":[{"name":"projects/petzia-f86b4/configs/project/variables/api_key","updateTime":"2025-03-21T14:33:16.109036915Z"}]}
[debug] [2025-05-22T20:59:03.869Z] Checked if tokens are valid: true, expires at: 1747949166648
[debug] [2025-05-22T20:59:03.870Z] Checked if tokens are valid: true, expires at: 1747949166648
[debug] [2025-05-22T20:59:03.870Z] >>> [apiv2][query] GET https://runtimeconfig.googleapis.com/v1beta1/projects/petzia-f86b4/configs/project/variables/api_key [none]
[debug] [2025-05-22T20:59:04.142Z] <<< [apiv2][status] GET https://runtimeconfig.googleapis.com/v1beta1/projects/petzia-f86b4/configs/project/variables/api_key 200
[debug] [2025-05-22T20:59:04.143Z] <<< [apiv2][body] GET https://runtimeconfig.googleapis.com/v1beta1/projects/petzia-f86b4/configs/project/variables/api_key {"name":"projects/petzia-f86b4/configs/project/variables/api_key","updateTime":"2025-03-21T14:33:16.109036915Z","text":"AIzaSyBnLH-WPXrw6LbXTo6FhHogwjFApEOXIos"}
[debug] [2025-05-22T20:59:04.147Z] Validating nodejs source
[debug] [2025-05-22T20:59:04.900Z] > [functions] package.json contents: {
  "name": "functions",
  "description": "Cloud Functions for Firebase",
  "scripts": {
    "serve": "firebase emulators:start --only functions",
    "shell": "firebase functions:shell",
    "start": "npm run shell",
    "deploy": "firebase deploy --only functions",
    "logs": "firebase functions:log"
  },
  "engines": {
    "node": "20"
  },
  "main": "index.js",
  "dependencies": {
    "axios": "^1.5.0",
    "express": "^4.18.2",
    "firebase-admin": "^13.1.0",
    "firebase-functions": "^6.3.2",
    "nodemailer": "^6.9.7"
  },
  "devDependencies": {
    "firebase-functions-test": "^3.1.0"
  },
  "private": true
}
[debug] [2025-05-22T20:59:04.900Z] Building nodejs source
[info] i  functions: Loading and analyzing source code for codebase default to determine what to deploy 
[debug] [2025-05-22T20:59:04.901Z] Could not find functions.yaml. Must use http discovery
[debug] [2025-05-22T20:59:04.913Z] Found firebase-functions binary at 'C:\Users\rafae\OneDrive\Área de Trabalho\Petziapp\functions\node_modules\.bin\firebase-functions'
[info] Serving at port 8067

[debug] [2025-05-22T20:59:05.554Z] Got response from /__/functions.yaml {"endpoints":{"onHotmartWebhook":{"availableMemoryMb":1024,"timeoutSeconds":120,"minInstances":null,"maxInstances":null,"ingressSettings":null,"concurrency":null,"serviceAccountEmail":null,"vpc":null,"platform":"gcfv2","labels":{},"httpsTrigger":{},"entryPoint":"onHotmartWebhook"}},"specVersion":"v1alpha1","requiredAPIs":[],"extensions":{}}
[info] i  extensions: ensuring required API firebaseextensions.googleapis.com is enabled... 
[debug] [2025-05-22T20:59:09.611Z] Checked if tokens are valid: true, expires at: 1747949166648
[debug] [2025-05-22T20:59:09.611Z] Checked if tokens are valid: true, expires at: 1747949166648
[debug] [2025-05-22T20:59:09.611Z] >>> [apiv2][query] GET https://serviceusage.googleapis.com/v1/projects/petzia-f86b4/services/firebaseextensions.googleapis.com [none]
[debug] [2025-05-22T20:59:09.611Z] >>> [apiv2][(partial)header] GET https://serviceusage.googleapis.com/v1/projects/petzia-f86b4/services/firebaseextensions.googleapis.com x-goog-quota-user=projects/petzia-f86b4
[debug] [2025-05-22T20:59:10.690Z] <<< [apiv2][status] GET https://serviceusage.googleapis.com/v1/projects/petzia-f86b4/services/firebaseextensions.googleapis.com 200
[debug] [2025-05-22T20:59:10.690Z] <<< [apiv2][body] GET https://serviceusage.googleapis.com/v1/projects/petzia-f86b4/services/firebaseextensions.googleapis.com [omitted]
[info] +  extensions: required API firebaseextensions.googleapis.com is enabled 
[debug] [2025-05-22T20:59:10.691Z] > command requires scopes: ["email","openid","https://www.googleapis.com/auth/cloudplatformprojects.readonly","https://www.googleapis.com/auth/firebase","https://www.googleapis.com/auth/cloud-platform"]
[debug] [2025-05-22T20:59:10.692Z] > authorizing via signed-in user (bastosrafael33@gmail.com)
[debug] [2025-05-22T20:59:10.692Z] [iam] checking project petzia-f86b4 for permissions ["firebase.projects.get","firebaseextensions.instances.list"]
[debug] [2025-05-22T20:59:10.692Z] Checked if tokens are valid: true, expires at: 1747949166648
[debug] [2025-05-22T20:59:10.692Z] Checked if tokens are valid: true, expires at: 1747949166648
[debug] [2025-05-22T20:59:10.693Z] >>> [apiv2][query] POST https://cloudresourcemanager.googleapis.com/v1/projects/petzia-f86b4:testIamPermissions [none]
[debug] [2025-05-22T20:59:10.693Z] >>> [apiv2][(partial)header] POST https://cloudresourcemanager.googleapis.com/v1/projects/petzia-f86b4:testIamPermissions x-goog-quota-user=projects/petzia-f86b4
[debug] [2025-05-22T20:59:10.693Z] >>> [apiv2][body] POST https://cloudresourcemanager.googleapis.com/v1/projects/petzia-f86b4:testIamPermissions {"permissions":["firebase.projects.get","firebaseextensions.instances.list"]}
[debug] [2025-05-22T20:59:11.502Z] <<< [apiv2][status] POST https://cloudresourcemanager.googleapis.com/v1/projects/petzia-f86b4:testIamPermissions 200
[debug] [2025-05-22T20:59:11.502Z] <<< [apiv2][body] POST https://cloudresourcemanager.googleapis.com/v1/projects/petzia-f86b4:testIamPermissions {"permissions":["firebase.projects.get","firebaseextensions.instances.list"]}
[debug] [2025-05-22T20:59:11.503Z] Checked if tokens are valid: true, expires at: 1747949166648
[debug] [2025-05-22T20:59:11.504Z] Checked if tokens are valid: true, expires at: 1747949166648
[debug] [2025-05-22T20:59:11.505Z] >>> [apiv2][query] GET https://firebaseextensions.googleapis.com/v1beta/projects/petzia-f86b4/instances pageSize=100&pageToken=
[debug] [2025-05-22T20:59:12.639Z] <<< [apiv2][status] GET https://firebaseextensions.googleapis.com/v1beta/projects/petzia-f86b4/instances 200
[debug] [2025-05-22T20:59:12.639Z] <<< [apiv2][body] GET https://firebaseextensions.googleapis.com/v1beta/projects/petzia-f86b4/instances {}
[info] i  functions: preparing functions directory for uploading... 
[info] i  functions: packaged C:\Users\rafae\OneDrive\Área de Trabalho\Petziapp\functions (44.89 KB) for uploading 
[debug] [2025-05-22T20:59:12.705Z] Checked if tokens are valid: true, expires at: 1747949166648
[debug] [2025-05-22T20:59:12.705Z] Checked if tokens are valid: true, expires at: 1747949166648
[debug] [2025-05-22T20:59:12.705Z] >>> [apiv2][query] GET https://cloudfunctions.googleapis.com/v1/projects/petzia-f86b4/locations/-/functions [none]
[debug] [2025-05-22T20:59:13.916Z] <<< [apiv2][status] GET https://cloudfunctions.googleapis.com/v1/projects/petzia-f86b4/locations/-/functions 200
[debug] [2025-05-22T20:59:13.916Z] <<< [apiv2][body] GET https://cloudfunctions.googleapis.com/v1/projects/petzia-f86b4/locations/-/functions {}
[debug] [2025-05-22T20:59:13.918Z] Checked if tokens are valid: true, expires at: 1747949166648
[debug] [2025-05-22T20:59:13.918Z] Checked if tokens are valid: true, expires at: 1747949166648
[debug] [2025-05-22T20:59:13.919Z] >>> [apiv2][query] GET https://cloudfunctions.googleapis.com/v2/projects/petzia-f86b4/locations/-/functions filter=environment%3D%22GEN_2%22
[debug] [2025-05-22T20:59:15.159Z] <<< [apiv2][status] GET https://cloudfunctions.googleapis.com/v2/projects/petzia-f86b4/locations/-/functions 200
[debug] [2025-05-22T20:59:15.159Z] <<< [apiv2][body] GET https://cloudfunctions.googleapis.com/v2/projects/petzia-f86b4/locations/-/functions {"functions":[{"name":"projects/petzia-f86b4/locations/us-central1/functions/onHotmartWebhook","buildConfig":{"build":"projects/375896389326/locations/us-central1/builds/682c6ce3-d98e-4495-9cbe-af41217c5258","runtime":"nodejs20","entryPoint":"onHotmartWebhook","source":{"storageSource":{"bucket":"gcf-v2-sources-375896389326-us-central1","object":"onHotmartWebhook/function-source.zip","generation":"1740335422853567"}},"environmentVariables":{"GOOGLE_NODE_RUN_SCRIPTS":""},"dockerRepository":"projects/petzia-f86b4/locations/us-central1/repositories/gcf-artifacts","serviceAccount":"projects/petzia-f86b4/serviceAccounts/375896389326-compute@developer.gserviceaccount.com","automaticUpdatePolicy":{}},"serviceConfig":{"service":"projects/petzia-f86b4/locations/us-central1/services/onhotmartwebhook","timeoutSeconds":60,"environmentVariables":{"FIREBASE_CONFIG":"{\"projectId\":\"petzia-f86b4\",\"storageBucket\":\"petzia-f86b4.firebasestorage.app\"}","GCLOUD_PROJECT":"petzia-f86b4","EVENTARC_CLOUD_EVENT_SOURCE":"projects/petzia-f86b4/locations/us-central1/services/onHotmartWebhook","FUNCTION_TARGET":"onHotmartWebhook","LOG_EXECUTION_ID":"true","FUNCTION_SIGNATURE_TYPE":"http"},"maxInstanceCount":100,"ingressSettings":"ALLOW_ALL","uri":"https://onhotmartwebhook-dl6etbjehq-uc.a.run.app","serviceAccountEmail":"375896389326-compute@developer.gserviceaccount.com","availableMemory":"256Mi","allTrafficOnLatestRevision":true,"revision":"onhotmartwebhook-00002-kev","maxInstanceRequestConcurrency":80,"availableCpu":"1"},"state":"ACTIVE","updateTime":"2025-04-24T12:41:22.073296335Z","labels":{"deployment-tool":"cli-firebase","firebase-functions-hash":"f0f3740fcb2ec0967c1e80314ce9a1d353025f03"},"environment":"GEN_2","url":"https://us-central1-petzia-f86b4.cloudfunctions.net/onHotmartWebhook","createTime":"2025-02-23T17:51:30.019791820Z","satisfiesPzi":true},{"name":"projects/petzia-f86b4/locations/us-central1/functions/changePassword","buildConfig":{"build":"projects/375896389326/locations/us-central1/builds/682c6ce3-d98e-4495-9cbe-af41217c5258","runtime":"nodejs20","entryPoint":"changePassword","source":{"storageSource":{"bucket":"gcf-v2-sources-375896389326-us-central1","object":"changePassword/function-source.zip","generation":"1740335343226170"}},"environmentVariables":{"GOOGLE_NODE_RUN_SCRIPTS":""},"dockerRepository":"projects/petzia-f86b4/locations/us-central1/repositories/gcf-artifacts","sourceProvenance":{"resolvedStorageSource":{"bucket":"gcf-v2-sources-375896389326-us-central1","object":"changePassword/function-source.zip","generation":"1740335343226170"}},"dockerRegistry":"ARTIFACT_REGISTRY","serviceAccount":"projects/petzia-f86b4/serviceAccounts/375896389326-compute@developer.gserviceaccount.com","automaticUpdatePolicy":{}},"state":"FAILED","updateTime":"2025-02-23T18:30:32.718874045Z","labels":{"firebase-functions-hash":"c4fc0f5118d510ecfa2e70396acb9a9989bf2f54","deployment-tool":"cli-firebase"},"stateMessages":[{"severity":"ERROR","type":"CloudRunServiceNotFound","message":"Cloud Run service projects/petzia-f86b4/locations/us-central1/services/changepassword for the function was not found. The function will not work correctly. Please redeploy."}],"environment":"GEN_2","url":"https://us-central1-petzia-f86b4.cloudfunctions.net/changePassword","createTime":"2025-02-23T18:29:03.422727057Z","satisfiesPzi":true}]}
[info] i  functions: ensuring required API run.googleapis.com is enabled... 
[debug] [2025-05-22T20:59:15.172Z] Checked if tokens are valid: true, expires at: 1747949166648
[debug] [2025-05-22T20:59:15.172Z] Checked if tokens are valid: true, expires at: 1747949166648
[info] i  functions: ensuring required API eventarc.googleapis.com is enabled... 
[debug] [2025-05-22T20:59:15.173Z] Checked if tokens are valid: true, expires at: 1747949166648
[debug] [2025-05-22T20:59:15.174Z] Checked if tokens are valid: true, expires at: 1747949166648
[info] i  functions: ensuring required API pubsub.googleapis.com is enabled... 
[debug] [2025-05-22T20:59:15.175Z] Checked if tokens are valid: true, expires at: 1747949166648
[debug] [2025-05-22T20:59:15.175Z] Checked if tokens are valid: true, expires at: 1747949166648
[info] i  functions: ensuring required API storage.googleapis.com is enabled... 
[debug] [2025-05-22T20:59:15.176Z] Checked if tokens are valid: true, expires at: 1747949166648
[debug] [2025-05-22T20:59:15.176Z] Checked if tokens are valid: true, expires at: 1747949166648
[debug] [2025-05-22T20:59:15.177Z] >>> [apiv2][query] GET https://serviceusage.googleapis.com/v1/projects/petzia-f86b4/services/run.googleapis.com [none]
[debug] [2025-05-22T20:59:15.177Z] >>> [apiv2][(partial)header] GET https://serviceusage.googleapis.com/v1/projects/petzia-f86b4/services/run.googleapis.com x-goog-quota-user=projects/petzia-f86b4
[debug] [2025-05-22T20:59:15.178Z] >>> [apiv2][query] GET https://serviceusage.googleapis.com/v1/projects/petzia-f86b4/services/eventarc.googleapis.com [none]
[debug] [2025-05-22T20:59:15.179Z] >>> [apiv2][(partial)header] GET https://serviceusage.googleapis.com/v1/projects/petzia-f86b4/services/eventarc.googleapis.com x-goog-quota-user=projects/petzia-f86b4
[debug] [2025-05-22T20:59:15.185Z] >>> [apiv2][query] GET https://serviceusage.googleapis.com/v1/projects/petzia-f86b4/services/pubsub.googleapis.com [none]
[debug] [2025-05-22T20:59:15.185Z] >>> [apiv2][(partial)header] GET https://serviceusage.googleapis.com/v1/projects/petzia-f86b4/services/pubsub.googleapis.com x-goog-quota-user=projects/petzia-f86b4
[debug] [2025-05-22T20:59:15.189Z] >>> [apiv2][query] GET https://serviceusage.googleapis.com/v1/projects/petzia-f86b4/services/storage.googleapis.com [none]
[debug] [2025-05-22T20:59:15.189Z] >>> [apiv2][(partial)header] GET https://serviceusage.googleapis.com/v1/projects/petzia-f86b4/services/storage.googleapis.com x-goog-quota-user=projects/petzia-f86b4
[debug] [2025-05-22T20:59:15.519Z] <<< [apiv2][status] GET https://serviceusage.googleapis.com/v1/projects/petzia-f86b4/services/run.googleapis.com 200
[debug] [2025-05-22T20:59:15.519Z] <<< [apiv2][body] GET https://serviceusage.googleapis.com/v1/projects/petzia-f86b4/services/run.googleapis.com [omitted]
[info] +  functions: required API run.googleapis.com is enabled 
[debug] [2025-05-22T20:59:16.170Z] <<< [apiv2][status] GET https://serviceusage.googleapis.com/v1/projects/petzia-f86b4/services/pubsub.googleapis.com 200
[debug] [2025-05-22T20:59:16.170Z] <<< [apiv2][body] GET https://serviceusage.googleapis.com/v1/projects/petzia-f86b4/services/pubsub.googleapis.com [omitted]
[info] +  functions: required API pubsub.googleapis.com is enabled 
[debug] [2025-05-22T20:59:16.173Z] <<< [apiv2][status] GET https://serviceusage.googleapis.com/v1/projects/petzia-f86b4/services/eventarc.googleapis.com 200
[debug] [2025-05-22T20:59:16.173Z] <<< [apiv2][body] GET https://serviceusage.googleapis.com/v1/projects/petzia-f86b4/services/eventarc.googleapis.com [omitted]
[info] +  functions: required API eventarc.googleapis.com is enabled 
[debug] [2025-05-22T20:59:16.201Z] <<< [apiv2][status] GET https://serviceusage.googleapis.com/v1/projects/petzia-f86b4/services/storage.googleapis.com 200
[debug] [2025-05-22T20:59:16.201Z] <<< [apiv2][body] GET https://serviceusage.googleapis.com/v1/projects/petzia-f86b4/services/storage.googleapis.com [omitted]
[info] +  functions: required API storage.googleapis.com is enabled 
[info] i  functions: generating the service identity for pubsub.googleapis.com... 
[debug] [2025-05-22T20:59:16.202Z] Checked if tokens are valid: true, expires at: 1747949166648
[debug] [2025-05-22T20:59:16.202Z] Checked if tokens are valid: true, expires at: 1747949166648
[info] i  functions: generating the service identity for eventarc.googleapis.com... 
[debug] [2025-05-22T20:59:16.203Z] Checked if tokens are valid: true, expires at: 1747949166648
[debug] [2025-05-22T20:59:16.203Z] Checked if tokens are valid: true, expires at: 1747949166648
[debug] [2025-05-22T20:59:16.203Z] >>> [apiv2][query] POST https://serviceusage.googleapis.com/v1beta1/projects/375896389326/services/pubsub.googleapis.com:generateServiceIdentity [none]
[debug] [2025-05-22T20:59:16.203Z] >>> [apiv2][query] POST https://serviceusage.googleapis.com/v1beta1/projects/375896389326/services/eventarc.googleapis.com:generateServiceIdentity [none]
[debug] [2025-05-22T20:59:16.579Z] <<< [apiv2][status] POST https://serviceusage.googleapis.com/v1beta1/projects/375896389326/services/pubsub.googleapis.com:generateServiceIdentity 200
[debug] [2025-05-22T20:59:16.579Z] <<< [apiv2][body] POST https://serviceusage.googleapis.com/v1beta1/projects/375896389326/services/pubsub.googleapis.com:generateServiceIdentity {"name":"operations/finished.DONE_OPERATION","done":true,"response":{"@type":"type.googleapis.com/google.api.serviceusage.v1beta1.ServiceIdentity","email":"service-375896389326@gcp-sa-pubsub.iam.gserviceaccount.com","uniqueId":"100164182579806790663"}}
[debug] [2025-05-22T20:59:17.112Z] <<< [apiv2][status] POST https://serviceusage.googleapis.com/v1beta1/projects/375896389326/services/eventarc.googleapis.com:generateServiceIdentity 200
[debug] [2025-05-22T20:59:17.113Z] <<< [apiv2][body] POST https://serviceusage.googleapis.com/v1beta1/projects/375896389326/services/eventarc.googleapis.com:generateServiceIdentity {"name":"operations/finished.DONE_OPERATION","done":true,"response":{"@type":"type.googleapis.com/google.api.serviceusage.v1beta1.ServiceIdentity","email":"service-375896389326@gcp-sa-eventarc.iam.gserviceaccount.com","uniqueId":"102462191006909518917"}}
[debug] [2025-05-22T20:59:17.120Z] Checked if tokens are valid: true, expires at: 1747949166648
[debug] [2025-05-22T20:59:17.120Z] Checked if tokens are valid: true, expires at: 1747949166648
[debug] [2025-05-22T20:59:17.120Z] >>> [apiv2][query] GET https://cloudresourcemanager.googleapis.com/v1/projects/petzia-f86b4 [none]
[debug] [2025-05-22T20:59:17.373Z] <<< [apiv2][status] GET https://cloudresourcemanager.googleapis.com/v1/projects/petzia-f86b4 200
[debug] [2025-05-22T20:59:17.374Z] <<< [apiv2][body] GET https://cloudresourcemanager.googleapis.com/v1/projects/petzia-f86b4 {"projectNumber":"375896389326","projectId":"petzia-f86b4","lifecycleState":"ACTIVE","name":"Petzia","labels":{"firebase":"enabled","firebase-core":"disabled"},"createTime":"2025-02-23T14:18:43.690648Z"}
[debug] [2025-05-22T20:59:17.379Z] Checked if tokens are valid: true, expires at: 1747949166648
[debug] [2025-05-22T20:59:17.379Z] Checked if tokens are valid: true, expires at: 1747949166648
[debug] [2025-05-22T20:59:17.380Z] >>> [apiv2][query] GET https://cloudbilling.googleapis.com/v1/projects/petzia-f86b4/billingInfo [none]
[debug] [2025-05-22T20:59:18.548Z] <<< [apiv2][status] GET https://cloudbilling.googleapis.com/v1/projects/petzia-f86b4/billingInfo 200
[debug] [2025-05-22T20:59:18.548Z] <<< [apiv2][body] GET https://cloudbilling.googleapis.com/v1/projects/petzia-f86b4/billingInfo {"name":"projects/petzia-f86b4/billingInfo","projectId":"petzia-f86b4","billingAccountName":"billingAccounts/01C6D4-E7938C-944EA2","billingEnabled":true}
[debug] [2025-05-22T20:59:18.549Z] Checked if tokens are valid: true, expires at: 1747949166648
[debug] [2025-05-22T20:59:18.549Z] Checked if tokens are valid: true, expires at: 1747949166648
[debug] [2025-05-22T20:59:18.549Z] >>> [apiv2][query] POST https://cloudfunctions.googleapis.com/v2/projects/petzia-f86b4/locations/us-central1/functions:generateUploadUrl [none]
[debug] [2025-05-22T20:59:19.491Z] <<< [apiv2][status] POST https://cloudfunctions.googleapis.com/v2/projects/petzia-f86b4/locations/us-central1/functions:generateUploadUrl 200
[debug] [2025-05-22T20:59:19.492Z] <<< [apiv2][body] POST https://cloudfunctions.googleapis.com/v2/projects/petzia-f86b4/locations/us-central1/functions:generateUploadUrl {"uploadUrl":"https://storage.googleapis.com/gcf-v2-uploads-375896389326.us-central1.cloudfunctions.appspot.com/208d37fd-531a-4e68-8828-c5e2734e7934.zip?GoogleAccessId=service-375896389326@gcf-admin-robot.iam.gserviceaccount.com&Expires=1747949359&Signature=I0%2Fad9SXxU4oJB8nX7erXieAD3NuTI4GLyml5gHinDspbyb0fw7IdfEGkJaVrYDlFi0IE2YMmOgnEP%2Fevbj9SUmXOyq8BZ8OMeShWNH1jXeJVVKglMO%2FQEYYBNVOcpVrPsTDvB09FVDEPGXFJCSiBjDzv36RP7mp05PgUB74izOMPi7W95MqU665xDhxiEr4wq9dqdrkEYykfL1Ck3a%2BC9TyaZjxufH7%2FVZ%2FVLZPtde0Jzc0VoMqqG8D10gkfprsopbRtuMwajLo2TNFxicjZPc%2BCn5FlYkkBhh5ILIxHR2fq1n54W6by6zv3ZEMf2S9OAwaJlQO7sVMmOo31MS0SA%3D%3D","storageSource":{"bucket":"gcf-v2-uploads-375896389326.us-central1.cloudfunctions.appspot.com","object":"208d37fd-531a-4e68-8828-c5e2734e7934.zip"}}
[debug] [2025-05-22T20:59:19.493Z] >>> [apiv2][query] PUT https://storage.googleapis.com/gcf-v2-uploads-375896389326.us-central1.cloudfunctions.appspot.com/208d37fd-531a-4e68-8828-c5e2734e7934.zip GoogleAccessId=service-375896389326%40gcf-admin-robot.iam.gserviceaccount.com&Expires=1747949359&Signature=I0%2Fad9SXxU4oJB8nX7erXieAD3NuTI4GLyml5gHinDspbyb0fw7IdfEGkJaVrYDlFi0IE2YMmOgnEP%2Fevbj9SUmXOyq8BZ8OMeShWNH1jXeJVVKglMO%2FQEYYBNVOcpVrPsTDvB09FVDEPGXFJCSiBjDzv36RP7mp05PgUB74izOMPi7W95MqU665xDhxiEr4wq9dqdrkEYykfL1Ck3a%2BC9TyaZjxufH7%2FVZ%2FVLZPtde0Jzc0VoMqqG8D10gkfprsopbRtuMwajLo2TNFxicjZPc%2BCn5FlYkkBhh5ILIxHR2fq1n54W6by6zv3ZEMf2S9OAwaJlQO7sVMmOo31MS0SA%3D%3D
[debug] [2025-05-22T20:59:19.493Z] >>> [apiv2][body] PUT https://storage.googleapis.com/gcf-v2-uploads-375896389326.us-central1.cloudfunctions.appspot.com/208d37fd-531a-4e68-8828-c5e2734e7934.zip [stream]
[debug] [2025-05-22T20:59:20.000Z] <<< [apiv2][status] PUT https://storage.googleapis.com/gcf-v2-uploads-375896389326.us-central1.cloudfunctions.appspot.com/208d37fd-531a-4e68-8828-c5e2734e7934.zip 200
[debug] [2025-05-22T20:59:20.000Z] <<< [apiv2][body] PUT https://storage.googleapis.com/gcf-v2-uploads-375896389326.us-central1.cloudfunctions.appspot.com/208d37fd-531a-4e68-8828-c5e2734e7934.zip [omitted]
[info] +  functions: functions folder uploaded successfully 
[info] i  functions: updating Node.js 20 (2nd Gen) function onHotmartWebhook(us-central1)... 
[debug] [2025-05-22T20:59:20.004Z] Checked if tokens are valid: true, expires at: 1747949166648
[debug] [2025-05-22T20:59:20.004Z] Checked if tokens are valid: true, expires at: 1747949166648
[debug] [2025-05-22T20:59:20.005Z] >>> [apiv2][query] PATCH https://cloudfunctions.googleapis.com/v2/projects/petzia-f86b4/locations/us-central1/functions/onHotmartWebhook updateMask=name%2CbuildConfig.runtime%2CbuildConfig.entryPoint%2CbuildConfig.source.storageSource.bucket%2CbuildConfig.source.storageSource.object%2CbuildConfig.environmentVariables%2CbuildConfig.sourceToken%2CserviceConfig.environmentVariables%2CserviceConfig.ingressSettings%2CserviceConfig.timeoutSeconds%2CserviceConfig.serviceAccountEmail%2CserviceConfig.availableMemory%2CserviceConfig.minInstanceCount%2CserviceConfig.maxInstanceCount%2CserviceConfig.maxInstanceRequestConcurrency%2CserviceConfig.availableCpu%2CserviceConfig.vpcConnector%2CserviceConfig.vpcConnectorEgressSettings%2Clabels%2CbuildConfig.buildEnvironmentVariables
[debug] [2025-05-22T20:59:20.005Z] >>> [apiv2][body] PATCH https://cloudfunctions.googleapis.com/v2/projects/petzia-f86b4/locations/us-central1/functions/onHotmartWebhook {"name":"projects/petzia-f86b4/locations/us-central1/functions/onHotmartWebhook","buildConfig":{"runtime":"nodejs20","entryPoint":"onHotmartWebhook","source":{"storageSource":{"bucket":"gcf-v2-uploads-375896389326.us-central1.cloudfunctions.appspot.com","object":"208d37fd-531a-4e68-8828-c5e2734e7934.zip"}},"environmentVariables":{"GOOGLE_NODE_RUN_SCRIPTS":""}},"serviceConfig":{"environmentVariables":{"FIREBASE_CONFIG":"{\"projectId\":\"petzia-f86b4\",\"storageBucket\":\"petzia-f86b4.firebasestorage.app\"}","GCLOUD_PROJECT":"petzia-f86b4","EVENTARC_CLOUD_EVENT_SOURCE":"projects/petzia-f86b4/locations/us-central1/services/onHotmartWebhook","FUNCTION_TARGET":"onHotmartWebhook","LOG_EXECUTION_ID":"true","FUNCTION_SIGNATURE_TYPE":"http"},"ingressSettings":null,"timeoutSeconds":120,"serviceAccountEmail":null,"availableMemory":"1024Mi","minInstanceCount":null,"maxInstanceCount":null,"maxInstanceRequestConcurrency":80,"availableCpu":"1","vpcConnector":null,"vpcConnectorEgressSettings":null},"labels":{"deployment-tool":"cli-firebase","firebase-functions-hash":"64a0340f29eddaa26fc51646549fb2ddfd082884"}}
[debug] [2025-05-22T20:59:21.766Z] <<< [apiv2][status] PATCH https://cloudfunctions.googleapis.com/v2/projects/petzia-f86b4/locations/us-central1/functions/onHotmartWebhook 200
[debug] [2025-05-22T20:59:21.766Z] <<< [apiv2][body] PATCH https://cloudfunctions.googleapis.com/v2/projects/petzia-f86b4/locations/us-central1/functions/onHotmartWebhook {"name":"projects/petzia-f86b4/locations/us-central1/operations/operation-1747947560820-635bfc172df36-f7623916-dc69e1b4","metadata":{"@type":"type.googleapis.com/google.cloud.functions.v2.OperationMetadata","createTime":"2025-05-22T20:59:21.675198677Z","target":"projects/petzia-f86b4/locations/us-central1/functions/onHotmartWebhook","verb":"update","cancelRequested":false,"apiVersion":"v2"},"done":false}
[debug] [2025-05-22T20:59:21.767Z] Checked if tokens are valid: true, expires at: 1747949166648
[debug] [2025-05-22T20:59:21.767Z] Checked if tokens are valid: true, expires at: 1747949166648
[debug] [2025-05-22T20:59:21.768Z] >>> [apiv2][query] GET https://cloudfunctions.googleapis.com/v2/projects/petzia-f86b4/locations/us-central1/operations/operation-1747947560820-635bfc172df36-f7623916-dc69e1b4 [none]
[debug] [2025-05-22T20:59:22.623Z] <<< [apiv2][status] GET https://cloudfunctions.googleapis.com/v2/projects/petzia-f86b4/locations/us-central1/operations/operation-1747947560820-635bfc172df36-f7623916-dc69e1b4 200
[debug] [2025-05-22T20:59:22.623Z] <<< [apiv2][body] GET https://cloudfunctions.googleapis.com/v2/projects/petzia-f86b4/locations/us-central1/operations/operation-1747947560820-635bfc172df36-f7623916-dc69e1b4 {"name":"projects/petzia-f86b4/locations/us-central1/operations/operation-1747947560820-635bfc172df36-f7623916-dc69e1b4","metadata":{"@type":"type.googleapis.com/google.cloud.functions.v2.OperationMetadata","createTime":"2025-05-22T20:59:21.675198677Z","target":"projects/petzia-f86b4/locations/us-central1/functions/onHotmartWebhook","verb":"update","cancelRequested":false,"apiVersion":"v2","requestResource":{"@type":"type.googleapis.com/google.cloud.functions.v2.Function","name":"projects/petzia-f86b4/locations/us-central1/functions/onHotmartWebhook","buildConfig":{"runtime":"nodejs20","entryPoint":"onHotmartWebhook","source":{"storageSource":{"bucket":"gcf-v2-sources-375896389326-us-central1","object":"onHotmartWebhook/function-source.zip","generation":"1747947561621394"}},"environmentVariables":{"GOOGLE_NODE_RUN_SCRIPTS":""},"dockerRepository":"projects/petzia-f86b4/locations/us-central1/repositories/gcf-artifacts","serviceAccount":"projects/petzia-f86b4/serviceAccounts/375896389326-compute@developer.gserviceaccount.com","automaticUpdatePolicy":{}},"serviceConfig":{"service":"projects/petzia-f86b4/locations/us-central1/services/onhotmartwebhook","timeoutSeconds":120,"environmentVariables":{"FIREBASE_CONFIG":"{\"projectId\":\"petzia-f86b4\",\"storageBucket\":\"petzia-f86b4.firebasestorage.app\"}","GCLOUD_PROJECT":"petzia-f86b4","EVENTARC_CLOUD_EVENT_SOURCE":"projects/petzia-f86b4/locations/us-central1/services/onHotmartWebhook","FUNCTION_TARGET":"onHotmartWebhook","LOG_EXECUTION_ID":"true","FUNCTION_SIGNATURE_TYPE":"http"},"ingressSettings":"ALLOW_ALL","uri":"https://onhotmartwebhook-dl6etbjehq-uc.a.run.app","serviceAccountEmail":"375896389326-compute@developer.gserviceaccount.com","availableMemory":"1024Mi","allTrafficOnLatestRevision":true,"revision":"onhotmartwebhook-00002-kev","maxInstanceRequestConcurrency":80,"availableCpu":"1"},"state":"ACTIVE","labels":{"deployment-tool":"cli-firebase","firebase-functions-hash":"64a0340f29eddaa26fc51646549fb2ddfd082884"},"environment":"GEN_2","url":"https://us-central1-petzia-f86b4.cloudfunctions.net/onHotmartWebhook","satisfiesPzi":true},"stages":[{"name":"BUILD","state":"NOT_STARTED"},{"name":"SERVICE","state":"NOT_STARTED"}],"operationType":"UPDATE_FUNCTION"},"done":false}
[debug] [2025-05-22T20:59:23.125Z] [update-default-us-central1-onHotmartWebhook] Retrying task index 0
[debug] [2025-05-22T20:59:23.126Z] Checked if tokens are valid: true, expires at: 1747949166648
[debug] [2025-05-22T20:59:23.127Z] Checked if tokens are valid: true, expires at: 1747949166648
[debug] [2025-05-22T20:59:23.127Z] >>> [apiv2][query] GET https://cloudfunctions.googleapis.com/v2/projects/petzia-f86b4/locations/us-central1/operations/operation-1747947560820-635bfc172df36-f7623916-dc69e1b4 [none]
[debug] [2025-05-22T20:59:24.001Z] <<< [apiv2][status] GET https://cloudfunctions.googleapis.com/v2/projects/petzia-f86b4/locations/us-central1/operations/operation-1747947560820-635bfc172df36-f7623916-dc69e1b4 200
[debug] [2025-05-22T20:59:24.001Z] <<< [apiv2][body] GET https://cloudfunctions.googleapis.com/v2/projects/petzia-f86b4/locations/us-central1/operations/operation-1747947560820-635bfc172df36-f7623916-dc69e1b4 {"name":"projects/petzia-f86b4/locations/us-central1/operations/operation-1747947560820-635bfc172df36-f7623916-dc69e1b4","metadata":{"@type":"type.googleapis.com/google.cloud.functions.v2.OperationMetadata","createTime":"2025-05-22T20:59:21.675198677Z","target":"projects/petzia-f86b4/locations/us-central1/functions/onHotmartWebhook","verb":"update","cancelRequested":false,"apiVersion":"v2","requestResource":{"@type":"type.googleapis.com/google.cloud.functions.v2.Function","name":"projects/petzia-f86b4/locations/us-central1/functions/onHotmartWebhook","buildConfig":{"runtime":"nodejs20","entryPoint":"onHotmartWebhook","source":{"storageSource":{"bucket":"gcf-v2-sources-375896389326-us-central1","object":"onHotmartWebhook/function-source.zip","generation":"1747947561621394"}},"environmentVariables":{"GOOGLE_NODE_RUN_SCRIPTS":""},"dockerRepository":"projects/petzia-f86b4/locations/us-central1/repositories/gcf-artifacts","serviceAccount":"projects/petzia-f86b4/serviceAccounts/375896389326-compute@developer.gserviceaccount.com","automaticUpdatePolicy":{}},"serviceConfig":{"service":"projects/petzia-f86b4/locations/us-central1/services/onhotmartwebhook","timeoutSeconds":120,"environmentVariables":{"FIREBASE_CONFIG":"{\"projectId\":\"petzia-f86b4\",\"storageBucket\":\"petzia-f86b4.firebasestorage.app\"}","GCLOUD_PROJECT":"petzia-f86b4","EVENTARC_CLOUD_EVENT_SOURCE":"projects/petzia-f86b4/locations/us-central1/services/onHotmartWebhook","FUNCTION_TARGET":"onHotmartWebhook","LOG_EXECUTION_ID":"true","FUNCTION_SIGNATURE_TYPE":"http"},"ingressSettings":"ALLOW_ALL","uri":"https://onhotmartwebhook-dl6etbjehq-uc.a.run.app","serviceAccountEmail":"375896389326-compute@developer.gserviceaccount.com","availableMemory":"1024Mi","allTrafficOnLatestRevision":true,"revision":"onhotmartwebhook-00002-kev","maxInstanceRequestConcurrency":80,"availableCpu":"1"},"state":"ACTIVE","labels":{"deployment-tool":"cli-firebase","firebase-functions-hash":"64a0340f29eddaa26fc51646549fb2ddfd082884"},"environment":"GEN_2","url":"https://us-central1-petzia-f86b4.cloudfunctions.net/onHotmartWebhook","satisfiesPzi":true},"stages":[{"name":"BUILD","message":"Build in progress","state":"IN_PROGRESS","resource":"projects/375896389326/locations/us-central1/builds/75ab740c-0f20-45cc-8762-328bfd776a6c","resourceUri":"https://console.cloud.google.com/cloud-build/builds;region=us-central1/75ab740c-0f20-45cc-8762-328bfd776a6c?project=375896389326"},{"name":"SERVICE","state":"NOT_STARTED"}],"operationType":"UPDATE_FUNCTION","buildName":"projects/375896389326/locations/us-central1/builds/75ab740c-0f20-45cc-8762-328bfd776a6c"},"done":false}
[debug] [2025-05-22T20:59:25.010Z] [update-default-us-central1-onHotmartWebhook] Retrying task index 0
[debug] [2025-05-22T20:59:25.011Z] Checked if tokens are valid: true, expires at: 1747949166648
[debug] [2025-05-22T20:59:25.011Z] Checked if tokens are valid: true, expires at: 1747949166648
[debug] [2025-05-22T20:59:25.011Z] >>> [apiv2][query] GET https://cloudfunctions.googleapis.com/v2/projects/petzia-f86b4/locations/us-central1/operations/operation-1747947560820-635bfc172df36-f7623916-dc69e1b4 [none]
[debug] [2025-05-22T20:59:25.870Z] <<< [apiv2][status] GET https://cloudfunctions.googleapis.com/v2/projects/petzia-f86b4/locations/us-central1/operations/operation-1747947560820-635bfc172df36-f7623916-dc69e1b4 200
[debug] [2025-05-22T20:59:25.870Z] <<< [apiv2][body] GET https://cloudfunctions.googleapis.com/v2/projects/petzia-f86b4/locations/us-central1/operations/operation-1747947560820-635bfc172df36-f7623916-dc69e1b4 {"name":"projects/petzia-f86b4/locations/us-central1/operations/operation-1747947560820-635bfc172df36-f7623916-dc69e1b4","metadata":{"@type":"type.googleapis.com/google.cloud.functions.v2.OperationMetadata","createTime":"2025-05-22T20:59:21.675198677Z","target":"projects/petzia-f86b4/locations/us-central1/functions/onHotmartWebhook","verb":"update","cancelRequested":false,"apiVersion":"v2","requestResource":{"@type":"type.googleapis.com/google.cloud.functions.v2.Function","name":"projects/petzia-f86b4/locations/us-central1/functions/onHotmartWebhook","buildConfig":{"runtime":"nodejs20","entryPoint":"onHotmartWebhook","source":{"storageSource":{"bucket":"gcf-v2-sources-375896389326-us-central1","object":"onHotmartWebhook/function-source.zip","generation":"1747947561621394"}},"environmentVariables":{"GOOGLE_NODE_RUN_SCRIPTS":""},"dockerRepository":"projects/petzia-f86b4/locations/us-central1/repositories/gcf-artifacts","serviceAccount":"projects/petzia-f86b4/serviceAccounts/375896389326-compute@developer.gserviceaccount.com","automaticUpdatePolicy":{}},"serviceConfig":{"service":"projects/petzia-f86b4/locations/us-central1/services/onhotmartwebhook","timeoutSeconds":120,"environmentVariables":{"FIREBASE_CONFIG":"{\"projectId\":\"petzia-f86b4\",\"storageBucket\":\"petzia-f86b4.firebasestorage.app\"}","GCLOUD_PROJECT":"petzia-f86b4","EVENTARC_CLOUD_EVENT_SOURCE":"projects/petzia-f86b4/locations/us-central1/services/onHotmartWebhook","FUNCTION_TARGET":"onHotmartWebhook","LOG_EXECUTION_ID":"true","FUNCTION_SIGNATURE_TYPE":"http"},"ingressSettings":"ALLOW_ALL","uri":"https://onhotmartwebhook-dl6etbjehq-uc.a.run.app","serviceAccountEmail":"375896389326-compute@developer.gserviceaccount.com","availableMemory":"1024Mi","allTrafficOnLatestRevision":true,"revision":"onhotmartwebhook-00002-kev","maxInstanceRequestConcurrency":80,"availableCpu":"1"},"state":"ACTIVE","labels":{"deployment-tool":"cli-firebase","firebase-functions-hash":"64a0340f29eddaa26fc51646549fb2ddfd082884"},"environment":"GEN_2","url":"https://us-central1-petzia-f86b4.cloudfunctions.net/onHotmartWebhook","satisfiesPzi":true},"stages":[{"name":"BUILD","message":"Build in progress","state":"IN_PROGRESS","resource":"projects/375896389326/locations/us-central1/builds/75ab740c-0f20-45cc-8762-328bfd776a6c","resourceUri":"https://console.cloud.google.com/cloud-build/builds;region=us-central1/75ab740c-0f20-45cc-8762-328bfd776a6c?project=375896389326"},{"name":"SERVICE","state":"NOT_STARTED"}],"operationType":"UPDATE_FUNCTION","buildName":"projects/375896389326/locations/us-central1/builds/75ab740c-0f20-45cc-8762-328bfd776a6c"},"done":false}
[debug] [2025-05-22T20:59:27.877Z] [update-default-us-central1-onHotmartWebhook] Retrying task index 0
[debug] [2025-05-22T20:59:27.878Z] Checked if tokens are valid: true, expires at: 1747949166648
[debug] [2025-05-22T20:59:27.878Z] Checked if tokens are valid: true, expires at: 1747949166648
[debug] [2025-05-22T20:59:27.879Z] >>> [apiv2][query] GET https://cloudfunctions.googleapis.com/v2/projects/petzia-f86b4/locations/us-central1/operations/operation-1747947560820-635bfc172df36-f7623916-dc69e1b4 [none]
[debug] [2025-05-22T20:59:28.731Z] <<< [apiv2][status] GET https://cloudfunctions.googleapis.com/v2/projects/petzia-f86b4/locations/us-central1/operations/operation-1747947560820-635bfc172df36-f7623916-dc69e1b4 200
[debug] [2025-05-22T20:59:28.732Z] <<< [apiv2][body] GET https://cloudfunctions.googleapis.com/v2/projects/petzia-f86b4/locations/us-central1/operations/operation-1747947560820-635bfc172df36-f7623916-dc69e1b4 {"name":"projects/petzia-f86b4/locations/us-central1/operations/operation-1747947560820-635bfc172df36-f7623916-dc69e1b4","metadata":{"@type":"type.googleapis.com/google.cloud.functions.v2.OperationMetadata","createTime":"2025-05-22T20:59:21.675198677Z","target":"projects/petzia-f86b4/locations/us-central1/functions/onHotmartWebhook","verb":"update","cancelRequested":false,"apiVersion":"v2","requestResource":{"@type":"type.googleapis.com/google.cloud.functions.v2.Function","name":"projects/petzia-f86b4/locations/us-central1/functions/onHotmartWebhook","buildConfig":{"runtime":"nodejs20","entryPoint":"onHotmartWebhook","source":{"storageSource":{"bucket":"gcf-v2-sources-375896389326-us-central1","object":"onHotmartWebhook/function-source.zip","generation":"1747947561621394"}},"environmentVariables":{"GOOGLE_NODE_RUN_SCRIPTS":""},"dockerRepository":"projects/petzia-f86b4/locations/us-central1/repositories/gcf-artifacts","serviceAccount":"projects/petzia-f86b4/serviceAccounts/375896389326-compute@developer.gserviceaccount.com","automaticUpdatePolicy":{}},"serviceConfig":{"service":"projects/petzia-f86b4/locations/us-central1/services/onhotmartwebhook","timeoutSeconds":120,"environmentVariables":{"FIREBASE_CONFIG":"{\"projectId\":\"petzia-f86b4\",\"storageBucket\":\"petzia-f86b4.firebasestorage.app\"}","GCLOUD_PROJECT":"petzia-f86b4","EVENTARC_CLOUD_EVENT_SOURCE":"projects/petzia-f86b4/locations/us-central1/services/onHotmartWebhook","FUNCTION_TARGET":"onHotmartWebhook","LOG_EXECUTION_ID":"true","FUNCTION_SIGNATURE_TYPE":"http"},"ingressSettings":"ALLOW_ALL","uri":"https://onhotmartwebhook-dl6etbjehq-uc.a.run.app","serviceAccountEmail":"375896389326-compute@developer.gserviceaccount.com","availableMemory":"1024Mi","allTrafficOnLatestRevision":true,"revision":"onhotmartwebhook-00002-kev","maxInstanceRequestConcurrency":80,"availableCpu":"1"},"state":"ACTIVE","labels":{"deployment-tool":"cli-firebase","firebase-functions-hash":"64a0340f29eddaa26fc51646549fb2ddfd082884"},"environment":"GEN_2","url":"https://us-central1-petzia-f86b4.cloudfunctions.net/onHotmartWebhook","satisfiesPzi":true},"stages":[{"name":"BUILD","message":"Build in progress","state":"IN_PROGRESS","resource":"projects/375896389326/locations/us-central1/builds/75ab740c-0f20-45cc-8762-328bfd776a6c","resourceUri":"https://console.cloud.google.com/cloud-build/builds;region=us-central1/75ab740c-0f20-45cc-8762-328bfd776a6c?project=375896389326"},{"name":"SERVICE","state":"NOT_STARTED"}],"operationType":"UPDATE_FUNCTION","buildName":"projects/375896389326/locations/us-central1/builds/75ab740c-0f20-45cc-8762-328bfd776a6c"},"done":false}
[debug] [2025-05-22T20:59:32.732Z] [update-default-us-central1-onHotmartWebhook] Retrying task index 0
[debug] [2025-05-22T20:59:32.733Z] Checked if tokens are valid: true, expires at: 1747949166648
[debug] [2025-05-22T20:59:32.733Z] Checked if tokens are valid: true, expires at: 1747949166648
[debug] [2025-05-22T20:59:32.734Z] >>> [apiv2][query] GET https://cloudfunctions.googleapis.com/v2/projects/petzia-f86b4/locations/us-central1/operations/operation-1747947560820-635bfc172df36-f7623916-dc69e1b4 [none]
[debug] [2025-05-22T20:59:33.584Z] <<< [apiv2][status] GET https://cloudfunctions.googleapis.com/v2/projects/petzia-f86b4/locations/us-central1/operations/operation-1747947560820-635bfc172df36-f7623916-dc69e1b4 200
[debug] [2025-05-22T20:59:33.584Z] <<< [apiv2][body] GET https://cloudfunctions.googleapis.com/v2/projects/petzia-f86b4/locations/us-central1/operations/operation-1747947560820-635bfc172df36-f7623916-dc69e1b4 {"name":"projects/petzia-f86b4/locations/us-central1/operations/operation-1747947560820-635bfc172df36-f7623916-dc69e1b4","metadata":{"@type":"type.googleapis.com/google.cloud.functions.v2.OperationMetadata","createTime":"2025-05-22T20:59:21.675198677Z","target":"projects/petzia-f86b4/locations/us-central1/functions/onHotmartWebhook","verb":"update","cancelRequested":false,"apiVersion":"v2","requestResource":{"@type":"type.googleapis.com/google.cloud.functions.v2.Function","name":"projects/petzia-f86b4/locations/us-central1/functions/onHotmartWebhook","buildConfig":{"runtime":"nodejs20","entryPoint":"onHotmartWebhook","source":{"storageSource":{"bucket":"gcf-v2-sources-375896389326-us-central1","object":"onHotmartWebhook/function-source.zip","generation":"1747947561621394"}},"environmentVariables":{"GOOGLE_NODE_RUN_SCRIPTS":""},"dockerRepository":"projects/petzia-f86b4/locations/us-central1/repositories/gcf-artifacts","serviceAccount":"projects/petzia-f86b4/serviceAccounts/375896389326-compute@developer.gserviceaccount.com","automaticUpdatePolicy":{}},"serviceConfig":{"service":"projects/petzia-f86b4/locations/us-central1/services/onhotmartwebhook","timeoutSeconds":120,"environmentVariables":{"FIREBASE_CONFIG":"{\"projectId\":\"petzia-f86b4\",\"storageBucket\":\"petzia-f86b4.firebasestorage.app\"}","GCLOUD_PROJECT":"petzia-f86b4","EVENTARC_CLOUD_EVENT_SOURCE":"projects/petzia-f86b4/locations/us-central1/services/onHotmartWebhook","FUNCTION_TARGET":"onHotmartWebhook","LOG_EXECUTION_ID":"true","FUNCTION_SIGNATURE_TYPE":"http"},"ingressSettings":"ALLOW_ALL","uri":"https://onhotmartwebhook-dl6etbjehq-uc.a.run.app","serviceAccountEmail":"375896389326-compute@developer.gserviceaccount.com","availableMemory":"1024Mi","allTrafficOnLatestRevision":true,"revision":"onhotmartwebhook-00002-kev","maxInstanceRequestConcurrency":80,"availableCpu":"1"},"state":"ACTIVE","labels":{"deployment-tool":"cli-firebase","firebase-functions-hash":"64a0340f29eddaa26fc51646549fb2ddfd082884"},"environment":"GEN_2","url":"https://us-central1-petzia-f86b4.cloudfunctions.net/onHotmartWebhook","satisfiesPzi":true},"stages":[{"name":"BUILD","message":"Build in progress","state":"IN_PROGRESS","resource":"projects/375896389326/locations/us-central1/builds/75ab740c-0f20-45cc-8762-328bfd776a6c","resourceUri":"https://console.cloud.google.com/cloud-build/builds;region=us-central1/75ab740c-0f20-45cc-8762-328bfd776a6c?project=375896389326"},{"name":"SERVICE","state":"NOT_STARTED"}],"operationType":"UPDATE_FUNCTION","buildName":"projects/375896389326/locations/us-central1/builds/75ab740c-0f20-45cc-8762-328bfd776a6c"},"done":false}
[debug] [2025-05-22T20:59:41.586Z] [update-default-us-central1-onHotmartWebhook] Retrying task index 0
[debug] [2025-05-22T20:59:41.586Z] Checked if tokens are valid: true, expires at: 1747949166648
[debug] [2025-05-22T20:59:41.586Z] Checked if tokens are valid: true, expires at: 1747949166648
[debug] [2025-05-22T20:59:41.587Z] >>> [apiv2][query] GET https://cloudfunctions.googleapis.com/v2/projects/petzia-f86b4/locations/us-central1/operations/operation-1747947560820-635bfc172df36-f7623916-dc69e1b4 [none]
[debug] [2025-05-22T20:59:42.514Z] <<< [apiv2][status] GET https://cloudfunctions.googleapis.com/v2/projects/petzia-f86b4/locations/us-central1/operations/operation-1747947560820-635bfc172df36-f7623916-dc69e1b4 200
[debug] [2025-05-22T20:59:42.514Z] <<< [apiv2][body] GET https://cloudfunctions.googleapis.com/v2/projects/petzia-f86b4/locations/us-central1/operations/operation-1747947560820-635bfc172df36-f7623916-dc69e1b4 {"name":"projects/petzia-f86b4/locations/us-central1/operations/operation-1747947560820-635bfc172df36-f7623916-dc69e1b4","metadata":{"@type":"type.googleapis.com/google.cloud.functions.v2.OperationMetadata","createTime":"2025-05-22T20:59:21.675198677Z","target":"projects/petzia-f86b4/locations/us-central1/functions/onHotmartWebhook","verb":"update","cancelRequested":false,"apiVersion":"v2","requestResource":{"@type":"type.googleapis.com/google.cloud.functions.v2.Function","name":"projects/petzia-f86b4/locations/us-central1/functions/onHotmartWebhook","buildConfig":{"runtime":"nodejs20","entryPoint":"onHotmartWebhook","source":{"storageSource":{"bucket":"gcf-v2-sources-375896389326-us-central1","object":"onHotmartWebhook/function-source.zip","generation":"1747947561621394"}},"environmentVariables":{"GOOGLE_NODE_RUN_SCRIPTS":""},"dockerRepository":"projects/petzia-f86b4/locations/us-central1/repositories/gcf-artifacts","serviceAccount":"projects/petzia-f86b4/serviceAccounts/375896389326-compute@developer.gserviceaccount.com","automaticUpdatePolicy":{}},"serviceConfig":{"service":"projects/petzia-f86b4/locations/us-central1/services/onhotmartwebhook","timeoutSeconds":120,"environmentVariables":{"FIREBASE_CONFIG":"{\"projectId\":\"petzia-f86b4\",\"storageBucket\":\"petzia-f86b4.firebasestorage.app\"}","GCLOUD_PROJECT":"petzia-f86b4","EVENTARC_CLOUD_EVENT_SOURCE":"projects/petzia-f86b4/locations/us-central1/services/onHotmartWebhook","FUNCTION_TARGET":"onHotmartWebhook","LOG_EXECUTION_ID":"true","FUNCTION_SIGNATURE_TYPE":"http"},"ingressSettings":"ALLOW_ALL","uri":"https://onhotmartwebhook-dl6etbjehq-uc.a.run.app","serviceAccountEmail":"375896389326-compute@developer.gserviceaccount.com","availableMemory":"1024Mi","allTrafficOnLatestRevision":true,"revision":"onhotmartwebhook-00002-kev","maxInstanceRequestConcurrency":80,"availableCpu":"1"},"state":"ACTIVE","labels":{"deployment-tool":"cli-firebase","firebase-functions-hash":"64a0340f29eddaa26fc51646549fb2ddfd082884"},"environment":"GEN_2","url":"https://us-central1-petzia-f86b4.cloudfunctions.net/onHotmartWebhook","satisfiesPzi":true},"stages":[{"name":"BUILD","message":"Build in progress","state":"IN_PROGRESS","resource":"projects/375896389326/locations/us-central1/builds/75ab740c-0f20-45cc-8762-328bfd776a6c","resourceUri":"https://console.cloud.google.com/cloud-build/builds;region=us-central1/75ab740c-0f20-45cc-8762-328bfd776a6c?project=375896389326"},{"name":"SERVICE","state":"NOT_STARTED"}],"operationType":"UPDATE_FUNCTION","buildName":"projects/375896389326/locations/us-central1/builds/75ab740c-0f20-45cc-8762-328bfd776a6c"},"done":false}
[debug] [2025-05-22T20:59:52.517Z] [update-default-us-central1-onHotmartWebhook] Retrying task index 0
[debug] [2025-05-22T20:59:52.518Z] Checked if tokens are valid: true, expires at: 1747949166648
[debug] [2025-05-22T20:59:52.518Z] Checked if tokens are valid: true, expires at: 1747949166648
[debug] [2025-05-22T20:59:52.518Z] >>> [apiv2][query] GET https://cloudfunctions.googleapis.com/v2/projects/petzia-f86b4/locations/us-central1/operations/operation-1747947560820-635bfc172df36-f7623916-dc69e1b4 [none]
[debug] [2025-05-22T20:59:53.483Z] <<< [apiv2][status] GET https://cloudfunctions.googleapis.com/v2/projects/petzia-f86b4/locations/us-central1/operations/operation-1747947560820-635bfc172df36-f7623916-dc69e1b4 200
[debug] [2025-05-22T20:59:53.483Z] <<< [apiv2][body] GET https://cloudfunctions.googleapis.com/v2/projects/petzia-f86b4/locations/us-central1/operations/operation-1747947560820-635bfc172df36-f7623916-dc69e1b4 {"name":"projects/petzia-f86b4/locations/us-central1/operations/operation-1747947560820-635bfc172df36-f7623916-dc69e1b4","metadata":{"@type":"type.googleapis.com/google.cloud.functions.v2.OperationMetadata","createTime":"2025-05-22T20:59:21.675198677Z","target":"projects/petzia-f86b4/locations/us-central1/functions/onHotmartWebhook","verb":"update","cancelRequested":false,"apiVersion":"v2","requestResource":{"@type":"type.googleapis.com/google.cloud.functions.v2.Function","name":"projects/petzia-f86b4/locations/us-central1/functions/onHotmartWebhook","buildConfig":{"runtime":"nodejs20","entryPoint":"onHotmartWebhook","source":{"storageSource":{"bucket":"gcf-v2-sources-375896389326-us-central1","object":"onHotmartWebhook/function-source.zip","generation":"1747947561621394"}},"environmentVariables":{"GOOGLE_NODE_RUN_SCRIPTS":""},"dockerRepository":"projects/petzia-f86b4/locations/us-central1/repositories/gcf-artifacts","serviceAccount":"projects/petzia-f86b4/serviceAccounts/375896389326-compute@developer.gserviceaccount.com","automaticUpdatePolicy":{}},"serviceConfig":{"service":"projects/petzia-f86b4/locations/us-central1/services/onhotmartwebhook","timeoutSeconds":120,"environmentVariables":{"FIREBASE_CONFIG":"{\"projectId\":\"petzia-f86b4\",\"storageBucket\":\"petzia-f86b4.firebasestorage.app\"}","GCLOUD_PROJECT":"petzia-f86b4","EVENTARC_CLOUD_EVENT_SOURCE":"projects/petzia-f86b4/locations/us-central1/services/onHotmartWebhook","FUNCTION_TARGET":"onHotmartWebhook","LOG_EXECUTION_ID":"true","FUNCTION_SIGNATURE_TYPE":"http"},"ingressSettings":"ALLOW_ALL","uri":"https://onhotmartwebhook-dl6etbjehq-uc.a.run.app","serviceAccountEmail":"375896389326-compute@developer.gserviceaccount.com","availableMemory":"1024Mi","allTrafficOnLatestRevision":true,"revision":"onhotmartwebhook-00002-kev","maxInstanceRequestConcurrency":80,"availableCpu":"1"},"state":"ACTIVE","labels":{"deployment-tool":"cli-firebase","firebase-functions-hash":"64a0340f29eddaa26fc51646549fb2ddfd082884"},"environment":"GEN_2","url":"https://us-central1-petzia-f86b4.cloudfunctions.net/onHotmartWebhook","satisfiesPzi":true},"stages":[{"name":"BUILD","message":"Build in progress","state":"IN_PROGRESS","resource":"projects/375896389326/locations/us-central1/builds/75ab740c-0f20-45cc-8762-328bfd776a6c","resourceUri":"https://console.cloud.google.com/cloud-build/builds;region=us-central1/75ab740c-0f20-45cc-8762-328bfd776a6c?project=375896389326"},{"name":"SERVICE","state":"NOT_STARTED"}],"operationType":"UPDATE_FUNCTION","buildName":"projects/375896389326/locations/us-central1/builds/75ab740c-0f20-45cc-8762-328bfd776a6c"},"done":false}
[debug] [2025-05-22T21:00:03.501Z] [update-default-us-central1-onHotmartWebhook] Retrying task index 0
[debug] [2025-05-22T21:00:03.501Z] Checked if tokens are valid: true, expires at: 1747949166648
[debug] [2025-05-22T21:00:03.502Z] Checked if tokens are valid: true, expires at: 1747949166648
[debug] [2025-05-22T21:00:03.502Z] >>> [apiv2][query] GET https://cloudfunctions.googleapis.com/v2/projects/petzia-f86b4/locations/us-central1/operations/operation-1747947560820-635bfc172df36-f7623916-dc69e1b4 [none]
[debug] [2025-05-22T21:00:04.441Z] <<< [apiv2][status] GET https://cloudfunctions.googleapis.com/v2/projects/petzia-f86b4/locations/us-central1/operations/operation-1747947560820-635bfc172df36-f7623916-dc69e1b4 200
[debug] [2025-05-22T21:00:04.441Z] <<< [apiv2][body] GET https://cloudfunctions.googleapis.com/v2/projects/petzia-f86b4/locations/us-central1/operations/operation-1747947560820-635bfc172df36-f7623916-dc69e1b4 {"name":"projects/petzia-f86b4/locations/us-central1/operations/operation-1747947560820-635bfc172df36-f7623916-dc69e1b4","metadata":{"@type":"type.googleapis.com/google.cloud.functions.v2.OperationMetadata","createTime":"2025-05-22T20:59:21.675198677Z","target":"projects/petzia-f86b4/locations/us-central1/functions/onHotmartWebhook","verb":"update","cancelRequested":false,"apiVersion":"v2","requestResource":{"@type":"type.googleapis.com/google.cloud.functions.v2.Function","name":"projects/petzia-f86b4/locations/us-central1/functions/onHotmartWebhook","buildConfig":{"runtime":"nodejs20","entryPoint":"onHotmartWebhook","source":{"storageSource":{"bucket":"gcf-v2-sources-375896389326-us-central1","object":"onHotmartWebhook/function-source.zip","generation":"1747947561621394"}},"environmentVariables":{"GOOGLE_NODE_RUN_SCRIPTS":""},"dockerRepository":"projects/petzia-f86b4/locations/us-central1/repositories/gcf-artifacts","serviceAccount":"projects/petzia-f86b4/serviceAccounts/375896389326-compute@developer.gserviceaccount.com","automaticUpdatePolicy":{}},"serviceConfig":{"service":"projects/petzia-f86b4/locations/us-central1/services/onhotmartwebhook","timeoutSeconds":120,"environmentVariables":{"FIREBASE_CONFIG":"{\"projectId\":\"petzia-f86b4\",\"storageBucket\":\"petzia-f86b4.firebasestorage.app\"}","GCLOUD_PROJECT":"petzia-f86b4","EVENTARC_CLOUD_EVENT_SOURCE":"projects/petzia-f86b4/locations/us-central1/services/onHotmartWebhook","FUNCTION_TARGET":"onHotmartWebhook","LOG_EXECUTION_ID":"true","FUNCTION_SIGNATURE_TYPE":"http"},"ingressSettings":"ALLOW_ALL","uri":"https://onhotmartwebhook-dl6etbjehq-uc.a.run.app","serviceAccountEmail":"375896389326-compute@developer.gserviceaccount.com","availableMemory":"1024Mi","allTrafficOnLatestRevision":true,"revision":"onhotmartwebhook-00002-kev","maxInstanceRequestConcurrency":80,"availableCpu":"1"},"state":"ACTIVE","labels":{"deployment-tool":"cli-firebase","firebase-functions-hash":"64a0340f29eddaa26fc51646549fb2ddfd082884"},"environment":"GEN_2","url":"https://us-central1-petzia-f86b4.cloudfunctions.net/onHotmartWebhook","satisfiesPzi":true},"stages":[{"name":"BUILD","message":"Build in progress","state":"IN_PROGRESS","resource":"projects/375896389326/locations/us-central1/builds/75ab740c-0f20-45cc-8762-328bfd776a6c","resourceUri":"https://console.cloud.google.com/cloud-build/builds;region=us-central1/75ab740c-0f20-45cc-8762-328bfd776a6c?project=375896389326"},{"name":"SERVICE","state":"NOT_STARTED"}],"operationType":"UPDATE_FUNCTION","buildName":"projects/375896389326/locations/us-central1/builds/75ab740c-0f20-45cc-8762-328bfd776a6c"},"done":false}
[debug] [2025-05-22T21:00:14.449Z] [update-default-us-central1-onHotmartWebhook] Retrying task index 0
[debug] [2025-05-22T21:00:14.449Z] Checked if tokens are valid: true, expires at: 1747949166648
[debug] [2025-05-22T21:00:14.449Z] Checked if tokens are valid: true, expires at: 1747949166648
[debug] [2025-05-22T21:00:14.449Z] >>> [apiv2][query] GET https://cloudfunctions.googleapis.com/v2/projects/petzia-f86b4/locations/us-central1/operations/operation-1747947560820-635bfc172df36-f7623916-dc69e1b4 [none]
[debug] [2025-05-22T21:00:15.395Z] <<< [apiv2][status] GET https://cloudfunctions.googleapis.com/v2/projects/petzia-f86b4/locations/us-central1/operations/operation-1747947560820-635bfc172df36-f7623916-dc69e1b4 200
[debug] [2025-05-22T21:00:15.395Z] <<< [apiv2][body] GET https://cloudfunctions.googleapis.com/v2/projects/petzia-f86b4/locations/us-central1/operations/operation-1747947560820-635bfc172df36-f7623916-dc69e1b4 {"name":"projects/petzia-f86b4/locations/us-central1/operations/operation-1747947560820-635bfc172df36-f7623916-dc69e1b4","metadata":{"@type":"type.googleapis.com/google.cloud.functions.v2.OperationMetadata","createTime":"2025-05-22T20:59:21.675198677Z","endTime":"2025-05-22T21:00:12.364621480Z","target":"projects/petzia-f86b4/locations/us-central1/functions/onHotmartWebhook","verb":"update","cancelRequested":false,"apiVersion":"v2","requestResource":{"@type":"type.googleapis.com/google.cloud.functions.v2.Function","name":"projects/petzia-f86b4/locations/us-central1/functions/onHotmartWebhook","buildConfig":{"runtime":"nodejs20","entryPoint":"onHotmartWebhook","source":{"storageSource":{"bucket":"gcf-v2-sources-375896389326-us-central1","object":"onHotmartWebhook/function-source.zip","generation":"1747947561621394"}},"environmentVariables":{"GOOGLE_NODE_RUN_SCRIPTS":""},"dockerRepository":"projects/petzia-f86b4/locations/us-central1/repositories/gcf-artifacts","serviceAccount":"projects/petzia-f86b4/serviceAccounts/375896389326-compute@developer.gserviceaccount.com","automaticUpdatePolicy":{}},"serviceConfig":{"service":"projects/petzia-f86b4/locations/us-central1/services/onhotmartwebhook","timeoutSeconds":120,"environmentVariables":{"FIREBASE_CONFIG":"{\"projectId\":\"petzia-f86b4\",\"storageBucket\":\"petzia-f86b4.firebasestorage.app\"}","GCLOUD_PROJECT":"petzia-f86b4","EVENTARC_CLOUD_EVENT_SOURCE":"projects/petzia-f86b4/locations/us-central1/services/onHotmartWebhook","FUNCTION_TARGET":"onHotmartWebhook","LOG_EXECUTION_ID":"true","FUNCTION_SIGNATURE_TYPE":"http"},"ingressSettings":"ALLOW_ALL","uri":"https://onhotmartwebhook-dl6etbjehq-uc.a.run.app","serviceAccountEmail":"375896389326-compute@developer.gserviceaccount.com","availableMemory":"1024Mi","allTrafficOnLatestRevision":true,"revision":"onhotmartwebhook-00002-kev","maxInstanceRequestConcurrency":80,"availableCpu":"1"},"state":"ACTIVE","labels":{"deployment-tool":"cli-firebase","firebase-functions-hash":"64a0340f29eddaa26fc51646549fb2ddfd082884"},"environment":"GEN_2","url":"https://us-central1-petzia-f86b4.cloudfunctions.net/onHotmartWebhook","satisfiesPzi":true},"stages":[{"name":"SERVICE","state":"NOT_STARTED"}],"operationType":"UPDATE_FUNCTION"},"done":true,"error":{"code":3,"message":"Build failed with status: FAILURE and message: npm error code EUSAGE\nnpm error\nnpm error `npm ci` can only install packages when your package.json and package-lock.json or npm-shrinkwrap.json are in sync. Please update your lock file with `npm install` before continuing.\nnpm error\nnpm error Missing: jest@29.7.0 from lock file\nnpm error Missing: @jest/core@29.7.0 from lock file\nnpm error Missing: @jest/types@29.6.3 from lock file\nnpm error Missing: import-local@3.2.0 from lock file\nnpm error Missing: jest-cli@29.7.0 from lock file\nnpm error Missing: @jest/console@29.7.0 from lock file\nnpm error Missing: @jest/reporters@29.7.0 from lock file\nnpm error Missing: @jest/test-result@29.7.0 from lock file\nnpm error Missing: @jest/transform@29.7.0 from lock file\nnpm error Missing: ansi-escapes@4.3.2 from lock file\nnpm error Missing: chalk@4.1.2 from lock file\nnpm error Missing: ci-info@3.9.0 from lock file\nnpm error Missing: exit@0.1.2 from lock file\nnpm error Missing: graceful-fs@4.2.11 from lock file\nnpm error Missing: jest-changed-files@29.7.0 from lock file\nnpm error Missing: jest-config@29.7.0 from lock file\nnpm error Missing: jest-haste-map@29.7.0 from lock file\nnpm error Missing: jest-message-util@29.7.0 from lock file\nnpm error Missing: jest-regex-util@29.6.3 from lock file\nnpm error Missing: jest-resolve@29.7.0 from lock file\nnpm error Missing: jest-resolve-dependencies@29.7.0 from lock file\nnpm error Missing: jest-runner@29.7.0 from lock file\nnpm error Missing: jest-runtime@29.7.0 from lock file\nnpm error Missing: jest-snapshot@29.7.0 from lock file\nnpm error Missing: jest-util@29.7.0 from lock file\nnpm error Missing: jest-validate@29.7.0 from lock file\nnpm error Missing: jest-watcher@29.7.0 from lock file\nnpm error Missing: micromatch@4.0.8 from lock file\nnpm error Missing: pretty-format@29.7.0 from lock file\nnpm error Missing: slash@3.0.0 from lock file\nnpm error Missing: @bcoe/v8-coverage@0.2.3 from lock file\nnpm error Missing: @jridgewell/trace-mapping@0.3.25 from lock file\nnpm error Missing: collect-v8-coverage@1.0.2 from lock file\nnpm error Missing: glob@7.2.3 from lock file\nnpm error Missing: istanbul-lib-coverage@3.2.2 from lock file\nnpm error Missing: istanbul-lib-instrument@6.0.3 from lock file\nnpm error Missing: istanbul-lib-report@3.0.1 from lock file\nnpm error Missing: istanbul-lib-source-maps@4.0.1 from lock file\nnpm error Missing: istanbul-reports@3.1.7 from lock file\nnpm error Missing: jest-worker@29.7.0 from lock file\nnpm error Missing: string-length@4.0.2 from lock file\nnpm error Missing: v8-to-istanbul@9.3.0 from lock file\nnpm error Missing: @types/istanbul-lib-coverage@2.0.6 from lock file\nnpm error Missing: @babel/core@7.27.1 from lock file\nnpm error Missing: babel-plugin-istanbul@6.1.1 from lock file\nnpm error Missing: convert-source-map@2.0.0 from lock file\nnpm error Missing: fast-json-stable-stringify@2.1.0 from lock file\nnpm error Missing: pirates@4.0.7 from lock file\nnpm error Missing: write-file-atomic@4.0.2 from lock file\nnpm error Missing: @ampproject/remapping@2.3.0 from lock file\nnpm error Missing: @babel/code-frame@7.27.1 from lock file\nnpm error Missing: @babel/generator@7.27.1 from lock file\nnpm error Missing: @babel/helper-compilation-targets@7.27.2 from lock file\nnpm error Missing: @babel/helper-module-transforms@7.27.1 from lock file\nnpm error Missing: @babel/helpers@7.27.1 from lock file\nnpm error Missing: @babel/parser@7.27.2 from lock file\nnpm error Missing: @babel/template@7.27.2 from lock file\nnpm error Missing: @babel/traverse@7.27.1 from lock file\nnpm error Missing: @babel/types@7.27.1 from lock file\nnpm error Missing: debug@4.4.1 from lock file\nnpm error Missing: gensync@1.0.0-beta.2 from lock file\nnpm error Missing: json5@2.2.3 from lock file\nnpm error Missing: semver@6.3.1 from lock file\nnpm error Missing: @jridgewell/gen-mapping@0.3.8 from lock file\nnpm error Missing: @babel/helper-validator-identifier@7.27.1 from lock file\nnpm error Missing: js-tokens@4.0.0 from lock file\nnpm error Missing: picocolors@1.1.1 from lock file\nnpm error Missing: jsesc@3.1.0 from lock file\nnpm error Missing: @babel/compat-data@7.27.2 from lock file\nnpm error Missing: @babel/helper-validator-option@7.27.1 from lock file\nnpm error Missing: browserslist@4.24.5 from lock file\nnpm error Missing: lru-cache@5.1.1 from lock file\nnpm error Missing: semver@6.3.1 from lock file\nnpm error Missing: @babel/helper-module-imports@7.27.1 from lock file\nnpm error Missing: debug@4.4.1 from lock file\nnpm error Missing: globals@11.12.0 from lock file\nnpm error Missing: @babel/helper-string-parser@7.27.1 from lock file\nnpm error Missing: @jest/schemas@29.6.3 from lock file\nnpm error Missing: @types/istanbul-reports@3.0.4 from lock file\nnpm error Missing: @types/yargs@17.0.33 from lock file\nnpm error Missing: @sinclair/typebox@0.27.8 from lock file\nnpm error Missing: @jridgewell/set-array@1.2.1 from lock file\nnpm error Missing: @jridgewell/sourcemap-codec@1.5.0 from lock file\nnpm error Missing: @jridgewell/resolve-uri@3.1.2 from lock file\nnpm error Missing: @types/istanbul-lib-report@3.0.3 from lock file\nnpm error Missing: @types/yargs-parser@21.0.3 from lock file\nnpm error Missing: type-fest@0.21.3 from lock file\nnpm error Missing: @babel/helper-plugin-utils@7.27.1 from lock file\nnpm error Missing: @istanbuljs/load-nyc-config@1.1.0 from lock file\nnpm error Missing: @istanbuljs/schema@0.1.3 from lock file\nnpm error Missing: istanbul-lib-instrument@5.2.1 from lock file\nnpm error Missing: test-exclude@6.0.0 from lock file\nnpm error Missing: camelcase@5.3.1 from lock file\nnpm error Missing: find-up@4.1.0 from lock file\nnpm error Missing: get-package-type@0.1.0 from lock file\nnpm error Missing: js-yaml@3.14.1 from lock file\nnpm error Missing: resolve-from@5.0.0 from lock file\nnpm error Missing: caniuse-lite@1.0.30001718 from lock file\nnpm error Missing: electron-to-chromium@1.5.155 from lock file\nnpm error Missing: node-releases@2.0.19 from lock file\nnpm error Missing: update-browserslist-db@1.1.3 from lock file\nnpm error Missing: supports-color@7.2.0 from lock file\nnpm error Missing: locate-path@5.0.0 from lock file\nnpm error Missing: path-exists@4.0.0 from lock file\nnpm error Missing: fs.realpath@1.0.0 from lock file\nnpm error Missing: inflight@1.0.6 from lock file\nnpm error Missing: minimatch@3.1.2 from lock file\nnpm error Missing: path-is-absolute@1.0.1 from lock file\nnpm error Missing: pkg-dir@4.2.0 from lock file\nnpm error Missing: resolve-cwd@3.0.0 from lock file\nnpm error Missing: make-dir@4.0.0 from lock file\nnpm error Missing: debug@4.4.1 from lock file\nnpm error Missing: source-map@0.6.1 from lock file\nnpm error Missing: html-escaper@2.0.2 from lock file\nnpm error Missing: execa@5.1.1 from lock file\nnpm error Missing: cross-spawn@7.0.6 from lock file\nnpm error Missing: get-stream@6.0.1 from lock file\nnpm error Missing: human-signals@2.1.0 from lock file\nnpm error Missing: merge-stream@2.0.0 from lock file\nnpm error Missing: npm-run-path@4.0.1 from lock file\nnpm error Missing: onetime@5.1.2 from lock file\nnpm error Missing: signal-exit@3.0.7 from lock file\nnpm error Missing: strip-final-newline@2.0.0 from lock file\nnpm error Missing: path-key@3.1.1 from lock file\nnpm error Missing: shebang-command@2.0.0 from lock file\nnpm error Missing: which@2.0.2 from lock file\nnpm error Missing: create-jest@29.7.0 from lock file\nnpm error Missing: prompts@2.4.2 from lock file\nnpm error Missing: @jest/test-sequencer@29.7.0 from lock file\nnpm error Missing: babel-jest@29.7.0 from lock file\nnpm error Missing: deepmerge@4.3.1 from lock file\nnpm error Missing: jest-circus@29.7.0 from lock file\nnpm error Missing: jest-environment-node@29.7.0 from lock file\nnpm error Missing: jest-get-type@29.6.3 from lock file\nnpm error Missing: parse-json@5.2.0 from lock file\nnpm error Missing: strip-json-comments@3.1.1 from lock file\nnpm error Missing: @types/babel__core@7.20.5 from lock file\nnpm error Missing: babel-preset-jest@29.6.3 from lock file\nnpm error Missing: @types/babel__generator@7.27.0 from lock file\nnpm error Missing: @types/babel__template@7.4.4 from lock file\nnpm error Missing: @types/babel__traverse@7.20.7 from lock file\nnpm error Missing: babel-plugin-jest-hoist@29.6.3 from lock file\nnpm error Missing: babel-preset-current-node-syntax@1.1.0 from lock file\nnpm error Missing: @babel/plugin-syntax-async-generators@7.8.4 from lock file\nnpm error Missing: @babel/plugin-syntax-bigint@7.8.3 from lock file\nnpm error Missing: @babel/plugin-syntax-class-properties@7.12.13 from lock file\nnpm error Missing: @babel/plugin-syntax-class-static-block@7.14.5 from lock file\nnpm error Missing: @babel/plugin-syntax-import-attributes@7.27.1 from lock file\nnpm error Missing: @babel/plugin-syntax-import-meta@7.10.4 from lock file\nnpm error Missing: @babel/plugin-syntax-json-strings@7.8.3 from lock file\nnpm error Missing: @babel/plugin-syntax-logical-assignment-operators@7.10.4 from lock file\nnpm error Missing: @babel/plugin-syntax-nullish-coalescing-operator@7.8.3 from lock file\nnpm error Missing: @babel/plugin-syntax-numeric-separator@7.10.4 from lock file\nnpm error Missing: @babel/plugin-syntax-object-rest-spread@7.8.3 from lock file\nnpm error Missing: @babel/plugin-syntax-optional-catch-binding@7.8.3 from lock file\nnpm error Missing: @babel/plugin-syntax-optional-chaining@7.8.3 from lock file\nnpm error Missing: @babel/plugin-syntax-private-property-in-object@7.14.5 from lock file\nnpm error Missing: @babel/plugin-syntax-top-level-await@7.14.5 from lock file\nnpm error Missing: @jest/environment@29.7.0 from lock file\nnpm error Missing: @jest/expect@29.7.0 from lock file\nnpm error Missing: co@4.6.0 from lock file\nnpm error Missing: dedent@1.6.0 from lock file\nnpm error Missing: is-generator-fn@2.1.0 from lock file\nnpm error Missing: jest-each@29.7.0 from lock file\nnpm error Missing: jest-matcher-utils@29.7.0 from lock file\nnpm error Missing: pure-rand@6.1.0 from lock file\nnpm error Missing: stack-utils@2.0.6 from lock file\nnpm error Missing: @jest/fake-timers@29.7.0 from lock file\nnpm error Missing: jest-mock@29.7.0 from lock file\nnpm error Missing: expect@29.7.0 from lock file\nnpm error Missing: @sinonjs/fake-timers@10.3.0 from lock file\nnpm error Missing: @sinonjs/commons@3.0.1 from lock file\nnpm error Missing: type-detect@4.0.8 from lock file\nnpm error Missing: @jest/expect-utils@29.7.0 from lock file\nnpm error Missing: @types/graceful-fs@4.1.9 from lock file\nnpm error Missing: anymatch@3.1.3 from lock file\nnpm error Missing: fb-watchman@2.0.2 from lock file\nnpm error Missing: fsevents@2.3.3 from lock file\nnpm error Missing: walker@1.0.8 from lock file\nnpm error Missing: normalize-path@3.0.0 from lock file\nnpm error Missing: picomatch@2.3.1 from lock file\nnpm error Missing: bser@2.1.1 from lock file\nnpm error Missing: node-int64@0.4.0 from lock file\nnpm error Missing: jest-diff@29.7.0 from lock file\nnpm error Missing: diff-sequences@29.6.3 from lock file\nnpm error Missing: @types/stack-utils@2.0.3 from lock file\nnpm error Missing: jest-pnp-resolver@1.2.3 from lock file\nnpm error Missing: resolve@1.22.10 from lock file\nnpm error Missing: resolve.exports@2.0.3 from lock file\nnpm error Missing: emittery@0.13.1 from lock file\nnpm error Missing: jest-docblock@29.7.0 from lock file\nnpm error Missing: jest-leak-detector@29.7.0 from lock file\nnpm error Missing: source-map-support@0.5.13 from lock file\nnpm error Missing: detect-newline@3.1.0 from lock file\nnpm error Missing: @jest/globals@29.7.0 from lock file\nnpm error Missing: @jest/source-map@29.6.3 from lock file\nnpm error Missing: cjs-module-lexer@1.4.3 from lock file\nnpm error Missing: strip-bom@4.0.0 from lock file\nnpm error Missing: callsites@3.1.0 from lock file\nnpm error Missing: @babel/plugin-syntax-jsx@7.27.1 from lock file\nnpm error Missing: @babel/plugin-syntax-typescript@7.27.1 from lock file\nnpm error Missing: natural-compare@1.4.0 from lock file\nnpm error Missing: camelcase@6.3.0 from lock file\nnpm error Missing: leven@3.1.0 from lock file\nnpm error Missing: supports-color@8.1.1 from lock file\nnpm error Missing: argparse@1.0.10 from lock file\nnpm error Missing: esprima@4.0.1 from lock file\nnpm error Missing: sprintf-js@1.0.3 from lock file\nnpm error Missing: p-locate@4.1.0 from lock file\nnpm error Missing: braces@3.0.3 from lock file\nnpm error Missing: fill-range@7.1.1 from lock file\nnpm error Missing: to-regex-range@5.0.1 from lock file\nnpm error Missing: brace-expansion@1.1.11 from lock file\nnpm error Missing: balanced-match@1.0.2 from lock file\nnpm error Missing: concat-map@0.0.1 from lock file\nnpm error Missing: mimic-fn@2.1.0 from lock file\nnpm error Missing: p-limit@2.3.0 from lock file\nnpm error Missing: error-ex@1.3.2 from lock file\nnpm error Missing: json-parse-even-better-errors@2.3.1 from lock file\nnpm error Missing: lines-and-columns@1.2.4 from lock file\nnpm error Missing: is-arrayish@0.2.1 from lock file\nnpm error Missing: ansi-styles@5.2.0 from lock file\nnpm error Missing: react-is@18.3.1 from lock file\nnpm error Missing: kleur@3.0.3 from lock file\nnpm error Missing: sisteransi@1.0.5 from lock file\nnpm error Missing: is-core-module@2.16.1 from lock file\nnpm error Missing: path-parse@1.0.7 from lock file\nnpm error Missing: supports-preserve-symlinks-flag@1.0.0 from lock file\nnpm error Missing: shebang-regex@3.0.0 from lock file\nnpm error Missing: buffer-from@1.1.2 from lock file\nnpm error Missing: escape-string-regexp@2.0.0 from lock file\nnpm error Missing: char-regex@1.0.2 from lock file\nnpm error Missing: has-flag@4.0.0 from lock file\nnpm error Missing: is-number@7.0.0 from lock file\nnpm error Missing: makeerror@1.0.12 from lock file\nnpm error Missing: tmpl@1.0.5 from lock file\nnpm error Missing: isexe@2.0.0 from lock file\nnpm error Missing: imurmurhash@0.1.4 from lock file\nnpm error Missing: ms@2.1.3 from lock file\nnpm error Missing: yallist@3.1.1 from lock file\nnpm error Missing: ms@2.1.3 from lock file\nnpm error Missing: semver@6.3.1 from lock file\nnpm error Missing: ms@2.1.3 from lock file\nnpm error Missing: p-try@2.2.0 from lock file\nnpm error\nnpm error Clean install a project\nnpm error\nnpm error Usage:\nnpm error npm ci\nnpm error\nnpm error Options:\nnpm error [--install-strategy <hoisted|nested|shallow|linked>] [--legacy-bundling]\nnpm error [--global-style] [--omit <dev|optional|peer> [--omit <dev|optional|peer> ...]]\nnpm error [--include <prod|dev|optional|peer> [--include <prod|dev|optional|peer> ...]]\nnpm error [--strict-peer-deps] [--foreground-scripts] [--ignore-scripts] [--no-audit]\nnpm error [--no-bin-links] [--no-fund] [--dry-run]\nnpm error [-w|--workspace <workspace-name> [-w|--workspace <workspace-name> ...]]\nnpm error [-ws|--workspaces] [--include-workspace-root] [--install-links]\nnpm error\nnpm error aliases: clean-install, ic, install-clean, isntall-clean\nnpm error\nnpm error Run \"npm help ci\" for more info\nnpm error A complete log of this run can be found in: /www-data-home/.npm/_logs/2025-05-22T20_59_42_028Z-debug-0.log. For more details see the logs at https://console.cloud.google.com/cloud-build/builds;region=us-central1/75ab740c-0f20-45cc-8762-328bfd776a6c?project=375896389326."}}
[debug] [2025-05-22T21:00:15.396Z] Got source token undefined for region us-central1
[error] Build failed with status: FAILURE and message: npm error code EUSAGE
npm error
npm error `npm ci` can only install packages when your package.json and package-lock.json or npm-shrinkwrap.json are in sync. Please update your lock file with `npm install` before continuing.
npm error
npm error Missing: jest@29.7.0 from lock file
npm error Missing: @jest/core@29.7.0 from lock file
npm error Missing: @jest/types@29.6.3 from lock file
npm error Missing: import-local@3.2.0 from lock file
npm error Missing: jest-cli@29.7.0 from lock file
npm error Missing: @jest/console@29.7.0 from lock file
npm error Missing: @jest/reporters@29.7.0 from lock file
npm error Missing: @jest/test-result@29.7.0 from lock file
npm error Missing: @jest/transform@29.7.0 from lock file
npm error Missing: ansi-escapes@4.3.2 from lock file
npm error Missing: chalk@4.1.2 from lock file
npm error Missing: ci-info@3.9.0 from lock file
npm error Missing: exit@0.1.2 from lock file
npm error Missing: graceful-fs@4.2.11 from lock file
npm error Missing: jest-changed-files@29.7.0 from lock file
npm error Missing: jest-config@29.7.0 from lock file
npm error Missing: jest-haste-map@29.7.0 from lock file
npm error Missing: jest-message-util@29.7.0 from lock file
npm error Missing: jest-regex-util@29.6.3 from lock file
npm error Missing: jest-resolve@29.7.0 from lock file
npm error Missing: jest-resolve-dependencies@29.7.0 from lock file
npm error Missing: jest-runner@29.7.0 from lock file
npm error Missing: jest-runtime@29.7.0 from lock file
npm error Missing: jest-snapshot@29.7.0 from lock file
npm error Missing: jest-util@29.7.0 from lock file
npm error Missing: jest-validate@29.7.0 from lock file
npm error Missing: jest-watcher@29.7.0 from lock file
npm error Missing: micromatch@4.0.8 from lock file
npm error Missing: pretty-format@29.7.0 from lock file
npm error Missing: slash@3.0.0 from lock file
npm error Missing: @bcoe/v8-coverage@0.2.3 from lock file
npm error Missing: @jridgewell/trace-mapping@0.3.25 from lock file
npm error Missing: collect-v8-coverage@1.0.2 from lock file
npm error Missing: glob@7.2.3 from lock file
npm error Missing: istanbul-lib-coverage@3.2.2 from lock file
npm error Missing: istanbul-lib-instrument@6.0.3 from lock file
npm error Missing: istanbul-lib-report@3.0.1 from lock file
npm error Missing: istanbul-lib-source-maps@4.0.1 from lock file
npm error Missing: istanbul-reports@3.1.7 from lock file
npm error Missing: jest-worker@29.7.0 from lock file
npm error Missing: string-length@4.0.2 from lock file
npm error Missing: v8-to-istanbul@9.3.0 from lock file
npm error Missing: @types/istanbul-lib-coverage@2.0.6 from lock file
npm error Missing: @babel/core@7.27.1 from lock file
npm error Missing: babel-plugin-istanbul@6.1.1 from lock file
npm error Missing: convert-source-map@2.0.0 from lock file
npm error Missing: fast-json-stable-stringify@2.1.0 from lock file
npm error Missing: pirates@4.0.7 from lock file
npm error Missing: write-file-atomic@4.0.2 from lock file
npm error Missing: @ampproject/remapping@2.3.0 from lock file
npm error Missing: @babel/code-frame@7.27.1 from lock file
npm error Missing: @babel/generator@7.27.1 from lock file
npm error Missing: @babel/helper-compilation-targets@7.27.2 from lock file
npm error Missing: @babel/helper-module-transforms@7.27.1 from lock file
npm error Missing: @babel/helpers@7.27.1 from lock file
npm error Missing: @babel/parser@7.27.2 from lock file
npm error Missing: @babel/template@7.27.2 from lock file
npm error Missing: @babel/traverse@7.27.1 from lock file
npm error Missing: @babel/types@7.27.1 from lock file
npm error Missing: debug@4.4.1 from lock file
npm error Missing: gensync@1.0.0-beta.2 from lock file
npm error Missing: json5@2.2.3 from lock file
npm error Missing: semver@6.3.1 from lock file
npm error Missing: @jridgewell/gen-mapping@0.3.8 from lock file
npm error Missing: @babel/helper-validator-identifier@7.27.1 from lock file
npm error Missing: js-tokens@4.0.0 from lock file
npm error Missing: picocolors@1.1.1 from lock file
npm error Missing: jsesc@3.1.0 from lock file
npm error Missing: @babel/compat-data@7.27.2 from lock file
npm error Missing: @babel/helper-validator-option@7.27.1 from lock file
npm error Missing: browserslist@4.24.5 from lock file
npm error Missing: lru-cache@5.1.1 from lock file
npm error Missing: semver@6.3.1 from lock file
npm error Missing: @babel/helper-module-imports@7.27.1 from lock file
npm error Missing: debug@4.4.1 from lock file
npm error Missing: globals@11.12.0 from lock file
npm error Missing: @babel/helper-string-parser@7.27.1 from lock file
npm error Missing: @jest/schemas@29.6.3 from lock file
npm error Missing: @types/istanbul-reports@3.0.4 from lock file
npm error Missing: @types/yargs@17.0.33 from lock file
npm error Missing: @sinclair/typebox@0.27.8 from lock file
npm error Missing: @jridgewell/set-array@1.2.1 from lock file
npm error Missing: @jridgewell/sourcemap-codec@1.5.0 from lock file
npm error Missing: @jridgewell/resolve-uri@3.1.2 from lock file
npm error Missing: @types/istanbul-lib-report@3.0.3 from lock file
npm error Missing: @types/yargs-parser@21.0.3 from lock file
npm error Missing: type-fest@0.21.3 from lock file
npm error Missing: @babel/helper-plugin-utils@7.27.1 from lock file
npm error Missing: @istanbuljs/load-nyc-config@1.1.0 from lock file
npm error Missing: @istanbuljs/schema@0.1.3 from lock file
npm error Missing: istanbul-lib-instrument@5.2.1 from lock file
npm error Missing: test-exclude@6.0.0 from lock file
npm error Missing: camelcase@5.3.1 from lock file
npm error Missing: find-up@4.1.0 from lock file
npm error Missing: get-package-type@0.1.0 from lock file
npm error Missing: js-yaml@3.14.1 from lock file
npm error Missing: resolve-from@5.0.0 from lock file
npm error Missing: caniuse-lite@1.0.30001718 from lock file
npm error Missing: electron-to-chromium@1.5.155 from lock file
npm error Missing: node-releases@2.0.19 from lock file
npm error Missing: update-browserslist-db@1.1.3 from lock file
npm error Missing: supports-color@7.2.0 from lock file
npm error Missing: locate-path@5.0.0 from lock file
npm error Missing: path-exists@4.0.0 from lock file
npm error Missing: fs.realpath@1.0.0 from lock file
npm error Missing: inflight@1.0.6 from lock file
npm error Missing: minimatch@3.1.2 from lock file
npm error Missing: path-is-absolute@1.0.1 from lock file
npm error Missing: pkg-dir@4.2.0 from lock file
npm error Missing: resolve-cwd@3.0.0 from lock file
npm error Missing: make-dir@4.0.0 from lock file
npm error Missing: debug@4.4.1 from lock file
npm error Missing: source-map@0.6.1 from lock file
npm error Missing: html-escaper@2.0.2 from lock file
npm error Missing: execa@5.1.1 from lock file
npm error Missing: cross-spawn@7.0.6 from lock file
npm error Missing: get-stream@6.0.1 from lock file
npm error Missing: human-signals@2.1.0 from lock file
npm error Missing: merge-stream@2.0.0 from lock file
npm error Missing: npm-run-path@4.0.1 from lock file
npm error Missing: onetime@5.1.2 from lock file
npm error Missing: signal-exit@3.0.7 from lock file
npm error Missing: strip-final-newline@2.0.0 from lock file
npm error Missing: path-key@3.1.1 from lock file
npm error Missing: shebang-command@2.0.0 from lock file
npm error Missing: which@2.0.2 from lock file
npm error Missing: create-jest@29.7.0 from lock file
npm error Missing: prompts@2.4.2 from lock file
npm error Missing: @jest/test-sequencer@29.7.0 from lock file
npm error Missing: babel-jest@29.7.0 from lock file
npm error Missing: deepmerge@4.3.1 from lock file
npm error Missing: jest-circus@29.7.0 from lock file
npm error Missing: jest-environment-node@29.7.0 from lock file
npm error Missing: jest-get-type@29.6.3 from lock file
npm error Missing: parse-json@5.2.0 from lock file
npm error Missing: strip-json-comments@3.1.1 from lock file
npm error Missing: @types/babel__core@7.20.5 from lock file
npm error Missing: babel-preset-jest@29.6.3 from lock file
npm error Missing: @types/babel__generator@7.27.0 from lock file
npm error Missing: @types/babel__template@7.4.4 from lock file
npm error Missing: @types/babel__traverse@7.20.7 from lock file
npm error Missing: babel-plugin-jest-hoist@29.6.3 from lock file
npm error Missing: babel-preset-current-node-syntax@1.1.0 from lock file
npm error Missing: @babel/plugin-syntax-async-generators@7.8.4 from lock file
npm error Missing: @babel/plugin-syntax-bigint@7.8.3 from lock file
npm error Missing: @babel/plugin-syntax-class-properties@7.12.13 from lock file
npm error Missing: @babel/plugin-syntax-class-static-block@7.14.5 from lock file
npm error Missing: @babel/plugin-syntax-import-attributes@7.27.1 from lock file
npm error Missing: @babel/plugin-syntax-import-meta@7.10.4 from lock file
npm error Missing: @babel/plugin-syntax-json-strings@7.8.3 from lock file
npm error Missing: @babel/plugin-syntax-logical-assignment-operators@7.10.4 from lock file
npm error Missing: @babel/plugin-syntax-nullish-coalescing-operator@7.8.3 from lock file
npm error Missing: @babel/plugin-syntax-numeric-separator@7.10.4 from lock file
npm error Missing: @babel/plugin-syntax-object-rest-spread@7.8.3 from lock file
npm error Missing: @babel/plugin-syntax-optional-catch-binding@7.8.3 from lock file
npm error Missing: @babel/plugin-syntax-optional-chaining@7.8.3 from lock file
npm error Missing: @babel/plugin-syntax-private-property-in-object@7.14.5 from lock file
npm error Missing: @babel/plugin-syntax-top-level-await@7.14.5 from lock file
npm error Missing: @jest/environment@29.7.0 from lock file
npm error Missing: @jest/expect@29.7.0 from lock file
npm error Missing: co@4.6.0 from lock file
npm error Missing: dedent@1.6.0 from lock file
npm error Missing: is-generator-fn@2.1.0 from lock file
npm error Missing: jest-each@29.7.0 from lock file
npm error Missing: jest-matcher-utils@29.7.0 from lock file
npm error Missing: pure-rand@6.1.0 from lock file
npm error Missing: stack-utils@2.0.6 from lock file
npm error Missing: @jest/fake-timers@29.7.0 from lock file
npm error Missing: jest-mock@29.7.0 from lock file
npm error Missing: expect@29.7.0 from lock file
npm error Missing: @sinonjs/fake-timers@10.3.0 from lock file
npm error Missing: @sinonjs/commons@3.0.1 from lock file
npm error Missing: type-detect@4.0.8 from lock file
npm error Missing: @jest/expect-utils@29.7.0 from lock file
npm error Missing: @types/graceful-fs@4.1.9 from lock file
npm error Missing: anymatch@3.1.3 from lock file
npm error Missing: fb-watchman@2.0.2 from lock file
npm error Missing: fsevents@2.3.3 from lock file
npm error Missing: walker@1.0.8 from lock file
npm error Missing: normalize-path@3.0.0 from lock file
npm error Missing: picomatch@2.3.1 from lock file
npm error Missing: bser@2.1.1 from lock file
npm error Missing: node-int64@0.4.0 from lock file
npm error Missing: jest-diff@29.7.0 from lock file
npm error Missing: diff-sequences@29.6.3 from lock file
npm error Missing: @types/stack-utils@2.0.3 from lock file
npm error Missing: jest-pnp-resolver@1.2.3 from lock file
npm error Missing: resolve@1.22.10 from lock file
npm error Missing: resolve.exports@2.0.3 from lock file
npm error Missing: emittery@0.13.1 from lock file
npm error Missing: jest-docblock@29.7.0 from lock file
npm error Missing: jest-leak-detector@29.7.0 from lock file
npm error Missing: source-map-support@0.5.13 from lock file
npm error Missing: detect-newline@3.1.0 from lock file
npm error Missing: @jest/globals@29.7.0 from lock file
npm error Missing: @jest/source-map@29.6.3 from lock file
npm error Missing: cjs-module-lexer@1.4.3 from lock file
npm error Missing: strip-bom@4.0.0 from lock file
npm error Missing: callsites@3.1.0 from lock file
npm error Missing: @babel/plugin-syntax-jsx@7.27.1 from lock file
npm error Missing: @babel/plugin-syntax-typescript@7.27.1 from lock file
npm error Missing: natural-compare@1.4.0 from lock file
npm error Missing: camelcase@6.3.0 from lock file
npm error Missing: leven@3.1.0 from lock file
npm error Missing: supports-color@8.1.1 from lock file
npm error Missing: argparse@1.0.10 from lock file
npm error Missing: esprima@4.0.1 from lock file
npm error Missing: sprintf-js@1.0.3 from lock file
npm error Missing: p-locate@4.1.0 from lock file
npm error Missing: braces@3.0.3 from lock file
npm error Missing: fill-range@7.1.1 from lock file
npm error Missing: to-regex-range@5.0.1 from lock file
npm error Missing: brace-expansion@1.1.11 from lock file
npm error Missing: balanced-match@1.0.2 from lock file
npm error Missing: concat-map@0.0.1 from lock file
npm error Missing: mimic-fn@2.1.0 from lock file
npm error Missing: p-limit@2.3.0 from lock file
npm error Missing: error-ex@1.3.2 from lock file
npm error Missing: json-parse-even-better-errors@2.3.1 from lock file
npm error Missing: lines-and-columns@1.2.4 from lock file
npm error Missing: is-arrayish@0.2.1 from lock file
npm error Missing: ansi-styles@5.2.0 from lock file
npm error Missing: react-is@18.3.1 from lock file
npm error Missing: kleur@3.0.3 from lock file
npm error Missing: sisteransi@1.0.5 from lock file
npm error Missing: is-core-module@2.16.1 from lock file
npm error Missing: path-parse@1.0.7 from lock file
npm error Missing: supports-preserve-symlinks-flag@1.0.0 from lock file
npm error Missing: shebang-regex@3.0.0 from lock file
npm error Missing: buffer-from@1.1.2 from lock file
npm error Missing: escape-string-regexp@2.0.0 from lock file
npm error Missing: char-regex@1.0.2 from lock file
npm error Missing: has-flag@4.0.0 from lock file
npm error Missing: is-number@7.0.0 from lock file
npm error Missing: makeerror@1.0.12 from lock file
npm error Missing: tmpl@1.0.5 from lock file
npm error Missing: isexe@2.0.0 from lock file
npm error Missing: imurmurhash@0.1.4 from lock file
npm error Missing: ms@2.1.3 from lock file
npm error Missing: yallist@3.1.1 from lock file
npm error Missing: ms@2.1.3 from lock file
npm error Missing: semver@6.3.1 from lock file
npm error Missing: ms@2.1.3 from lock file
npm error Missing: p-try@2.2.0 from lock file
npm error
npm error Clean install a project
npm error
npm error Usage:
npm error npm ci
npm error
npm error Options:
npm error [--install-strategy <hoisted|nested|shallow|linked>] [--legacy-bundling]
npm error [--global-style] [--omit <dev|optional|peer> [--omit <dev|optional|peer> ...]]
npm error [--include <prod|dev|optional|peer> [--include <prod|dev|optional|peer> ...]]
npm error [--strict-peer-deps] [--foreground-scripts] [--ignore-scripts] [--no-audit]
npm error [--no-bin-links] [--no-fund] [--dry-run]
npm error [-w|--workspace <workspace-name> [-w|--workspace <workspace-name> ...]]
npm error [-ws|--workspaces] [--include-workspace-root] [--install-links]
npm error
npm error aliases: clean-install, ic, install-clean, isntall-clean
npm error
npm error Run "npm help ci" for more info
npm error A complete log of this run can be found in: /www-data-home/.npm/_logs/2025-05-22T20_59_42_028Z-debug-0.log. For more details see the logs at https://console.cloud.google.com/cloud-build/builds;region=us-central1/75ab740c-0f20-45cc-8762-328bfd776a6c?project=375896389326.
[debug] [2025-05-22T21:00:15.406Z] Total Function Deployment time: 55398
[debug] [2025-05-22T21:00:15.406Z] 1 Functions Deployed
[debug] [2025-05-22T21:00:15.406Z] 1 Functions Errored
[debug] [2025-05-22T21:00:15.406Z] 0 Function Deployments Aborted
[debug] [2025-05-22T21:00:15.406Z] Average Function Deployment time: 55398
[info] 
[info] Functions deploy had errors with the following functions:
	onHotmartWebhook(us-central1)
[debug] [2025-05-22T21:00:15.528Z] Not printing URL for HTTPS function. Typically this means it didn't match a filter or we failed deployment
[debug] [2025-05-22T21:00:15.528Z] Checked if tokens are valid: true, expires at: 1747949166648
[debug] [2025-05-22T21:00:15.528Z] Checked if tokens are valid: true, expires at: 1747949166648
[debug] [2025-05-22T21:00:15.528Z] >>> [apiv2][query] GET https://artifactregistry.googleapis.com/v1/projects/petzia-f86b4/locations/us-central1/repositories/gcf-artifacts [none]
[debug] [2025-05-22T21:00:16.566Z] <<< [apiv2][status] GET https://artifactregistry.googleapis.com/v1/projects/petzia-f86b4/locations/us-central1/repositories/gcf-artifacts 200
[debug] [2025-05-22T21:00:16.566Z] <<< [apiv2][body] GET https://artifactregistry.googleapis.com/v1/projects/petzia-f86b4/locations/us-central1/repositories/gcf-artifacts {"name":"projects/petzia-f86b4/locations/us-central1/repositories/gcf-artifacts","format":"DOCKER","description":"This repository is created and used by Cloud Functions for storing function docker images.","labels":{"goog-managed-by":"cloudfunctions"},"createTime":"2025-02-23T17:51:38.728544Z","updateTime":"2025-04-24T08:07:45.901842Z","mode":"STANDARD_REPOSITORY","cleanupPolicies":{"firebase-functions-cleanup":{"id":"firebase-functions-cleanup","action":"DELETE","condition":{"tagState":"ANY","olderThan":"86400s"}}},"vulnerabilityScanningConfig":{"lastEnableTime":"2025-02-23T17:51:30.197316187Z","enablementState":"SCANNING_DISABLED","enablementStateReason":"API containerscanning.googleapis.com is not enabled."},"satisfiesPzi":true,"registryUri":"us-central1-docker.pkg.dev/petzia-f86b4/gcf-artifacts"}
[debug] [2025-05-22T21:00:16.567Z] Functions deploy failed.
[debug] [2025-05-22T21:00:16.567Z] {
  "endpoint": {
    "id": "onHotmartWebhook",
    "project": "petzia-f86b4",
    "region": "us-central1",
    "entryPoint": "onHotmartWebhook",
    "platform": "gcfv2",
    "runtime": "nodejs20",
    "httpsTrigger": {},
    "labels": {
      "deployment-tool": "cli-firebase"
    },
    "serviceAccount": null,
    "ingressSettings": null,
    "availableMemoryMb": 1024,
    "timeoutSeconds": 120,
    "maxInstances": null,
    "minInstances": null,
    "concurrency": 80,
    "vpc": null,
    "environmentVariables": {
      "FIREBASE_CONFIG": "{\"projectId\":\"petzia-f86b4\",\"storageBucket\":\"petzia-f86b4.firebasestorage.app\"}",
      "GCLOUD_PROJECT": "petzia-f86b4",
      "EVENTARC_CLOUD_EVENT_SOURCE": "projects/petzia-f86b4/locations/us-central1/services/onHotmartWebhook",
      "FUNCTION_TARGET": "onHotmartWebhook",
      "LOG_EXECUTION_ID": "true",
      "FUNCTION_SIGNATURE_TYPE": "http"
    },
    "codebase": "default",
    "runServiceId": "onhotmartwebhook",
    "cpu": 1,
    "securityLevel": "SECURE_ALWAYS",
    "targetedByOnly": true,
    "hash": "64a0340f29eddaa26fc51646549fb2ddfd082884"
  },
  "op": "update",
  "original": {
    "name": "FirebaseError",
    "children": [],
    "exit": 1,
    "message": "Build failed with status: FAILURE and message: npm error code EUSAGE\nnpm error\nnpm error `npm ci` can only install packages when your package.json and package-lock.json or npm-shrinkwrap.json are in sync. Please update your lock file with `npm install` before continuing.\nnpm error\nnpm error Missing: jest@29.7.0 from lock file\nnpm error Missing: @jest/core@29.7.0 from lock file\nnpm error Missing: @jest/types@29.6.3 from lock file\nnpm error Missing: import-local@3.2.0 from lock file\nnpm error Missing: jest-cli@29.7.0 from lock file\nnpm error Missing: @jest/console@29.7.0 from lock file\nnpm error Missing: @jest/reporters@29.7.0 from lock file\nnpm error Missing: @jest/test-result@29.7.0 from lock file\nnpm error Missing: @jest/transform@29.7.0 from lock file\nnpm error Missing: ansi-escapes@4.3.2 from lock file\nnpm error Missing: chalk@4.1.2 from lock file\nnpm error Missing: ci-info@3.9.0 from lock file\nnpm error Missing: exit@0.1.2 from lock file\nnpm error Missing: graceful-fs@4.2.11 from lock file\nnpm error Missing: jest-changed-files@29.7.0 from lock file\nnpm error Missing: jest-config@29.7.0 from lock file\nnpm error Missing: jest-haste-map@29.7.0 from lock file\nnpm error Missing: jest-message-util@29.7.0 from lock file\nnpm error Missing: jest-regex-util@29.6.3 from lock file\nnpm error Missing: jest-resolve@29.7.0 from lock file\nnpm error Missing: jest-resolve-dependencies@29.7.0 from lock file\nnpm error Missing: jest-runner@29.7.0 from lock file\nnpm error Missing: jest-runtime@29.7.0 from lock file\nnpm error Missing: jest-snapshot@29.7.0 from lock file\nnpm error Missing: jest-util@29.7.0 from lock file\nnpm error Missing: jest-validate@29.7.0 from lock file\nnpm error Missing: jest-watcher@29.7.0 from lock file\nnpm error Missing: micromatch@4.0.8 from lock file\nnpm error Missing: pretty-format@29.7.0 from lock file\nnpm error Missing: slash@3.0.0 from lock file\nnpm error Missing: @bcoe/v8-coverage@0.2.3 from lock file\nnpm error Missing: @jridgewell/trace-mapping@0.3.25 from lock file\nnpm error Missing: collect-v8-coverage@1.0.2 from lock file\nnpm error Missing: glob@7.2.3 from lock file\nnpm error Missing: istanbul-lib-coverage@3.2.2 from lock file\nnpm error Missing: istanbul-lib-instrument@6.0.3 from lock file\nnpm error Missing: istanbul-lib-report@3.0.1 from lock file\nnpm error Missing: istanbul-lib-source-maps@4.0.1 from lock file\nnpm error Missing: istanbul-reports@3.1.7 from lock file\nnpm error Missing: jest-worker@29.7.0 from lock file\nnpm error Missing: string-length@4.0.2 from lock file\nnpm error Missing: v8-to-istanbul@9.3.0 from lock file\nnpm error Missing: @types/istanbul-lib-coverage@2.0.6 from lock file\nnpm error Missing: @babel/core@7.27.1 from lock file\nnpm error Missing: babel-plugin-istanbul@6.1.1 from lock file\nnpm error Missing: convert-source-map@2.0.0 from lock file\nnpm error Missing: fast-json-stable-stringify@2.1.0 from lock file\nnpm error Missing: pirates@4.0.7 from lock file\nnpm error Missing: write-file-atomic@4.0.2 from lock file\nnpm error Missing: @ampproject/remapping@2.3.0 from lock file\nnpm error Missing: @babel/code-frame@7.27.1 from lock file\nnpm error Missing: @babel/generator@7.27.1 from lock file\nnpm error Missing: @babel/helper-compilation-targets@7.27.2 from lock file\nnpm error Missing: @babel/helper-module-transforms@7.27.1 from lock file\nnpm error Missing: @babel/helpers@7.27.1 from lock file\nnpm error Missing: @babel/parser@7.27.2 from lock file\nnpm error Missing: @babel/template@7.27.2 from lock file\nnpm error Missing: @babel/traverse@7.27.1 from lock file\nnpm error Missing: @babel/types@7.27.1 from lock file\nnpm error Missing: debug@4.4.1 from lock file\nnpm error Missing: gensync@1.0.0-beta.2 from lock file\nnpm error Missing: json5@2.2.3 from lock file\nnpm error Missing: semver@6.3.1 from lock file\nnpm error Missing: @jridgewell/gen-mapping@0.3.8 from lock file\nnpm error Missing: @babel/helper-validator-identifier@7.27.1 from lock file\nnpm error Missing: js-tokens@4.0.0 from lock file\nnpm error Missing: picocolors@1.1.1 from lock file\nnpm error Missing: jsesc@3.1.0 from lock file\nnpm error Missing: @babel/compat-data@7.27.2 from lock file\nnpm error Missing: @babel/helper-validator-option@7.27.1 from lock file\nnpm error Missing: browserslist@4.24.5 from lock file\nnpm error Missing: lru-cache@5.1.1 from lock file\nnpm error Missing: semver@6.3.1 from lock file\nnpm error Missing: @babel/helper-module-imports@7.27.1 from lock file\nnpm error Missing: debug@4.4.1 from lock file\nnpm error Missing: globals@11.12.0 from lock file\nnpm error Missing: @babel/helper-string-parser@7.27.1 from lock file\nnpm error Missing: @jest/schemas@29.6.3 from lock file\nnpm error Missing: @types/istanbul-reports@3.0.4 from lock file\nnpm error Missing: @types/yargs@17.0.33 from lock file\nnpm error Missing: @sinclair/typebox@0.27.8 from lock file\nnpm error Missing: @jridgewell/set-array@1.2.1 from lock file\nnpm error Missing: @jridgewell/sourcemap-codec@1.5.0 from lock file\nnpm error Missing: @jridgewell/resolve-uri@3.1.2 from lock file\nnpm error Missing: @types/istanbul-lib-report@3.0.3 from lock file\nnpm error Missing: @types/yargs-parser@21.0.3 from lock file\nnpm error Missing: type-fest@0.21.3 from lock file\nnpm error Missing: @babel/helper-plugin-utils@7.27.1 from lock file\nnpm error Missing: @istanbuljs/load-nyc-config@1.1.0 from lock file\nnpm error Missing: @istanbuljs/schema@0.1.3 from lock file\nnpm error Missing: istanbul-lib-instrument@5.2.1 from lock file\nnpm error Missing: test-exclude@6.0.0 from lock file\nnpm error Missing: camelcase@5.3.1 from lock file\nnpm error Missing: find-up@4.1.0 from lock file\nnpm error Missing: get-package-type@0.1.0 from lock file\nnpm error Missing: js-yaml@3.14.1 from lock file\nnpm error Missing: resolve-from@5.0.0 from lock file\nnpm error Missing: caniuse-lite@1.0.30001718 from lock file\nnpm error Missing: electron-to-chromium@1.5.155 from lock file\nnpm error Missing: node-releases@2.0.19 from lock file\nnpm error Missing: update-browserslist-db@1.1.3 from lock file\nnpm error Missing: supports-color@7.2.0 from lock file\nnpm error Missing: locate-path@5.0.0 from lock file\nnpm error Missing: path-exists@4.0.0 from lock file\nnpm error Missing: fs.realpath@1.0.0 from lock file\nnpm error Missing: inflight@1.0.6 from lock file\nnpm error Missing: minimatch@3.1.2 from lock file\nnpm error Missing: path-is-absolute@1.0.1 from lock file\nnpm error Missing: pkg-dir@4.2.0 from lock file\nnpm error Missing: resolve-cwd@3.0.0 from lock file\nnpm error Missing: make-dir@4.0.0 from lock file\nnpm error Missing: debug@4.4.1 from lock file\nnpm error Missing: source-map@0.6.1 from lock file\nnpm error Missing: html-escaper@2.0.2 from lock file\nnpm error Missing: execa@5.1.1 from lock file\nnpm error Missing: cross-spawn@7.0.6 from lock file\nnpm error Missing: get-stream@6.0.1 from lock file\nnpm error Missing: human-signals@2.1.0 from lock file\nnpm error Missing: merge-stream@2.0.0 from lock file\nnpm error Missing: npm-run-path@4.0.1 from lock file\nnpm error Missing: onetime@5.1.2 from lock file\nnpm error Missing: signal-exit@3.0.7 from lock file\nnpm error Missing: strip-final-newline@2.0.0 from lock file\nnpm error Missing: path-key@3.1.1 from lock file\nnpm error Missing: shebang-command@2.0.0 from lock file\nnpm error Missing: which@2.0.2 from lock file\nnpm error Missing: create-jest@29.7.0 from lock file\nnpm error Missing: prompts@2.4.2 from lock file\nnpm error Missing: @jest/test-sequencer@29.7.0 from lock file\nnpm error Missing: babel-jest@29.7.0 from lock file\nnpm error Missing: deepmerge@4.3.1 from lock file\nnpm error Missing: jest-circus@29.7.0 from lock file\nnpm error Missing: jest-environment-node@29.7.0 from lock file\nnpm error Missing: jest-get-type@29.6.3 from lock file\nnpm error Missing: parse-json@5.2.0 from lock file\nnpm error Missing: strip-json-comments@3.1.1 from lock file\nnpm error Missing: @types/babel__core@7.20.5 from lock file\nnpm error Missing: babel-preset-jest@29.6.3 from lock file\nnpm error Missing: @types/babel__generator@7.27.0 from lock file\nnpm error Missing: @types/babel__template@7.4.4 from lock file\nnpm error Missing: @types/babel__traverse@7.20.7 from lock file\nnpm error Missing: babel-plugin-jest-hoist@29.6.3 from lock file\nnpm error Missing: babel-preset-current-node-syntax@1.1.0 from lock file\nnpm error Missing: @babel/plugin-syntax-async-generators@7.8.4 from lock file\nnpm error Missing: @babel/plugin-syntax-bigint@7.8.3 from lock file\nnpm error Missing: @babel/plugin-syntax-class-properties@7.12.13 from lock file\nnpm error Missing: @babel/plugin-syntax-class-static-block@7.14.5 from lock file\nnpm error Missing: @babel/plugin-syntax-import-attributes@7.27.1 from lock file\nnpm error Missing: @babel/plugin-syntax-import-meta@7.10.4 from lock file\nnpm error Missing: @babel/plugin-syntax-json-strings@7.8.3 from lock file\nnpm error Missing: @babel/plugin-syntax-logical-assignment-operators@7.10.4 from lock file\nnpm error Missing: @babel/plugin-syntax-nullish-coalescing-operator@7.8.3 from lock file\nnpm error Missing: @babel/plugin-syntax-numeric-separator@7.10.4 from lock file\nnpm error Missing: @babel/plugin-syntax-object-rest-spread@7.8.3 from lock file\nnpm error Missing: @babel/plugin-syntax-optional-catch-binding@7.8.3 from lock file\nnpm error Missing: @babel/plugin-syntax-optional-chaining@7.8.3 from lock file\nnpm error Missing: @babel/plugin-syntax-private-property-in-object@7.14.5 from lock file\nnpm error Missing: @babel/plugin-syntax-top-level-await@7.14.5 from lock file\nnpm error Missing: @jest/environment@29.7.0 from lock file\nnpm error Missing: @jest/expect@29.7.0 from lock file\nnpm error Missing: co@4.6.0 from lock file\nnpm error Missing: dedent@1.6.0 from lock file\nnpm error Missing: is-generator-fn@2.1.0 from lock file\nnpm error Missing: jest-each@29.7.0 from lock file\nnpm error Missing: jest-matcher-utils@29.7.0 from lock file\nnpm error Missing: pure-rand@6.1.0 from lock file\nnpm error Missing: stack-utils@2.0.6 from lock file\nnpm error Missing: @jest/fake-timers@29.7.0 from lock file\nnpm error Missing: jest-mock@29.7.0 from lock file\nnpm error Missing: expect@29.7.0 from lock file\nnpm error Missing: @sinonjs/fake-timers@10.3.0 from lock file\nnpm error Missing: @sinonjs/commons@3.0.1 from lock file\nnpm error Missing: type-detect@4.0.8 from lock file\nnpm error Missing: @jest/expect-utils@29.7.0 from lock file\nnpm error Missing: @types/graceful-fs@4.1.9 from lock file\nnpm error Missing: anymatch@3.1.3 from lock file\nnpm error Missing: fb-watchman@2.0.2 from lock file\nnpm error Missing: fsevents@2.3.3 from lock file\nnpm error Missing: walker@1.0.8 from lock file\nnpm error Missing: normalize-path@3.0.0 from lock file\nnpm error Missing: picomatch@2.3.1 from lock file\nnpm error Missing: bser@2.1.1 from lock file\nnpm error Missing: node-int64@0.4.0 from lock file\nnpm error Missing: jest-diff@29.7.0 from lock file\nnpm error Missing: diff-sequences@29.6.3 from lock file\nnpm error Missing: @types/stack-utils@2.0.3 from lock file\nnpm error Missing: jest-pnp-resolver@1.2.3 from lock file\nnpm error Missing: resolve@1.22.10 from lock file\nnpm error Missing: resolve.exports@2.0.3 from lock file\nnpm error Missing: emittery@0.13.1 from lock file\nnpm error Missing: jest-docblock@29.7.0 from lock file\nnpm error Missing: jest-leak-detector@29.7.0 from lock file\nnpm error Missing: source-map-support@0.5.13 from lock file\nnpm error Missing: detect-newline@3.1.0 from lock file\nnpm error Missing: @jest/globals@29.7.0 from lock file\nnpm error Missing: @jest/source-map@29.6.3 from lock file\nnpm error Missing: cjs-module-lexer@1.4.3 from lock file\nnpm error Missing: strip-bom@4.0.0 from lock file\nnpm error Missing: callsites@3.1.0 from lock file\nnpm error Missing: @babel/plugin-syntax-jsx@7.27.1 from lock file\nnpm error Missing: @babel/plugin-syntax-typescript@7.27.1 from lock file\nnpm error Missing: natural-compare@1.4.0 from lock file\nnpm error Missing: camelcase@6.3.0 from lock file\nnpm error Missing: leven@3.1.0 from lock file\nnpm error Missing: supports-color@8.1.1 from lock file\nnpm error Missing: argparse@1.0.10 from lock file\nnpm error Missing: esprima@4.0.1 from lock file\nnpm error Missing: sprintf-js@1.0.3 from lock file\nnpm error Missing: p-locate@4.1.0 from lock file\nnpm error Missing: braces@3.0.3 from lock file\nnpm error Missing: fill-range@7.1.1 from lock file\nnpm error Missing: to-regex-range@5.0.1 from lock file\nnpm error Missing: brace-expansion@1.1.11 from lock file\nnpm error Missing: balanced-match@1.0.2 from lock file\nnpm error Missing: concat-map@0.0.1 from lock file\nnpm error Missing: mimic-fn@2.1.0 from lock file\nnpm error Missing: p-limit@2.3.0 from lock file\nnpm error Missing: error-ex@1.3.2 from lock file\nnpm error Missing: json-parse-even-better-errors@2.3.1 from lock file\nnpm error Missing: lines-and-columns@1.2.4 from lock file\nnpm error Missing: is-arrayish@0.2.1 from lock file\nnpm error Missing: ansi-styles@5.2.0 from lock file\nnpm error Missing: react-is@18.3.1 from lock file\nnpm error Missing: kleur@3.0.3 from lock file\nnpm error Missing: sisteransi@1.0.5 from lock file\nnpm error Missing: is-core-module@2.16.1 from lock file\nnpm error Missing: path-parse@1.0.7 from lock file\nnpm error Missing: supports-preserve-symlinks-flag@1.0.0 from lock file\nnpm error Missing: shebang-regex@3.0.0 from lock file\nnpm error Missing: buffer-from@1.1.2 from lock file\nnpm error Missing: escape-string-regexp@2.0.0 from lock file\nnpm error Missing: char-regex@1.0.2 from lock file\nnpm error Missing: has-flag@4.0.0 from lock file\nnpm error Missing: is-number@7.0.0 from lock file\nnpm error Missing: makeerror@1.0.12 from lock file\nnpm error Missing: tmpl@1.0.5 from lock file\nnpm error Missing: isexe@2.0.0 from lock file\nnpm error Missing: imurmurhash@0.1.4 from lock file\nnpm error Missing: ms@2.1.3 from lock file\nnpm error Missing: yallist@3.1.1 from lock file\nnpm error Missing: ms@2.1.3 from lock file\nnpm error Missing: semver@6.3.1 from lock file\nnpm error Missing: ms@2.1.3 from lock file\nnpm error Missing: p-try@2.2.0 from lock file\nnpm error\nnpm error Clean install a project\nnpm error\nnpm error Usage:\nnpm error npm ci\nnpm error\nnpm error Options:\nnpm error [--install-strategy <hoisted|nested|shallow|linked>] [--legacy-bundling]\nnpm error [--global-style] [--omit <dev|optional|peer> [--omit <dev|optional|peer> ...]]\nnpm error [--include <prod|dev|optional|peer> [--include <prod|dev|optional|peer> ...]]\nnpm error [--strict-peer-deps] [--foreground-scripts] [--ignore-scripts] [--no-audit]\nnpm error [--no-bin-links] [--no-fund] [--dry-run]\nnpm error [-w|--workspace <workspace-name> [-w|--workspace <workspace-name> ...]]\nnpm error [-ws|--workspaces] [--include-workspace-root] [--install-links]\nnpm error\nnpm error aliases: clean-install, ic, install-clean, isntall-clean\nnpm error\nnpm error Run \"npm help ci\" for more info\nnpm error A complete log of this run can be found in: /www-data-home/.npm/_logs/2025-05-22T20_59_42_028Z-debug-0.log. For more details see the logs at https://console.cloud.google.com/cloud-build/builds;region=us-central1/75ab740c-0f20-45cc-8762-328bfd776a6c?project=375896389326.",
    "original": {
      "code": 3,
      "message": "Build failed with status: FAILURE and message: npm error code EUSAGE\nnpm error\nnpm error `npm ci` can only install packages when your package.json and package-lock.json or npm-shrinkwrap.json are in sync. Please update your lock file with `npm install` before continuing.\nnpm error\nnpm error Missing: jest@29.7.0 from lock file\nnpm error Missing: @jest/core@29.7.0 from lock file\nnpm error Missing: @jest/types@29.6.3 from lock file\nnpm error Missing: import-local@3.2.0 from lock file\nnpm error Missing: jest-cli@29.7.0 from lock file\nnpm error Missing: @jest/console@29.7.0 from lock file\nnpm error Missing: @jest/reporters@29.7.0 from lock file\nnpm error Missing: @jest/test-result@29.7.0 from lock file\nnpm error Missing: @jest/transform@29.7.0 from lock file\nnpm error Missing: ansi-escapes@4.3.2 from lock file\nnpm error Missing: chalk@4.1.2 from lock file\nnpm error Missing: ci-info@3.9.0 from lock file\nnpm error Missing: exit@0.1.2 from lock file\nnpm error Missing: graceful-fs@4.2.11 from lock file\nnpm error Missing: jest-changed-files@29.7.0 from lock file\nnpm error Missing: jest-config@29.7.0 from lock file\nnpm error Missing: jest-haste-map@29.7.0 from lock file\nnpm error Missing: jest-message-util@29.7.0 from lock file\nnpm error Missing: jest-regex-util@29.6.3 from lock file\nnpm error Missing: jest-resolve@29.7.0 from lock file\nnpm error Missing: jest-resolve-dependencies@29.7.0 from lock file\nnpm error Missing: jest-runner@29.7.0 from lock file\nnpm error Missing: jest-runtime@29.7.0 from lock file\nnpm error Missing: jest-snapshot@29.7.0 from lock file\nnpm error Missing: jest-util@29.7.0 from lock file\nnpm error Missing: jest-validate@29.7.0 from lock file\nnpm error Missing: jest-watcher@29.7.0 from lock file\nnpm error Missing: micromatch@4.0.8 from lock file\nnpm error Missing: pretty-format@29.7.0 from lock file\nnpm error Missing: slash@3.0.0 from lock file\nnpm error Missing: @bcoe/v8-coverage@0.2.3 from lock file\nnpm error Missing: @jridgewell/trace-mapping@0.3.25 from lock file\nnpm error Missing: collect-v8-coverage@1.0.2 from lock file\nnpm error Missing: glob@7.2.3 from lock file\nnpm error Missing: istanbul-lib-coverage@3.2.2 from lock file\nnpm error Missing: istanbul-lib-instrument@6.0.3 from lock file\nnpm error Missing: istanbul-lib-report@3.0.1 from lock file\nnpm error Missing: istanbul-lib-source-maps@4.0.1 from lock file\nnpm error Missing: istanbul-reports@3.1.7 from lock file\nnpm error Missing: jest-worker@29.7.0 from lock file\nnpm error Missing: string-length@4.0.2 from lock file\nnpm error Missing: v8-to-istanbul@9.3.0 from lock file\nnpm error Missing: @types/istanbul-lib-coverage@2.0.6 from lock file\nnpm error Missing: @babel/core@7.27.1 from lock file\nnpm error Missing: babel-plugin-istanbul@6.1.1 from lock file\nnpm error Missing: convert-source-map@2.0.0 from lock file\nnpm error Missing: fast-json-stable-stringify@2.1.0 from lock file\nnpm error Missing: pirates@4.0.7 from lock file\nnpm error Missing: write-file-atomic@4.0.2 from lock file\nnpm error Missing: @ampproject/remapping@2.3.0 from lock file\nnpm error Missing: @babel/code-frame@7.27.1 from lock file\nnpm error Missing: @babel/generator@7.27.1 from lock file\nnpm error Missing: @babel/helper-compilation-targets@7.27.2 from lock file\nnpm error Missing: @babel/helper-module-transforms@7.27.1 from lock file\nnpm error Missing: @babel/helpers@7.27.1 from lock file\nnpm error Missing: @babel/parser@7.27.2 from lock file\nnpm error Missing: @babel/template@7.27.2 from lock file\nnpm error Missing: @babel/traverse@7.27.1 from lock file\nnpm error Missing: @babel/types@7.27.1 from lock file\nnpm error Missing: debug@4.4.1 from lock file\nnpm error Missing: gensync@1.0.0-beta.2 from lock file\nnpm error Missing: json5@2.2.3 from lock file\nnpm error Missing: semver@6.3.1 from lock file\nnpm error Missing: @jridgewell/gen-mapping@0.3.8 from lock file\nnpm error Missing: @babel/helper-validator-identifier@7.27.1 from lock file\nnpm error Missing: js-tokens@4.0.0 from lock file\nnpm error Missing: picocolors@1.1.1 from lock file\nnpm error Missing: jsesc@3.1.0 from lock file\nnpm error Missing: @babel/compat-data@7.27.2 from lock file\nnpm error Missing: @babel/helper-validator-option@7.27.1 from lock file\nnpm error Missing: browserslist@4.24.5 from lock file\nnpm error Missing: lru-cache@5.1.1 from lock file\nnpm error Missing: semver@6.3.1 from lock file\nnpm error Missing: @babel/helper-module-imports@7.27.1 from lock file\nnpm error Missing: debug@4.4.1 from lock file\nnpm error Missing: globals@11.12.0 from lock file\nnpm error Missing: @babel/helper-string-parser@7.27.1 from lock file\nnpm error Missing: @jest/schemas@29.6.3 from lock file\nnpm error Missing: @types/istanbul-reports@3.0.4 from lock file\nnpm error Missing: @types/yargs@17.0.33 from lock file\nnpm error Missing: @sinclair/typebox@0.27.8 from lock file\nnpm error Missing: @jridgewell/set-array@1.2.1 from lock file\nnpm error Missing: @jridgewell/sourcemap-codec@1.5.0 from lock file\nnpm error Missing: @jridgewell/resolve-uri@3.1.2 from lock file\nnpm error Missing: @types/istanbul-lib-report@3.0.3 from lock file\nnpm error Missing: @types/yargs-parser@21.0.3 from lock file\nnpm error Missing: type-fest@0.21.3 from lock file\nnpm error Missing: @babel/helper-plugin-utils@7.27.1 from lock file\nnpm error Missing: @istanbuljs/load-nyc-config@1.1.0 from lock file\nnpm error Missing: @istanbuljs/schema@0.1.3 from lock file\nnpm error Missing: istanbul-lib-instrument@5.2.1 from lock file\nnpm error Missing: test-exclude@6.0.0 from lock file\nnpm error Missing: camelcase@5.3.1 from lock file\nnpm error Missing: find-up@4.1.0 from lock file\nnpm error Missing: get-package-type@0.1.0 from lock file\nnpm error Missing: js-yaml@3.14.1 from lock file\nnpm error Missing: resolve-from@5.0.0 from lock file\nnpm error Missing: caniuse-lite@1.0.30001718 from lock file\nnpm error Missing: electron-to-chromium@1.5.155 from lock file\nnpm error Missing: node-releases@2.0.19 from lock file\nnpm error Missing: update-browserslist-db@1.1.3 from lock file\nnpm error Missing: supports-color@7.2.0 from lock file\nnpm error Missing: locate-path@5.0.0 from lock file\nnpm error Missing: path-exists@4.0.0 from lock file\nnpm error Missing: fs.realpath@1.0.0 from lock file\nnpm error Missing: inflight@1.0.6 from lock file\nnpm error Missing: minimatch@3.1.2 from lock file\nnpm error Missing: path-is-absolute@1.0.1 from lock file\nnpm error Missing: pkg-dir@4.2.0 from lock file\nnpm error Missing: resolve-cwd@3.0.0 from lock file\nnpm error Missing: make-dir@4.0.0 from lock file\nnpm error Missing: debug@4.4.1 from lock file\nnpm error Missing: source-map@0.6.1 from lock file\nnpm error Missing: html-escaper@2.0.2 from lock file\nnpm error Missing: execa@5.1.1 from lock file\nnpm error Missing: cross-spawn@7.0.6 from lock file\nnpm error Missing: get-stream@6.0.1 from lock file\nnpm error Missing: human-signals@2.1.0 from lock file\nnpm error Missing: merge-stream@2.0.0 from lock file\nnpm error Missing: npm-run-path@4.0.1 from lock file\nnpm error Missing: onetime@5.1.2 from lock file\nnpm error Missing: signal-exit@3.0.7 from lock file\nnpm error Missing: strip-final-newline@2.0.0 from lock file\nnpm error Missing: path-key@3.1.1 from lock file\nnpm error Missing: shebang-command@2.0.0 from lock file\nnpm error Missing: which@2.0.2 from lock file\nnpm error Missing: create-jest@29.7.0 from lock file\nnpm error Missing: prompts@2.4.2 from lock file\nnpm error Missing: @jest/test-sequencer@29.7.0 from lock file\nnpm error Missing: babel-jest@29.7.0 from lock file\nnpm error Missing: deepmerge@4.3.1 from lock file\nnpm error Missing: jest-circus@29.7.0 from lock file\nnpm error Missing: jest-environment-node@29.7.0 from lock file\nnpm error Missing: jest-get-type@29.6.3 from lock file\nnpm error Missing: parse-json@5.2.0 from lock file\nnpm error Missing: strip-json-comments@3.1.1 from lock file\nnpm error Missing: @types/babel__core@7.20.5 from lock file\nnpm error Missing: babel-preset-jest@29.6.3 from lock file\nnpm error Missing: @types/babel__generator@7.27.0 from lock file\nnpm error Missing: @types/babel__template@7.4.4 from lock file\nnpm error Missing: @types/babel__traverse@7.20.7 from lock file\nnpm error Missing: babel-plugin-jest-hoist@29.6.3 from lock file\nnpm error Missing: babel-preset-current-node-syntax@1.1.0 from lock file\nnpm error Missing: @babel/plugin-syntax-async-generators@7.8.4 from lock file\nnpm error Missing: @babel/plugin-syntax-bigint@7.8.3 from lock file\nnpm error Missing: @babel/plugin-syntax-class-properties@7.12.13 from lock file\nnpm error Missing: @babel/plugin-syntax-class-static-block@7.14.5 from lock file\nnpm error Missing: @babel/plugin-syntax-import-attributes@7.27.1 from lock file\nnpm error Missing: @babel/plugin-syntax-import-meta@7.10.4 from lock file\nnpm error Missing: @babel/plugin-syntax-json-strings@7.8.3 from lock file\nnpm error Missing: @babel/plugin-syntax-logical-assignment-operators@7.10.4 from lock file\nnpm error Missing: @babel/plugin-syntax-nullish-coalescing-operator@7.8.3 from lock file\nnpm error Missing: @babel/plugin-syntax-numeric-separator@7.10.4 from lock file\nnpm error Missing: @babel/plugin-syntax-object-rest-spread@7.8.3 from lock file\nnpm error Missing: @babel/plugin-syntax-optional-catch-binding@7.8.3 from lock file\nnpm error Missing: @babel/plugin-syntax-optional-chaining@7.8.3 from lock file\nnpm error Missing: @babel/plugin-syntax-private-property-in-object@7.14.5 from lock file\nnpm error Missing: @babel/plugin-syntax-top-level-await@7.14.5 from lock file\nnpm error Missing: @jest/environment@29.7.0 from lock file\nnpm error Missing: @jest/expect@29.7.0 from lock file\nnpm error Missing: co@4.6.0 from lock file\nnpm error Missing: dedent@1.6.0 from lock file\nnpm error Missing: is-generator-fn@2.1.0 from lock file\nnpm error Missing: jest-each@29.7.0 from lock file\nnpm error Missing: jest-matcher-utils@29.7.0 from lock file\nnpm error Missing: pure-rand@6.1.0 from lock file\nnpm error Missing: stack-utils@2.0.6 from lock file\nnpm error Missing: @jest/fake-timers@29.7.0 from lock file\nnpm error Missing: jest-mock@29.7.0 from lock file\nnpm error Missing: expect@29.7.0 from lock file\nnpm error Missing: @sinonjs/fake-timers@10.3.0 from lock file\nnpm error Missing: @sinonjs/commons@3.0.1 from lock file\nnpm error Missing: type-detect@4.0.8 from lock file\nnpm error Missing: @jest/expect-utils@29.7.0 from lock file\nnpm error Missing: @types/graceful-fs@4.1.9 from lock file\nnpm error Missing: anymatch@3.1.3 from lock file\nnpm error Missing: fb-watchman@2.0.2 from lock file\nnpm error Missing: fsevents@2.3.3 from lock file\nnpm error Missing: walker@1.0.8 from lock file\nnpm error Missing: normalize-path@3.0.0 from lock file\nnpm error Missing: picomatch@2.3.1 from lock file\nnpm error Missing: bser@2.1.1 from lock file\nnpm error Missing: node-int64@0.4.0 from lock file\nnpm error Missing: jest-diff@29.7.0 from lock file\nnpm error Missing: diff-sequences@29.6.3 from lock file\nnpm error Missing: @types/stack-utils@2.0.3 from lock file\nnpm error Missing: jest-pnp-resolver@1.2.3 from lock file\nnpm error Missing: resolve@1.22.10 from lock file\nnpm error Missing: resolve.exports@2.0.3 from lock file\nnpm error Missing: emittery@0.13.1 from lock file\nnpm error Missing: jest-docblock@29.7.0 from lock file\nnpm error Missing: jest-leak-detector@29.7.0 from lock file\nnpm error Missing: source-map-support@0.5.13 from lock file\nnpm error Missing: detect-newline@3.1.0 from lock file\nnpm error Missing: @jest/globals@29.7.0 from lock file\nnpm error Missing: @jest/source-map@29.6.3 from lock file\nnpm error Missing: cjs-module-lexer@1.4.3 from lock file\nnpm error Missing: strip-bom@4.0.0 from lock file\nnpm error Missing: callsites@3.1.0 from lock file\nnpm error Missing: @babel/plugin-syntax-jsx@7.27.1 from lock file\nnpm error Missing: @babel/plugin-syntax-typescript@7.27.1 from lock file\nnpm error Missing: natural-compare@1.4.0 from lock file\nnpm error Missing: camelcase@6.3.0 from lock file\nnpm error Missing: leven@3.1.0 from lock file\nnpm error Missing: supports-color@8.1.1 from lock file\nnpm error Missing: argparse@1.0.10 from lock file\nnpm error Missing: esprima@4.0.1 from lock file\nnpm error Missing: sprintf-js@1.0.3 from lock file\nnpm error Missing: p-locate@4.1.0 from lock file\nnpm error Missing: braces@3.0.3 from lock file\nnpm error Missing: fill-range@7.1.1 from lock file\nnpm error Missing: to-regex-range@5.0.1 from lock file\nnpm error Missing: brace-expansion@1.1.11 from lock file\nnpm error Missing: balanced-match@1.0.2 from lock file\nnpm error Missing: concat-map@0.0.1 from lock file\nnpm error Missing: mimic-fn@2.1.0 from lock file\nnpm error Missing: p-limit@2.3.0 from lock file\nnpm error Missing: error-ex@1.3.2 from lock file\nnpm error Missing: json-parse-even-better-errors@2.3.1 from lock file\nnpm error Missing: lines-and-columns@1.2.4 from lock file\nnpm error Missing: is-arrayish@0.2.1 from lock file\nnpm error Missing: ansi-styles@5.2.0 from lock file\nnpm error Missing: react-is@18.3.1 from lock file\nnpm error Missing: kleur@3.0.3 from lock file\nnpm error Missing: sisteransi@1.0.5 from lock file\nnpm error Missing: is-core-module@2.16.1 from lock file\nnpm error Missing: path-parse@1.0.7 from lock file\nnpm error Missing: supports-preserve-symlinks-flag@1.0.0 from lock file\nnpm error Missing: shebang-regex@3.0.0 from lock file\nnpm error Missing: buffer-from@1.1.2 from lock file\nnpm error Missing: escape-string-regexp@2.0.0 from lock file\nnpm error Missing: char-regex@1.0.2 from lock file\nnpm error Missing: has-flag@4.0.0 from lock file\nnpm error Missing: is-number@7.0.0 from lock file\nnpm error Missing: makeerror@1.0.12 from lock file\nnpm error Missing: tmpl@1.0.5 from lock file\nnpm error Missing: isexe@2.0.0 from lock file\nnpm error Missing: imurmurhash@0.1.4 from lock file\nnpm error Missing: ms@2.1.3 from lock file\nnpm error Missing: yallist@3.1.1 from lock file\nnpm error Missing: ms@2.1.3 from lock file\nnpm error Missing: semver@6.3.1 from lock file\nnpm error Missing: ms@2.1.3 from lock file\nnpm error Missing: p-try@2.2.0 from lock file\nnpm error\nnpm error Clean install a project\nnpm error\nnpm error Usage:\nnpm error npm ci\nnpm error\nnpm error Options:\nnpm error [--install-strategy <hoisted|nested|shallow|linked>] [--legacy-bundling]\nnpm error [--global-style] [--omit <dev|optional|peer> [--omit <dev|optional|peer> ...]]\nnpm error [--include <prod|dev|optional|peer> [--include <prod|dev|optional|peer> ...]]\nnpm error [--strict-peer-deps] [--foreground-scripts] [--ignore-scripts] [--no-audit]\nnpm error [--no-bin-links] [--no-fund] [--dry-run]\nnpm error [-w|--workspace <workspace-name> [-w|--workspace <workspace-name> ...]]\nnpm error [-ws|--workspaces] [--include-workspace-root] [--install-links]\nnpm error\nnpm error aliases: clean-install, ic, install-clean, isntall-clean\nnpm error\nnpm error Run \"npm help ci\" for more info\nnpm error A complete log of this run can be found in: /www-data-home/.npm/_logs/2025-05-22T20_59_42_028Z-debug-0.log. For more details see the logs at https://console.cloud.google.com/cloud-build/builds;region=us-central1/75ab740c-0f20-45cc-8762-328bfd776a6c?project=375896389326."
    },
    "status": 3,
    "code": 3
  }
}
[debug] [2025-05-22T21:00:16.626Z] Error: Failed to update function onHotmartWebhook in region us-central1
    at C:\Users\rafae\AppData\Roaming\npm\node_modules\firebase-tools\lib\deploy\functions\release\fabricator.js:399:19
    at process.processTicksAndRejections (node:internal/process/task_queues:105:5)
    at async Fabricator.updateV2Function (C:\Users\rafae\AppData\Roaming\npm\node_modules\firebase-tools\lib\deploy\functions\release\fabricator.js:388:32)
    at async Fabricator.updateEndpoint (C:\Users\rafae\AppData\Roaming\npm\node_modules\firebase-tools\lib\deploy\functions\release\fabricator.js:155:13)
    at async handle (C:\Users\rafae\AppData\Roaming\npm\node_modules\firebase-tools\lib\deploy\functions\release\fabricator.js:89:17)
[error] 
[error] Error: There was an error deploying functions
